<?xml version="1.0" encoding="UTF-8"?>
<coverage generated="1774815045973" clover="3.2.0">
  <project timestamp="1774815045973" name="All files">
    <metrics statements="580" coveredstatements="580" conditionals="417" coveredconditionals="411" methods="176" coveredmethods="176" elements="1173" coveredelements="1167" complexity="0" loc="580" ncloc="580" packages="7" files="23" classes="23"/>
    <package name="a-demain">
      <metrics statements="11" coveredstatements="11" conditionals="6" coveredconditionals="6" methods="5" coveredmethods="5"/>
      <file name="App.js" path="/Users/agenorhouessou/Documents/dev/ReactNative/Expo/a-demain/App.js">
        <metrics statements="11" coveredstatements="11" conditionals="6" coveredconditionals="6" methods="5" coveredmethods="5"/>
        <line num="26" count="1" type="stmt"/>
        <line num="27" count="1" type="stmt"/>
        <line num="31" count="5" type="stmt"/>
        <line num="32" count="5" type="stmt"/>
        <line num="34" count="19" type="stmt"/>
        <line num="37" count="19" type="stmt"/>
        <line num="38" count="19" type="cond" truecount="2" falsecount="0"/>
        <line num="39" count="16" type="stmt"/>
        <line num="102" count="5" type="stmt"/>
        <line num="103" count="5" type="stmt"/>
        <line num="106" count="5" type="stmt"/>
      </file>
    </package>
    <package name="a-demain.assets">
      <metrics statements="2" coveredstatements="2" conditionals="0" coveredconditionals="0" methods="0" coveredmethods="0"/>
      <file name="Flamme_A_demain.png" path="/Users/agenorhouessou/Documents/dev/ReactNative/Expo/a-demain/assets/Flamme_A_demain.png">
        <metrics statements="1" coveredstatements="1" conditionals="0" coveredconditionals="0" methods="0" coveredmethods="0"/>
        <line num="1" count="3" type="stmt"/>
      </file>
      <file name="Logo_Header.png" path="/Users/agenorhouessou/Documents/dev/ReactNative/Expo/a-demain/assets/Logo_Header.png">
        <metrics statements="1" coveredstatements="1" conditionals="0" coveredconditionals="0" methods="0" coveredmethods="0"/>
        <line num="1" count="4" type="stmt"/>
      </file>
    </package>
    <package name="a-demain.components">
      <metrics statements="81" coveredstatements="81" conditionals="57" coveredconditionals="56" methods="30" coveredmethods="30"/>
      <file name="AnimatedCheckbox.js" path="/Users/agenorhouessou/Documents/dev/ReactNative/Expo/a-demain/components/AnimatedCheckbox.js">
        <metrics statements="26" coveredstatements="26" conditionals="4" coveredconditionals="4" methods="11" coveredmethods="11"/>
        <line num="14" count="3" type="stmt"/>
        <line num="15" count="3" type="stmt"/>
        <line num="16" count="21" type="stmt"/>
        <line num="17" count="21" type="stmt"/>
        <line num="20" count="1372" type="stmt"/>
        <line num="24" count="98" type="stmt"/>
        <line num="25" count="98" type="stmt"/>
        <line num="27" count="98" type="stmt"/>
        <line num="28" count="92" type="cond" truecount="2" falsecount="0"/>
        <line num="29" count="13" type="stmt"/>
        <line num="30" count="13" type="stmt"/>
        <line num="32" count="13" type="stmt"/>
        <line num="33" count="13" type="stmt"/>
        <line num="38" count="98" type="stmt"/>
        <line num="39" count="581" type="stmt"/>
        <line num="45" count="98" type="stmt"/>
        <line num="46" count="196" type="stmt"/>
        <line num="47" count="1372" type="stmt"/>
        <line num="48" count="1372" type="stmt"/>
        <line num="49" count="8120" type="stmt"/>
        <line num="50" count="8120" type="stmt"/>
        <line num="57" count="8120" type="stmt"/>
        <line num="64" count="8120" type="stmt"/>
        <line num="77" count="1372" type="stmt"/>
        <line num="81" count="98" type="stmt"/>
        <line num="107" count="3" type="stmt"/>
      </file>
      <file name="CollapsedDeckPreview.js" path="/Users/agenorhouessou/Documents/dev/ReactNative/Expo/a-demain/components/CollapsedDeckPreview.js">
        <metrics statements="23" coveredstatements="23" conditionals="32" coveredconditionals="32" methods="4" coveredmethods="4"/>
        <line num="8" count="4" type="stmt"/>
        <line num="21" count="4" type="stmt"/>
        <line num="23" count="4" type="stmt"/>
        <line num="24" count="4" type="stmt"/>
        <line num="25" count="4" type="stmt"/>
        <line num="38" count="236" type="cond" truecount="4" falsecount="0"/>
        <line num="40" count="189" type="stmt"/>
        <line num="46" count="189" type="stmt"/>
        <line num="49" count="47" type="stmt"/>
        <line num="50" count="47" type="stmt"/>
        <line num="53" count="47" type="stmt"/>
        <line num="55" count="66" type="stmt"/>
        <line num="56" count="66" type="cond" truecount="2" falsecount="0"/>
        <line num="57" count="66" type="cond" truecount="2" falsecount="0"/>
        <line num="58" count="66" type="stmt"/>
        <line num="123" count="47" type="stmt"/>
        <line num="127" count="236" type="cond" truecount="2" falsecount="0"/>
        <line num="128" count="44" type="stmt"/>
        <line num="140" count="66" type="cond" truecount="2" falsecount="0"/>
        <line num="141" count="47" type="stmt"/>
        <line num="146" count="19" type="stmt"/>
        <line num="147" count="19" type="stmt"/>
        <line num="154" count="4" type="stmt"/>
      </file>
      <file name="TaskItem.js" path="/Users/agenorhouessou/Documents/dev/ReactNative/Expo/a-demain/components/TaskItem.js">
        <metrics statements="10" coveredstatements="10" conditionals="10" coveredconditionals="10" methods="7" coveredmethods="7"/>
        <line num="9" count="3" type="stmt"/>
        <line num="10" count="70" type="stmt"/>
        <line num="12" count="70" type="stmt"/>
        <line num="13" count="57" type="stmt"/>
        <line num="18" count="70" type="stmt"/>
        <line num="19" count="57" type="stmt"/>
        <line num="24" count="70" type="stmt"/>
        <line num="44" count="8" type="stmt"/>
        <line num="46" count="3" type="cond" truecount="2" falsecount="0"/>
        <line num="68" count="3" type="stmt"/>
      </file>
      <file name="TimePicker.js" path="/Users/agenorhouessou/Documents/dev/ReactNative/Expo/a-demain/components/TimePicker.js">
        <metrics statements="10" coveredstatements="10" conditionals="9" coveredconditionals="8" methods="3" coveredmethods="3"/>
        <line num="8" count="2" type="stmt"/>
        <line num="9" count="19" type="stmt"/>
        <line num="11" count="19" type="stmt"/>
        <line num="12" count="5" type="cond" truecount="2" falsecount="0"/>
        <line num="13" count="2" type="stmt"/>
        <line num="21" count="3" type="stmt"/>
        <line num="25" count="19" type="stmt"/>
        <line num="45" count="2" type="cond" truecount="2" falsecount="0"/>
        <line num="46" count="2" type="stmt"/>
        <line num="54" count="2" type="stmt"/>
      </file>
      <file name="TomorrowTaskItem.js" path="/Users/agenorhouessou/Documents/dev/ReactNative/Expo/a-demain/components/TomorrowTaskItem.js">
        <metrics statements="12" coveredstatements="12" conditionals="2" coveredconditionals="2" methods="5" coveredmethods="5"/>
        <line num="10" count="5" type="stmt"/>
        <line num="11" count="19" type="stmt"/>
        <line num="13" count="19" type="stmt"/>
        <line num="14" count="2" type="cond" truecount="2" falsecount="0"/>
        <line num="15" count="1" type="stmt"/>
        <line num="16" count="1" type="stmt"/>
        <line num="20" count="19" type="stmt"/>
        <line num="21" count="19" type="stmt"/>
        <line num="23" count="6" type="stmt"/>
        <line num="30" count="19" type="stmt"/>
        <line num="40" count="3" type="stmt"/>
        <line num="60" count="5" type="stmt"/>
      </file>
    </package>
    <package name="a-demain.i18n">
      <metrics statements="12" coveredstatements="12" conditionals="13" coveredconditionals="11" methods="3" coveredmethods="3"/>
      <file name="index.js" path="/Users/agenorhouessou/Documents/dev/ReactNative/Expo/a-demain/i18n/index.js">
        <metrics statements="12" coveredstatements="12" conditionals="13" coveredconditionals="11" methods="3" coveredmethods="3"/>
        <line num="4" count="17" type="stmt"/>
        <line num="7" count="3045" type="cond" truecount="1" falsecount="1"/>
        <line num="8" count="3045" type="cond" truecount="2" falsecount="0"/>
        <line num="15" count="3" type="stmt"/>
        <line num="24" count="3042" type="stmt"/>
        <line num="25" count="3042" type="cond" truecount="1" falsecount="1"/>
        <line num="26" count="3042" type="cond" truecount="3" falsecount="0"/>
        <line num="27" count="3042" type="cond" truecount="4" falsecount="0"/>
        <line num="28" count="20" type="stmt"/>
        <line num="29" count="20" type="stmt"/>
        <line num="32" count="3042" type="stmt"/>
        <line num="36" count="17" type="stmt"/>
      </file>
      <file name="translations.js" path="/Users/agenorhouessou/Documents/dev/ReactNative/Expo/a-demain/i18n/translations.js">
        <metrics statements="0" coveredstatements="0" conditionals="0" coveredconditionals="0" methods="0" coveredmethods="0"/>
      </file>
    </package>
    <package name="a-demain.i18n.locales">
      <metrics statements="0" coveredstatements="0" conditionals="0" coveredconditionals="0" methods="0" coveredmethods="0"/>
      <file name="en.js" path="/Users/agenorhouessou/Documents/dev/ReactNative/Expo/a-demain/i18n/locales/en.js">
        <metrics statements="0" coveredstatements="0" conditionals="0" coveredconditionals="0" methods="0" coveredmethods="0"/>
      </file>
      <file name="fr.js" path="/Users/agenorhouessou/Documents/dev/ReactNative/Expo/a-demain/i18n/locales/fr.js">
        <metrics statements="0" coveredstatements="0" conditionals="0" coveredconditionals="0" methods="0" coveredmethods="0"/>
      </file>
    </package>
    <package name="a-demain.screens">
      <metrics statements="286" coveredstatements="286" conditionals="188" coveredconditionals="185" methods="87" coveredmethods="87"/>
      <file name="HomeScreen.js" path="/Users/agenorhouessou/Documents/dev/ReactNative/Expo/a-demain/screens/HomeScreen.js">
        <metrics statements="153" coveredstatements="153" conditionals="109" coveredconditionals="109" methods="49" coveredmethods="49"/>
        <line num="40" count="3" type="stmt"/>
        <line num="41" count="223" type="stmt"/>
        <line num="42" count="223" type="stmt"/>
        <line num="43" count="223" type="stmt"/>
        <line num="45" count="223" type="stmt"/>
        <line num="46" count="223" type="stmt"/>
        <line num="47" count="223" type="stmt"/>
        <line num="48" count="223" type="stmt"/>
        <line num="49" count="223" type="stmt"/>
        <line num="50" count="223" type="stmt"/>
        <line num="51" count="223" type="stmt"/>
        <line num="53" count="223" type="stmt"/>
        <line num="54" count="37" type="stmt"/>
        <line num="55" count="37" type="cond" truecount="2" falsecount="0"/>
        <line num="56" count="34" type="stmt"/>
        <line num="57" count="34" type="cond" truecount="2" falsecount="0"/>
        <line num="58" count="33" type="stmt"/>
        <line num="62" count="4" type="stmt"/>
        <line num="63" count="4" type="stmt"/>
        <line num="65" count="4" type="stmt"/>
        <line num="124" count="4" type="stmt"/>
        <line num="126" count="4" type="stmt"/>
        <line num="129" count="223" type="stmt"/>
        <line num="130" count="92" type="stmt"/>
        <line num="131" count="92" type="stmt"/>
        <line num="132" count="92" type="stmt"/>
        <line num="133" count="142" type="cond" truecount="2" falsecount="0"/>
        <line num="136" count="92" type="stmt"/>
        <line num="137" count="92" type="stmt"/>
        <line num="138" count="92" type="stmt"/>
        <line num="139" count="142" type="cond" truecount="2" falsecount="0"/>
        <line num="142" count="92" type="stmt"/>
        <line num="143" count="92" type="stmt"/>
        <line num="145" count="92" type="stmt"/>
        <line num="146" count="92" type="stmt"/>
        <line num="147" count="92" type="stmt"/>
        <line num="155" count="92" type="stmt"/>
        <line num="158" count="223" type="stmt"/>
        <line num="159" count="6" type="stmt"/>
        <line num="160" count="6" type="cond" truecount="2" falsecount="0"/>
        <line num="162" count="6" type="stmt"/>
        <line num="163" count="9" type="cond" truecount="2" falsecount="0"/>
        <line num="164" count="5" type="cond" truecount="2" falsecount="0"/>
        <line num="165" count="5" type="stmt"/>
        <line num="167" count="4" type="stmt"/>
        <line num="170" count="6" type="cond" truecount="2" falsecount="0"/>
        <line num="171" count="5" type="stmt"/>
        <line num="174" count="6" type="stmt"/>
        <line num="175" count="6" type="stmt"/>
        <line num="176" count="6" type="stmt"/>
        <line num="179" count="223" type="stmt"/>
        <line num="180" count="5" type="stmt"/>
        <line num="181" count="5" type="cond" truecount="2" falsecount="0"/>
        <line num="182" count="5" type="stmt"/>
        <line num="190" count="5" type="cond" truecount="2" falsecount="0"/>
        <line num="192" count="3" type="stmt"/>
        <line num="194" count="3" type="cond" truecount="1" falsecount="0"/>
        <line num="195" count="3" type="stmt"/>
        <line num="197" count="3" type="stmt"/>
        <line num="200" count="223" type="stmt"/>
        <line num="201" count="3" type="stmt"/>
        <line num="202" count="3" type="cond" truecount="2" falsecount="0"/>
        <line num="203" count="3" type="stmt"/>
        <line num="204" count="3" type="cond" truecount="2" falsecount="0"/>
        <line num="205" count="1" type="stmt"/>
        <line num="207" count="3" type="stmt"/>
        <line num="208" count="3" type="stmt"/>
        <line num="210" count="3" type="stmt"/>
        <line num="213" count="223" type="stmt"/>
        <line num="214" count="3" type="stmt"/>
        <line num="215" count="3" type="cond" truecount="2" falsecount="0"/>
        <line num="216" count="3" type="stmt"/>
        <line num="218" count="3" type="cond" truecount="2" falsecount="0"/>
        <line num="219" count="1" type="stmt"/>
        <line num="222" count="3" type="stmt"/>
        <line num="223" count="3" type="stmt"/>
        <line num="224" count="3" type="stmt"/>
        <line num="227" count="223" type="stmt"/>
        <line num="228" count="3" type="stmt"/>
        <line num="229" count="3" type="stmt"/>
        <line num="230" count="3" type="stmt"/>
        <line num="234" count="223" type="cond" truecount="3" falsecount="0"/>
        <line num="235" count="127" type="stmt"/>
        <line num="236" count="22" type="cond" truecount="2" falsecount="0"/>
        <line num="238" count="223" type="stmt"/>
        <line num="239" count="79" type="stmt"/>
        <line num="240" count="79" type="stmt"/>
        <line num="241" count="79" type="stmt"/>
        <line num="244" count="223" type="stmt"/>
        <line num="245" count="223" type="stmt"/>
        <line num="247" count="223" type="cond" truecount="2" falsecount="0"/>
        <line num="249" count="223" type="cond" truecount="4" falsecount="0"/>
        <line num="251" count="179" type="stmt"/>
        <line num="253" count="223" type="stmt"/>
        <line num="254" count="135" type="stmt"/>
        <line num="257" count="7" type="cond" truecount="2" falsecount="0"/>
        <line num="258" count="6" type="stmt"/>
        <line num="262" count="7" type="cond" truecount="4" falsecount="0"/>
        <line num="263" count="5" type="stmt"/>
        <line num="266" count="4" type="cond" truecount="4" falsecount="0"/>
        <line num="269" count="2" type="cond" truecount="4" falsecount="0"/>
        <line num="270" count="1" type="stmt"/>
        <line num="275" count="223" type="stmt"/>
        <line num="276" count="17" type="stmt"/>
        <line num="279" count="1" type="stmt"/>
        <line num="283" count="223" type="stmt"/>
        <line num="284" count="37" type="stmt"/>
        <line num="287" count="223" type="stmt"/>
        <line num="288" count="37" type="stmt"/>
        <line num="289" count="37" type="cond" truecount="2" falsecount="0"/>
        <line num="290" count="36" type="stmt"/>
        <line num="291" count="36" type="stmt"/>
        <line num="295" count="223" type="stmt"/>
        <line num="296" count="89" type="stmt"/>
        <line num="297" count="69" type="stmt"/>
        <line num="298" count="69" type="stmt"/>
        <line num="299" count="69" type="stmt"/>
        <line num="305" count="89" type="stmt"/>
        <line num="308" count="223" type="stmt"/>
        <line num="309" count="37" type="stmt"/>
        <line num="310" count="37" type="stmt"/>
        <line num="311" count="37" type="stmt"/>
        <line num="314" count="37" type="stmt"/>
        <line num="321" count="223" type="stmt"/>
        <line num="322" count="72" type="stmt"/>
        <line num="323" count="72" type="stmt"/>
        <line num="326" count="72" type="cond" truecount="1" falsecount="0"/>
        <line num="327" count="44" type="stmt"/>
        <line num="331" count="72" type="stmt"/>
        <line num="334" count="223" type="stmt"/>
        <line num="335" count="48" type="stmt"/>
        <line num="336" count="48" type="stmt"/>
        <line num="339" count="48" type="cond" truecount="1" falsecount="0"/>
        <line num="340" count="40" type="stmt"/>
        <line num="344" count="48" type="stmt"/>
        <line num="347" count="223" type="stmt"/>
        <line num="348" count="38" type="stmt"/>
        <line num="350" count="1" type="cond" truecount="2" falsecount="0"/>
        <line num="363" count="223" type="stmt"/>
        <line num="364" count="42" type="cond" truecount="2" falsecount="0"/>
        <line num="365" count="5" type="stmt"/>
        <line num="369" count="223" type="stmt"/>
        <line num="407" count="1" type="stmt"/>
        <line num="444" count="5" type="cond" truecount="2" falsecount="0"/>
        <line num="482" count="135" type="stmt"/>
        <line num="492" count="1" type="stmt"/>
        <line num="507" count="1" type="cond" truecount="2" falsecount="0"/>
        <line num="508" count="1" type="stmt"/>
        <line num="539" count="1" type="stmt"/>
        <line num="557" count="17" type="stmt"/>
        <line num="567" count="1" type="stmt"/>
        <line num="585" count="1" type="stmt"/>
        <line num="600" count="3" type="stmt"/>
      </file>
      <file name="NewTaskScreen.js" path="/Users/agenorhouessou/Documents/dev/ReactNative/Expo/a-demain/screens/NewTaskScreen.js">
        <metrics statements="45" coveredstatements="45" conditionals="30" coveredconditionals="30" methods="6" coveredmethods="6"/>
        <line num="29" count="1" type="stmt"/>
        <line num="30" count="38" type="stmt"/>
        <line num="31" count="38" type="stmt"/>
        <line num="32" count="38" type="stmt"/>
        <line num="33" count="38" type="stmt"/>
        <line num="37" count="38" type="stmt"/>
        <line num="38" count="38" type="stmt"/>
        <line num="40" count="38" type="stmt"/>
        <line num="41" count="8" type="cond" truecount="2" falsecount="0"/>
        <line num="42" count="1" type="stmt"/>
        <line num="43" count="1" type="stmt"/>
        <line num="45" count="7" type="stmt"/>
        <line num="46" count="7" type="stmt"/>
        <line num="47" count="7" type="stmt"/>
        <line num="49" count="7" type="stmt"/>
        <line num="52" count="7" type="cond" truecount="2" falsecount="0"/>
        <line num="53" count="4" type="stmt"/>
        <line num="54" count="5" type="cond" truecount="2" falsecount="0"/>
        <line num="58" count="5" type="stmt"/>
        <line num="60" count="3" type="stmt"/>
        <line num="69" count="3" type="stmt"/>
        <line num="72" count="7" type="cond" truecount="2" falsecount="0"/>
        <line num="73" count="3" type="stmt"/>
        <line num="74" count="3" type="cond" truecount="2" falsecount="0"/>
        <line num="75" count="2" type="cond" truecount="2" falsecount="0"/>
        <line num="76" count="1" type="stmt"/>
        <line num="78" count="2" type="stmt"/>
        <line num="79" count="2" type="stmt"/>
        <line num="81" count="4" type="cond" truecount="2" falsecount="0"/>
        <line num="82" count="1" type="stmt"/>
        <line num="83" count="1" type="stmt"/>
        <line num="86" count="7" type="stmt"/>
        <line num="87" count="7" type="stmt"/>
        <line num="89" count="7" type="cond" truecount="2" falsecount="0"/>
        <line num="90" count="4" type="stmt"/>
        <line num="92" count="3" type="stmt"/>
        <line num="96" count="38" type="stmt"/>
        <line num="97" count="20" type="cond" truecount="2" falsecount="0"/>
        <line num="98" count="6" type="stmt"/>
        <line num="99" count="6" type="stmt"/>
        <line num="100" count="6" type="stmt"/>
        <line num="104" count="38" type="stmt"/>
        <line num="136" count="3" type="cond" truecount="2" falsecount="0"/>
        <line num="137" count="1" type="stmt"/>
        <line num="156" count="1" type="stmt"/>
      </file>
      <file name="PrivacyPolicyScreen.js" path="/Users/agenorhouessou/Documents/dev/ReactNative/Expo/a-demain/screens/PrivacyPolicyScreen.js">
        <metrics statements="8" coveredstatements="8" conditionals="2" coveredconditionals="2" methods="5" coveredmethods="5"/>
        <line num="14" count="1" type="stmt"/>
        <line num="15" count="10" type="stmt"/>
        <line num="16" count="3" type="stmt"/>
        <line num="17" count="1" type="stmt"/>
        <line num="21" count="10" type="stmt"/>
        <line num="51" count="2" type="stmt"/>
        <line num="71" count="1" type="stmt"/>
        <line num="88" count="1" type="stmt"/>
      </file>
      <file name="StatsScreen.js" path="/Users/agenorhouessou/Documents/dev/ReactNative/Expo/a-demain/screens/StatsScreen.js">
        <metrics statements="46" coveredstatements="46" conditionals="32" coveredconditionals="32" methods="14" coveredmethods="14"/>
        <line num="28" count="1" type="stmt"/>
        <line num="29" count="84" type="stmt"/>
        <line num="40" count="1" type="stmt"/>
        <line num="42" count="21" type="stmt"/>
        <line num="53" count="21" type="stmt"/>
        <line num="54" count="21" type="stmt"/>
        <line num="56" count="21" type="stmt"/>
        <line num="57" count="21" type="stmt"/>
        <line num="58" count="21" type="stmt"/>
        <line num="61" count="21" type="stmt"/>
        <line num="62" count="11" type="cond" truecount="2" falsecount="0"/>
        <line num="63" count="10" type="stmt"/>
        <line num="68" count="21" type="stmt"/>
        <line num="70" count="13" type="cond" truecount="2" falsecount="0"/>
        <line num="71" count="13" type="stmt"/>
        <line num="77" count="13" type="stmt"/>
        <line num="78" count="13" type="stmt"/>
        <line num="82" count="21" type="stmt"/>
        <line num="83" count="21" type="stmt"/>
        <line num="89" count="21" type="stmt"/>
        <line num="90" count="21" type="stmt"/>
        <line num="93" count="21" type="stmt"/>
        <line num="94" count="10" type="stmt"/>
        <line num="95" count="10" type="cond" truecount="2" falsecount="0"/>
        <line num="97" count="10" type="stmt"/>
        <line num="98" count="10" type="stmt"/>
        <line num="99" count="3" type="cond" truecount="3" falsecount="0"/>
        <line num="103" count="10" type="stmt"/>
        <line num="105" count="3" type="cond" truecount="3" falsecount="0"/>
        <line num="109" count="10" type="stmt"/>
        <line num="111" count="10" type="stmt"/>
        <line num="112" count="10" type="stmt"/>
        <line num="118" count="10" type="stmt"/>
        <line num="126" count="10" type="stmt"/>
        <line num="127" count="10" type="cond" truecount="2" falsecount="0"/>
        <line num="129" count="10" type="stmt"/>
        <line num="130" count="10" type="stmt"/>
        <line num="138" count="10" type="stmt"/>
        <line num="139" count="10" type="stmt"/>
        <line num="142" count="21" type="stmt"/>
        <line num="143" count="21" type="stmt"/>
        <line num="144" count="21" type="stmt"/>
        <line num="147" count="21" type="stmt"/>
        <line num="187" count="1" type="stmt"/>
        <line num="259" count="120" type="stmt"/>
        <line num="310" count="1" type="stmt"/>
      </file>
      <file name="TomorrowScreen.js" path="/Users/agenorhouessou/Documents/dev/ReactNative/Expo/a-demain/screens/TomorrowScreen.js">
        <metrics statements="34" coveredstatements="34" conditionals="15" coveredconditionals="12" methods="13" coveredmethods="13"/>
        <line num="20" count="1" type="stmt"/>
        <line num="21" count="16" type="stmt"/>
        <line num="23" count="16" type="stmt"/>
        <line num="24" count="7" type="stmt"/>
        <line num="27" count="16" type="stmt"/>
        <line num="28" count="16" type="stmt"/>
        <line num="29" count="16" type="cond" truecount="2" falsecount="0"/>
        <line num="31" count="16" type="stmt"/>
        <line num="32" count="16" type="stmt"/>
        <line num="34" count="16" type="stmt"/>
        <line num="36" count="8" type="cond" truecount="2" falsecount="0"/>
        <line num="38" count="16" type="stmt"/>
        <line num="41" count="16" type="stmt"/>
        <line num="42" count="8" type="stmt"/>
        <line num="49" count="16" type="stmt"/>
        <line num="50" count="2" type="stmt"/>
        <line num="51" count="2" type="cond" truecount="1" falsecount="1"/>
        <line num="53" count="2" type="stmt"/>
        <line num="55" count="2" type="cond" truecount="2" falsecount="0"/>
        <line num="56" count="1" type="stmt"/>
        <line num="60" count="2" type="stmt"/>
        <line num="61" count="2" type="stmt"/>
        <line num="64" count="2" type="stmt"/>
        <line num="67" count="16" type="stmt"/>
        <line num="68" count="4" type="stmt"/>
        <line num="71" count="1" type="stmt"/>
        <line num="75" count="16" type="stmt"/>
        <line num="77" count="16" type="stmt"/>
        <line num="78" count="7" type="cond" truecount="1" falsecount="1"/>
        <line num="79" count="7" type="stmt"/>
        <line num="83" count="16" type="stmt"/>
        <line num="96" count="8" type="stmt"/>
        <line num="109" count="1" type="stmt"/>
        <line num="120" count="1" type="stmt"/>
      </file>
    </package>
    <package name="a-demain.utils">
      <metrics statements="188" coveredstatements="188" conditionals="153" coveredconditionals="153" methods="51" coveredmethods="51"/>
      <file name="achievements.js" path="/Users/agenorhouessou/Documents/dev/ReactNative/Expo/a-demain/utils/achievements.js">
        <metrics statements="58" coveredstatements="58" conditionals="53" coveredconditionals="53" methods="26" coveredmethods="26"/>
        <line num="7" count="6" type="stmt"/>
        <line num="8" count="6" type="stmt"/>
        <line num="10" count="6" type="stmt"/>
        <line num="11" count="6" type="cond" truecount="3" falsecount="0"/>
        <line num="38" count="6" type="stmt"/>
        <line num="42" count="12" type="stmt"/>
        <line num="47" count="12" type="cond" truecount="2" falsecount="0"/>
        <line num="52" count="12" type="cond" truecount="2" falsecount="0"/>
        <line num="57" count="12" type="cond" truecount="2" falsecount="0"/>
        <line num="62" count="12" type="stmt"/>
        <line num="67" count="12" type="stmt"/>
        <line num="72" count="12" type="stmt"/>
        <line num="77" count="12" type="stmt"/>
        <line num="82" count="12" type="stmt"/>
        <line num="87" count="12" type="stmt"/>
        <line num="92" count="12" type="cond" truecount="2" falsecount="0"/>
        <line num="97" count="12" type="stmt"/>
        <line num="102" count="28" type="stmt"/>
        <line num="103" count="28" type="stmt"/>
        <line num="104" count="28" type="cond" truecount="2" falsecount="0"/>
        <line num="105" count="24" type="stmt"/>
        <line num="107" count="4" type="stmt"/>
        <line num="108" count="3" type="stmt"/>
        <line num="114" count="1" type="stmt"/>
        <line num="119" count="15" type="stmt"/>
        <line num="124" count="5" type="stmt"/>
        <line num="125" count="5" type="cond" truecount="2" falsecount="0"/>
        <line num="126" count="5" type="stmt"/>
        <line num="131" count="3" type="stmt"/>
        <line num="132" count="3" type="cond" truecount="2" falsecount="0"/>
        <line num="133" count="3" type="stmt"/>
        <line num="138" count="7" type="stmt"/>
        <line num="139" count="7" type="stmt"/>
        <line num="140" count="7" type="stmt"/>
        <line num="144" count="15" type="stmt"/>
        <line num="145" count="15" type="stmt"/>
        <line num="146" count="15" type="cond" truecount="2" falsecount="0"/>
        <line num="147" count="14" type="cond" truecount="2" falsecount="0"/>
        <line num="149" count="1" type="stmt"/>
        <line num="154" count="12" type="stmt"/>
        <line num="161" count="9" type="cond" truecount="2" falsecount="0"/>
        <line num="162" count="6" type="stmt"/>
        <line num="163" count="6" type="stmt"/>
        <line num="164" count="6" type="stmt"/>
        <line num="165" count="6" type="stmt"/>
        <line num="179" count="12" type="stmt"/>
        <line num="180" count="12" type="stmt"/>
        <line num="181" count="12" type="stmt"/>
        <line num="182" count="4" type="cond" truecount="3" falsecount="0"/>
        <line num="185" count="12" type="stmt"/>
        <line num="190" count="12" type="stmt"/>
        <line num="192" count="5" type="stmt"/>
        <line num="210" count="12" type="stmt"/>
        <line num="212" count="12" type="stmt"/>
        <line num="213" count="144" type="cond" truecount="4" falsecount="0"/>
        <line num="214" count="7" type="stmt"/>
        <line num="218" count="12" type="stmt"/>
        <line num="220" count="144" type="stmt"/>
      </file>
      <file name="applyHomeTaskStatus.js" path="/Users/agenorhouessou/Documents/dev/ReactNative/Expo/a-demain/utils/applyHomeTaskStatus.js">
        <metrics statements="13" coveredstatements="13" conditionals="8" coveredconditionals="8" methods="3" coveredmethods="3"/>
        <line num="13" count="11" type="stmt"/>
        <line num="14" count="10" type="cond" truecount="2" falsecount="0"/>
        <line num="16" count="8" type="cond" truecount="2" falsecount="0"/>
        <line num="17" count="6" type="stmt"/>
        <line num="18" count="6" type="stmt"/>
        <line num="19" count="6" type="stmt"/>
        <line num="21" count="6" type="cond" truecount="2" falsecount="0"/>
        <line num="22" count="2" type="stmt"/>
        <line num="23" count="2" type="stmt"/>
        <line num="27" count="2" type="stmt"/>
        <line num="30" count="6" type="stmt"/>
        <line num="37" count="2" type="stmt"/>
        <line num="40" count="11" type="cond" truecount="2" falsecount="0"/>
      </file>
      <file name="notificationHelper.js" path="/Users/agenorhouessou/Documents/dev/ReactNative/Expo/a-demain/utils/notificationHelper.js">
        <metrics statements="23" coveredstatements="23" conditionals="10" coveredconditionals="10" methods="4" coveredmethods="4"/>
        <line num="5" count="2" type="stmt"/>
        <line num="6" count="1" type="stmt"/>
        <line num="15" count="4" type="cond" truecount="2" falsecount="0"/>
        <line num="17" count="3" type="stmt"/>
        <line num="18" count="3" type="stmt"/>
        <line num="20" count="3" type="cond" truecount="2" falsecount="0"/>
        <line num="21" count="1" type="stmt"/>
        <line num="22" count="1" type="stmt"/>
        <line num="25" count="2" type="stmt"/>
        <line num="26" count="2" type="stmt"/>
        <line num="38" count="1" type="stmt"/>
        <line num="39" count="1" type="stmt"/>
        <line num="45" count="3" type="cond" truecount="2" falsecount="0"/>
        <line num="46" count="2" type="stmt"/>
        <line num="47" count="2" type="stmt"/>
        <line num="49" count="1" type="stmt"/>
        <line num="55" count="3" type="stmt"/>
        <line num="56" count="3" type="cond" truecount="2" falsecount="0"/>
        <line num="57" count="2" type="stmt"/>
        <line num="58" count="2" type="cond" truecount="2" falsecount="0"/>
        <line num="59" count="1" type="stmt"/>
        <line num="63" count="1" type="stmt"/>
        <line num="66" count="2" type="stmt"/>
      </file>
      <file name="storage.js" path="/Users/agenorhouessou/Documents/dev/ReactNative/Expo/a-demain/utils/storage.js">
        <metrics statements="70" coveredstatements="70" conditionals="55" coveredconditionals="55" methods="13" coveredmethods="13"/>
        <line num="5" count="6" type="stmt"/>
        <line num="6" count="287" type="cond" truecount="3" falsecount="0"/>
        <line num="10" count="6" type="stmt"/>
        <line num="11" count="199" type="stmt"/>
        <line num="12" count="199" type="stmt"/>
        <line num="13" count="256" type="cond" truecount="2" falsecount="0"/>
        <line num="14" count="255" type="stmt"/>
        <line num="15" count="255" type="cond" truecount="2" falsecount="0"/>
        <line num="16" count="255" type="stmt"/>
        <line num="18" count="199" type="stmt"/>
        <line num="21" count="6" type="stmt"/>
        <line num="22" count="196" type="stmt"/>
        <line num="23" count="251" type="stmt"/>
        <line num="24" count="251" type="cond" truecount="2" falsecount="0"/>
        <line num="26" count="196" type="cond" truecount="2" falsecount="0"/>
        <line num="28" count="196" type="stmt"/>
        <line num="30" count="196" type="stmt"/>
        <line num="33" count="196" type="stmt"/>
        <line num="34" count="160" type="stmt"/>
        <line num="37" count="196" type="stmt"/>
        <line num="38" count="196" type="stmt"/>
        <line num="39" count="196" type="stmt"/>
        <line num="41" count="196" type="stmt"/>
        <line num="42" count="11" type="stmt"/>
        <line num="44" count="11" type="stmt"/>
        <line num="46" count="11" type="cond" truecount="4" falsecount="0"/>
        <line num="51" count="11" type="cond" truecount="2" falsecount="0"/>
        <line num="52" count="9" type="stmt"/>
        <line num="53" count="9" type="cond" truecount="2" falsecount="0"/>
        <line num="57" count="1" type="stmt"/>
        <line num="59" count="8" type="stmt"/>
        <line num="61" count="9" type="stmt"/>
        <line num="62" count="9" type="stmt"/>
        <line num="64" count="2" type="stmt"/>
        <line num="65" count="2" type="stmt"/>
        <line num="70" count="196" type="cond" truecount="2" falsecount="0"/>
        <line num="71" count="196" type="cond" truecount="2" falsecount="0"/>
        <line num="74" count="158" type="cond" truecount="4" falsecount="0"/>
        <line num="79" count="23" type="stmt"/>
        <line num="80" count="23" type="cond" truecount="2" falsecount="0"/>
        <line num="84" count="2" type="stmt"/>
        <line num="86" count="21" type="stmt"/>
        <line num="88" count="23" type="stmt"/>
        <line num="91" count="196" type="stmt"/>
        <line num="101" count="6" type="stmt"/>
        <line num="102" count="2" type="stmt"/>
        <line num="103" count="2" type="stmt"/>
        <line num="110" count="2" type="cond" truecount="2" falsecount="0"/>
        <line num="113" count="6" type="stmt"/>
        <line num="114" count="181" type="stmt"/>
        <line num="115" count="181" type="cond" truecount="4" falsecount="0"/>
        <line num="116" count="168" type="stmt"/>
        <line num="117" count="168" type="stmt"/>
        <line num="118" count="167" type="cond" truecount="2" falsecount="0"/>
        <line num="120" count="1" type="stmt"/>
        <line num="124" count="6" type="stmt"/>
        <line num="125" count="41" type="stmt"/>
        <line num="128" count="41" type="cond" truecount="2" falsecount="0"/>
        <line num="131" count="38" type="stmt"/>
        <line num="132" count="38" type="stmt"/>
        <line num="134" count="2" type="stmt"/>
        <line num="136" count="36" type="cond" truecount="2" falsecount="0"/>
        <line num="138" count="34" type="stmt"/>
        <line num="139" count="34" type="stmt"/>
        <line num="141" count="34" type="stmt"/>
        <line num="142" count="39" type="stmt"/>
        <line num="143" count="39" type="cond" truecount="4" falsecount="0"/>
        <line num="144" count="1" type="stmt"/>
        <line num="146" count="38" type="stmt"/>
        <line num="149" count="34" type="stmt"/>
      </file>
      <file name="streak.js" path="/Users/agenorhouessou/Documents/dev/ReactNative/Expo/a-demain/utils/streak.js">
        <metrics statements="16" coveredstatements="16" conditionals="12" coveredconditionals="12" methods="4" coveredmethods="4"/>
        <line num="3" count="5" type="stmt"/>
        <line num="5" count="5" type="stmt"/>
        <line num="6" count="196" type="stmt"/>
        <line num="7" count="196" type="stmt"/>
        <line num="15" count="112" type="stmt"/>
        <line num="16" count="112" type="cond" truecount="2" falsecount="0"/>
        <line num="20" count="98" type="stmt"/>
        <line num="21" count="98" type="stmt"/>
        <line num="22" count="98" type="stmt"/>
        <line num="25" count="98" type="cond" truecount="2" falsecount="0"/>
        <line num="28" count="46" type="cond" truecount="2" falsecount="0"/>
        <line num="31" count="46" type="cond" truecount="2" falsecount="0"/>
        <line num="32" count="4" type="cond" truecount="2" falsecount="0"/>
        <line num="34" count="42" type="cond" truecount="2" falsecount="0"/>
        <line num="37" count="46" type="stmt"/>
        <line num="41" count="46" type="stmt"/>
      </file>
      <file name="tabBarIcons.js" path="/Users/agenorhouessou/Documents/dev/ReactNative/Expo/a-demain/utils/tabBarIcons.js">
        <metrics statements="8" coveredstatements="8" conditionals="15" coveredconditionals="15" methods="1" coveredmethods="1"/>
        <line num="11" count="24" type="stmt"/>
        <line num="13" count="24" type="cond" truecount="2" falsecount="0"/>
        <line num="14" count="8" type="cond" truecount="2" falsecount="0"/>
        <line num="16" count="16" type="cond" truecount="2" falsecount="0"/>
        <line num="17" count="8" type="cond" truecount="2" falsecount="0"/>
        <line num="19" count="8" type="cond" truecount="4" falsecount="0"/>
        <line num="20" count="6" type="cond" truecount="2" falsecount="0"/>
        <line num="22" count="2" type="stmt"/>
      </file>
    </package>
  </project>
</coverage>
