<?xml version="1.0" encoding="UTF-8"?>
<coverage generated="1774300048582" clover="3.2.0">
  <project timestamp="1774300048582" name="All files">
    <metrics statements="566" coveredstatements="566" conditionals="407" coveredconditionals="383" methods="173" coveredmethods="173" elements="1146" coveredelements="1122" complexity="0" loc="566" ncloc="566" packages="5" files="19" classes="19"/>
    <package name="a-demain">
      <metrics statements="11" coveredstatements="11" conditionals="6" coveredconditionals="6" methods="5" coveredmethods="5"/>
      <file name="App.js" path="/Users/agenorhouessou/Documents/dev/ReactNative/Expo/a-demain/App.js">
        <metrics statements="11" coveredstatements="11" conditionals="6" coveredconditionals="6" methods="5" coveredmethods="5"/>
        <line num="25" count="1" type="stmt"/>
        <line num="26" count="1" type="stmt"/>
        <line num="30" count="5" type="stmt"/>
        <line num="31" count="5" type="stmt"/>
        <line num="33" count="19" type="stmt"/>
        <line num="36" count="19" type="stmt"/>
        <line num="37" count="19" type="cond" truecount="2" falsecount="0"/>
        <line num="38" count="16" type="stmt"/>
        <line num="88" count="5" type="stmt"/>
        <line num="89" count="5" type="stmt"/>
        <line num="92" count="5" type="stmt"/>
      </file>
    </package>
    <package name="a-demain.assets">
      <metrics statements="2" coveredstatements="2" conditionals="0" coveredconditionals="0" methods="0" coveredmethods="0"/>
      <file name="Flamme_A_demain.png" path="/Users/agenorhouessou/Documents/dev/ReactNative/Expo/a-demain/assets/Flamme_A_demain.png">
        <metrics statements="1" coveredstatements="1" conditionals="0" coveredconditionals="0" methods="0" coveredmethods="0"/>
        <line num="1" count="2" type="stmt"/>
      </file>
      <file name="Logo_Header.png" path="/Users/agenorhouessou/Documents/dev/ReactNative/Expo/a-demain/assets/Logo_Header.png">
        <metrics statements="1" coveredstatements="1" conditionals="0" coveredconditionals="0" methods="0" coveredmethods="0"/>
        <line num="1" count="3" type="stmt"/>
      </file>
    </package>
    <package name="a-demain.components">
      <metrics statements="81" coveredstatements="81" conditionals="55" coveredconditionals="55" methods="30" coveredmethods="30"/>
      <file name="AnimatedCheckbox.js" path="/Users/agenorhouessou/Documents/dev/ReactNative/Expo/a-demain/components/AnimatedCheckbox.js">
        <metrics statements="26" coveredstatements="26" conditionals="4" coveredconditionals="4" methods="11" coveredmethods="11"/>
        <line num="14" count="1" type="stmt"/>
        <line num="15" count="1" type="stmt"/>
        <line num="16" count="7" type="stmt"/>
        <line num="17" count="7" type="stmt"/>
        <line num="20" count="1064" type="stmt"/>
        <line num="24" count="76" type="stmt"/>
        <line num="25" count="76" type="stmt"/>
        <line num="27" count="76" type="stmt"/>
        <line num="28" count="70" type="cond" truecount="2" falsecount="0"/>
        <line num="29" count="12" type="stmt"/>
        <line num="30" count="12" type="stmt"/>
        <line num="32" count="12" type="stmt"/>
        <line num="33" count="12" type="stmt"/>
        <line num="38" count="76" type="stmt"/>
        <line num="39" count="523" type="stmt"/>
        <line num="45" count="76" type="stmt"/>
        <line num="46" count="152" type="stmt"/>
        <line num="47" count="1064" type="stmt"/>
        <line num="48" count="1064" type="stmt"/>
        <line num="49" count="7322" type="stmt"/>
        <line num="50" count="7322" type="stmt"/>
        <line num="57" count="7322" type="stmt"/>
        <line num="64" count="7322" type="stmt"/>
        <line num="77" count="1064" type="stmt"/>
        <line num="81" count="76" type="stmt"/>
        <line num="107" count="1" type="stmt"/>
      </file>
      <file name="CollapsedDeckPreview.js" path="/Users/agenorhouessou/Documents/dev/ReactNative/Expo/a-demain/components/CollapsedDeckPreview.js">
        <metrics statements="23" coveredstatements="23" conditionals="32" coveredconditionals="32" methods="4" coveredmethods="4"/>
        <line num="8" count="2" type="stmt"/>
        <line num="21" count="2" type="stmt"/>
        <line num="23" count="2" type="stmt"/>
        <line num="24" count="2" type="stmt"/>
        <line num="25" count="2" type="stmt"/>
        <line num="38" count="168" type="cond" truecount="4" falsecount="0"/>
        <line num="40" count="133" type="stmt"/>
        <line num="46" count="133" type="stmt"/>
        <line num="49" count="35" type="stmt"/>
        <line num="50" count="35" type="stmt"/>
        <line num="53" count="35" type="stmt"/>
        <line num="55" count="51" type="stmt"/>
        <line num="56" count="51" type="cond" truecount="2" falsecount="0"/>
        <line num="57" count="51" type="cond" truecount="2" falsecount="0"/>
        <line num="58" count="51" type="stmt"/>
        <line num="123" count="35" type="stmt"/>
        <line num="127" count="168" type="cond" truecount="2" falsecount="0"/>
        <line num="128" count="32" type="stmt"/>
        <line num="140" count="51" type="cond" truecount="2" falsecount="0"/>
        <line num="141" count="35" type="stmt"/>
        <line num="146" count="16" type="stmt"/>
        <line num="147" count="16" type="stmt"/>
        <line num="154" count="2" type="stmt"/>
      </file>
      <file name="TaskItem.js" path="/Users/agenorhouessou/Documents/dev/ReactNative/Expo/a-demain/components/TaskItem.js">
        <metrics statements="10" coveredstatements="10" conditionals="10" coveredconditionals="10" methods="7" coveredmethods="7"/>
        <line num="9" count="2" type="stmt"/>
        <line num="10" count="58" type="stmt"/>
        <line num="12" count="58" type="stmt"/>
        <line num="13" count="45" type="stmt"/>
        <line num="18" count="58" type="stmt"/>
        <line num="19" count="45" type="stmt"/>
        <line num="24" count="58" type="stmt"/>
        <line num="44" count="7" type="stmt"/>
        <line num="46" count="3" type="cond" truecount="2" falsecount="0"/>
        <line num="68" count="2" type="stmt"/>
      </file>
      <file name="TimePicker.js" path="/Users/agenorhouessou/Documents/dev/ReactNative/Expo/a-demain/components/TimePicker.js">
        <metrics statements="10" coveredstatements="10" conditionals="7" coveredconditionals="7" methods="3" coveredmethods="3"/>
        <line num="6" count="2" type="stmt"/>
        <line num="7" count="15" type="stmt"/>
        <line num="9" count="15" type="stmt"/>
        <line num="10" count="5" type="cond" truecount="2" falsecount="0"/>
        <line num="11" count="2" type="stmt"/>
        <line num="19" count="3" type="stmt"/>
        <line num="23" count="15" type="stmt"/>
        <line num="38" count="2" type="cond" truecount="2" falsecount="0"/>
        <line num="39" count="2" type="stmt"/>
        <line num="47" count="2" type="stmt"/>
      </file>
      <file name="TomorrowTaskItem.js" path="/Users/agenorhouessou/Documents/dev/ReactNative/Expo/a-demain/components/TomorrowTaskItem.js">
        <metrics statements="12" coveredstatements="12" conditionals="2" coveredconditionals="2" methods="5" coveredmethods="5"/>
        <line num="10" count="3" type="stmt"/>
        <line num="11" count="17" type="stmt"/>
        <line num="13" count="17" type="stmt"/>
        <line num="14" count="2" type="cond" truecount="2" falsecount="0"/>
        <line num="15" count="1" type="stmt"/>
        <line num="16" count="1" type="stmt"/>
        <line num="20" count="17" type="stmt"/>
        <line num="21" count="17" type="stmt"/>
        <line num="23" count="5" type="stmt"/>
        <line num="30" count="17" type="stmt"/>
        <line num="40" count="3" type="stmt"/>
        <line num="60" count="3" type="stmt"/>
      </file>
    </package>
    <package name="a-demain.screens">
      <metrics statements="291" coveredstatements="291" conditionals="199" coveredconditionals="176" methods="87" coveredmethods="87"/>
      <file name="HomeScreen.js" path="/Users/agenorhouessou/Documents/dev/ReactNative/Expo/a-demain/screens/HomeScreen.js">
        <metrics statements="158" coveredstatements="158" conditionals="120" coveredconditionals="105" methods="49" coveredmethods="49"/>
        <line num="39" count="1" type="stmt"/>
        <line num="40" count="155" type="stmt"/>
        <line num="41" count="155" type="stmt"/>
        <line num="42" count="155" type="stmt"/>
        <line num="44" count="155" type="stmt"/>
        <line num="45" count="155" type="stmt"/>
        <line num="46" count="155" type="stmt"/>
        <line num="47" count="155" type="stmt"/>
        <line num="48" count="155" type="stmt"/>
        <line num="49" count="155" type="stmt"/>
        <line num="50" count="155" type="stmt"/>
        <line num="52" count="155" type="stmt"/>
        <line num="53" count="25" type="stmt"/>
        <line num="54" count="25" type="cond" truecount="2" falsecount="0"/>
        <line num="55" count="22" type="stmt"/>
        <line num="56" count="22" type="cond" truecount="1" falsecount="1"/>
        <line num="57" count="22" type="stmt"/>
        <line num="61" count="3" type="stmt"/>
        <line num="62" count="3" type="stmt"/>
        <line num="64" count="3" type="stmt"/>
        <line num="123" count="3" type="stmt"/>
        <line num="125" count="3" type="cond" truecount="1" falsecount="1"/>
        <line num="126" count="3" type="stmt"/>
        <line num="130" count="155" type="stmt"/>
        <line num="131" count="64" type="stmt"/>
        <line num="132" count="64" type="stmt"/>
        <line num="133" count="64" type="stmt"/>
        <line num="134" count="101" type="cond" truecount="2" falsecount="0"/>
        <line num="137" count="64" type="stmt"/>
        <line num="138" count="64" type="stmt"/>
        <line num="139" count="64" type="stmt"/>
        <line num="140" count="101" type="cond" truecount="2" falsecount="0"/>
        <line num="143" count="64" type="stmt"/>
        <line num="144" count="64" type="stmt"/>
        <line num="146" count="64" type="stmt"/>
        <line num="147" count="64" type="stmt"/>
        <line num="148" count="64" type="stmt"/>
        <line num="156" count="64" type="stmt"/>
        <line num="159" count="155" type="stmt"/>
        <line num="160" count="5" type="stmt"/>
        <line num="161" count="5" type="cond" truecount="1" falsecount="1"/>
        <line num="163" count="5" type="stmt"/>
        <line num="164" count="9" type="cond" truecount="2" falsecount="0"/>
        <line num="165" count="5" type="cond" truecount="2" falsecount="0"/>
        <line num="166" count="5" type="stmt"/>
        <line num="168" count="4" type="stmt"/>
        <line num="171" count="5" type="cond" truecount="2" falsecount="0"/>
        <line num="172" count="4" type="stmt"/>
        <line num="175" count="5" type="stmt"/>
        <line num="176" count="5" type="stmt"/>
        <line num="177" count="5" type="stmt"/>
        <line num="180" count="155" type="stmt"/>
        <line num="181" count="2" type="stmt"/>
        <line num="182" count="2" type="cond" truecount="1" falsecount="1"/>
        <line num="183" count="2" type="stmt"/>
        <line num="191" count="2" type="cond" truecount="1" falsecount="1"/>
        <line num="193" count="2" type="stmt"/>
        <line num="194" count="2" type="cond" truecount="1" falsecount="1"/>
        <line num="195" count="2" type="stmt"/>
        <line num="197" count="2" type="stmt"/>
        <line num="200" count="155" type="stmt"/>
        <line num="201" count="2" type="stmt"/>
        <line num="202" count="2" type="cond" truecount="1" falsecount="1"/>
        <line num="203" count="2" type="stmt"/>
        <line num="204" count="2" type="cond" truecount="2" falsecount="0"/>
        <line num="205" count="1" type="stmt"/>
        <line num="207" count="2" type="stmt"/>
        <line num="208" count="2" type="stmt"/>
        <line num="210" count="2" type="stmt"/>
        <line num="213" count="155" type="stmt"/>
        <line num="214" count="2" type="stmt"/>
        <line num="215" count="2" type="cond" truecount="1" falsecount="1"/>
        <line num="216" count="2" type="stmt"/>
        <line num="218" count="2" type="cond" truecount="2" falsecount="0"/>
        <line num="219" count="1" type="stmt"/>
        <line num="222" count="2" type="stmt"/>
        <line num="223" count="2" type="stmt"/>
        <line num="224" count="2" type="stmt"/>
        <line num="227" count="155" type="stmt"/>
        <line num="228" count="2" type="stmt"/>
        <line num="229" count="2" type="stmt"/>
        <line num="230" count="2" type="stmt"/>
        <line num="234" count="155" type="cond" truecount="3" falsecount="0"/>
        <line num="235" count="88" type="stmt"/>
        <line num="236" count="19" type="cond" truecount="2" falsecount="0"/>
        <line num="238" count="155" type="stmt"/>
        <line num="239" count="55" type="stmt"/>
        <line num="240" count="55" type="stmt"/>
        <line num="241" count="55" type="stmt"/>
        <line num="244" count="155" type="stmt"/>
        <line num="245" count="155" type="stmt"/>
        <line num="247" count="155" type="cond" truecount="2" falsecount="0"/>
        <line num="249" count="155" type="cond" truecount="4" falsecount="0"/>
        <line num="251" count="125" type="stmt"/>
        <line num="253" count="155" type="stmt"/>
        <line num="254" count="97" type="stmt"/>
        <line num="257" count="6" type="cond" truecount="2" falsecount="0"/>
        <line num="258" count="5" type="stmt"/>
        <line num="262" count="2" type="cond" truecount="3" falsecount="1"/>
        <line num="263" count="2" type="stmt"/>
        <line num="266" count="2" type="cond" truecount="3" falsecount="1"/>
        <line num="269" count="1" type="cond" truecount="3" falsecount="1"/>
        <line num="270" count="1" type="stmt"/>
        <line num="275" count="155" type="stmt"/>
        <line num="276" count="13" type="stmt"/>
        <line num="279" count="1" type="stmt"/>
        <line num="283" count="155" type="stmt"/>
        <line num="284" count="25" type="stmt"/>
        <line num="287" count="155" type="stmt"/>
        <line num="288" count="25" type="stmt"/>
        <line num="289" count="25" type="cond" truecount="1" falsecount="1"/>
        <line num="290" count="25" type="stmt"/>
        <line num="291" count="25" type="stmt"/>
        <line num="295" count="155" type="stmt"/>
        <line num="296" count="61" type="stmt"/>
        <line num="297" count="50" type="stmt"/>
        <line num="298" count="50" type="stmt"/>
        <line num="299" count="50" type="stmt"/>
        <line num="305" count="61" type="stmt"/>
        <line num="308" count="155" type="stmt"/>
        <line num="309" count="25" type="stmt"/>
        <line num="310" count="25" type="stmt"/>
        <line num="311" count="25" type="stmt"/>
        <line num="314" count="25" type="stmt"/>
        <line num="321" count="155" type="stmt"/>
        <line num="322" count="47" type="stmt"/>
        <line num="323" count="47" type="stmt"/>
        <line num="325" count="47" type="cond" truecount="2" falsecount="0"/>
        <line num="326" count="29" type="stmt"/>
        <line num="327" count="18" type="cond" truecount="1" falsecount="1"/>
        <line num="328" count="18" type="stmt"/>
        <line num="330" count="47" type="stmt"/>
        <line num="333" count="155" type="stmt"/>
        <line num="334" count="33" type="stmt"/>
        <line num="335" count="33" type="stmt"/>
        <line num="337" count="33" type="cond" truecount="2" falsecount="0"/>
        <line num="338" count="27" type="stmt"/>
        <line num="339" count="6" type="cond" truecount="1" falsecount="1"/>
        <line num="340" count="6" type="stmt"/>
        <line num="342" count="33" type="stmt"/>
        <line num="345" count="155" type="stmt"/>
        <line num="346" count="26" type="stmt"/>
        <line num="348" count="1" type="cond" truecount="2" falsecount="0"/>
        <line num="361" count="155" type="stmt"/>
        <line num="362" count="29" type="cond" truecount="2" falsecount="0"/>
        <line num="363" count="4" type="stmt"/>
        <line num="367" count="155" type="stmt"/>
        <line num="405" count="1" type="stmt"/>
        <line num="442" count="5" type="cond" truecount="2" falsecount="0"/>
        <line num="482" count="97" type="stmt"/>
        <line num="492" count="1" type="stmt"/>
        <line num="507" count="1" type="cond" truecount="2" falsecount="0"/>
        <line num="508" count="1" type="stmt"/>
        <line num="539" count="1" type="stmt"/>
        <line num="559" count="13" type="stmt"/>
        <line num="569" count="1" type="stmt"/>
        <line num="587" count="1" type="stmt"/>
        <line num="598" count="1" type="stmt"/>
      </file>
      <file name="NewTaskScreen.js" path="/Users/agenorhouessou/Documents/dev/ReactNative/Expo/a-demain/screens/NewTaskScreen.js">
        <metrics statements="44" coveredstatements="44" conditionals="30" coveredconditionals="27" methods="6" coveredmethods="6"/>
        <line num="28" count="1" type="stmt"/>
        <line num="29" count="27" type="stmt"/>
        <line num="30" count="27" type="stmt"/>
        <line num="31" count="27" type="stmt"/>
        <line num="32" count="27" type="stmt"/>
        <line num="36" count="27" type="stmt"/>
        <line num="37" count="27" type="stmt"/>
        <line num="39" count="27" type="stmt"/>
        <line num="40" count="6" type="cond" truecount="2" falsecount="0"/>
        <line num="41" count="1" type="stmt"/>
        <line num="42" count="1" type="stmt"/>
        <line num="44" count="5" type="stmt"/>
        <line num="45" count="5" type="stmt"/>
        <line num="46" count="5" type="stmt"/>
        <line num="48" count="5" type="stmt"/>
        <line num="51" count="5" type="cond" truecount="2" falsecount="0"/>
        <line num="52" count="3" type="stmt"/>
        <line num="53" count="3" type="cond" truecount="1" falsecount="1"/>
        <line num="57" count="3" type="stmt"/>
        <line num="59" count="2" type="stmt"/>
        <line num="68" count="2" type="stmt"/>
        <line num="71" count="5" type="cond" truecount="2" falsecount="0"/>
        <line num="72" count="2" type="stmt"/>
        <line num="73" count="2" type="cond" truecount="1" falsecount="1"/>
        <line num="74" count="2" type="cond" truecount="2" falsecount="0"/>
        <line num="75" count="1" type="stmt"/>
        <line num="77" count="2" type="stmt"/>
        <line num="78" count="2" type="stmt"/>
        <line num="80" count="3" type="cond" truecount="2" falsecount="0"/>
        <line num="81" count="1" type="stmt"/>
        <line num="82" count="1" type="stmt"/>
        <line num="85" count="5" type="stmt"/>
        <line num="86" count="5" type="stmt"/>
        <line num="88" count="5" type="cond" truecount="2" falsecount="0"/>
        <line num="89" count="3" type="stmt"/>
        <line num="91" count="2" type="stmt"/>
        <line num="95" count="27" type="stmt"/>
        <line num="96" count="16" type="cond" truecount="2" falsecount="0"/>
        <line num="97" count="4" type="stmt"/>
        <line num="98" count="4" type="stmt"/>
        <line num="99" count="4" type="stmt"/>
        <line num="103" count="27" type="stmt"/>
        <line num="136" count="1" type="cond" truecount="1" falsecount="1"/>
        <line num="155" count="1" type="stmt"/>
      </file>
      <file name="PrivacyPolicyScreen.js" path="/Users/agenorhouessou/Documents/dev/ReactNative/Expo/a-demain/screens/PrivacyPolicyScreen.js">
        <metrics statements="8" coveredstatements="8" conditionals="2" coveredconditionals="2" methods="5" coveredmethods="5"/>
        <line num="13" count="1" type="stmt"/>
        <line num="14" count="10" type="stmt"/>
        <line num="15" count="3" type="stmt"/>
        <line num="16" count="1" type="stmt"/>
        <line num="20" count="10" type="stmt"/>
        <line num="71" count="2" type="stmt"/>
        <line num="86" count="1" type="stmt"/>
        <line num="111" count="1" type="stmt"/>
      </file>
      <file name="StatsScreen.js" path="/Users/agenorhouessou/Documents/dev/ReactNative/Expo/a-demain/screens/StatsScreen.js">
        <metrics statements="47" coveredstatements="47" conditionals="32" coveredconditionals="30" methods="14" coveredmethods="14"/>
        <line num="27" count="1" type="stmt"/>
        <line num="28" count="72" type="stmt"/>
        <line num="39" count="1" type="stmt"/>
        <line num="41" count="18" type="stmt"/>
        <line num="52" count="18" type="stmt"/>
        <line num="53" count="18" type="stmt"/>
        <line num="55" count="18" type="stmt"/>
        <line num="56" count="18" type="stmt"/>
        <line num="57" count="18" type="stmt"/>
        <line num="60" count="18" type="stmt"/>
        <line num="61" count="9" type="cond" truecount="1" falsecount="1"/>
        <line num="62" count="9" type="stmt"/>
        <line num="67" count="18" type="stmt"/>
        <line num="69" count="11" type="cond" truecount="2" falsecount="0"/>
        <line num="70" count="11" type="stmt"/>
        <line num="76" count="11" type="stmt"/>
        <line num="77" count="11" type="stmt"/>
        <line num="81" count="18" type="stmt"/>
        <line num="82" count="18" type="stmt"/>
        <line num="88" count="18" type="stmt"/>
        <line num="89" count="18" type="stmt"/>
        <line num="92" count="18" type="stmt"/>
        <line num="93" count="9" type="stmt"/>
        <line num="94" count="9" type="cond" truecount="2" falsecount="0"/>
        <line num="96" count="9" type="stmt"/>
        <line num="97" count="9" type="stmt"/>
        <line num="98" count="3" type="cond" truecount="3" falsecount="0"/>
        <line num="102" count="9" type="stmt"/>
        <line num="104" count="3" type="cond" truecount="3" falsecount="0"/>
        <line num="108" count="9" type="stmt"/>
        <line num="110" count="9" type="stmt"/>
        <line num="111" count="9" type="stmt"/>
        <line num="117" count="9" type="stmt"/>
        <line num="125" count="9" type="stmt"/>
        <line num="126" count="9" type="cond" truecount="2" falsecount="0"/>
        <line num="128" count="9" type="stmt"/>
        <line num="129" count="9" type="stmt"/>
        <line num="137" count="9" type="stmt"/>
        <line num="138" count="9" type="stmt"/>
        <line num="141" count="18" type="stmt"/>
        <line num="142" count="18" type="stmt"/>
        <line num="164" count="18" type="stmt"/>
        <line num="165" count="18" type="stmt"/>
        <line num="168" count="18" type="stmt"/>
        <line num="200" count="1" type="stmt"/>
        <line num="268" count="108" type="stmt"/>
        <line num="319" count="1" type="stmt"/>
      </file>
      <file name="TomorrowScreen.js" path="/Users/agenorhouessou/Documents/dev/ReactNative/Expo/a-demain/screens/TomorrowScreen.js">
        <metrics statements="34" coveredstatements="34" conditionals="15" coveredconditionals="12" methods="13" coveredmethods="13"/>
        <line num="19" count="1" type="stmt"/>
        <line num="20" count="16" type="stmt"/>
        <line num="22" count="16" type="stmt"/>
        <line num="23" count="7" type="stmt"/>
        <line num="26" count="16" type="stmt"/>
        <line num="27" count="16" type="stmt"/>
        <line num="28" count="16" type="cond" truecount="2" falsecount="0"/>
        <line num="30" count="16" type="stmt"/>
        <line num="31" count="16" type="stmt"/>
        <line num="33" count="16" type="stmt"/>
        <line num="35" count="8" type="cond" truecount="2" falsecount="0"/>
        <line num="37" count="16" type="stmt"/>
        <line num="40" count="16" type="stmt"/>
        <line num="41" count="8" type="stmt"/>
        <line num="48" count="16" type="stmt"/>
        <line num="49" count="2" type="stmt"/>
        <line num="50" count="2" type="cond" truecount="1" falsecount="1"/>
        <line num="52" count="2" type="stmt"/>
        <line num="54" count="2" type="cond" truecount="2" falsecount="0"/>
        <line num="55" count="1" type="stmt"/>
        <line num="59" count="2" type="stmt"/>
        <line num="60" count="2" type="stmt"/>
        <line num="63" count="2" type="stmt"/>
        <line num="66" count="16" type="stmt"/>
        <line num="67" count="4" type="stmt"/>
        <line num="70" count="1" type="stmt"/>
        <line num="74" count="16" type="stmt"/>
        <line num="76" count="16" type="stmt"/>
        <line num="77" count="7" type="cond" truecount="1" falsecount="1"/>
        <line num="78" count="7" type="stmt"/>
        <line num="82" count="16" type="stmt"/>
        <line num="95" count="8" type="stmt"/>
        <line num="108" count="1" type="stmt"/>
        <line num="119" count="1" type="stmt"/>
      </file>
    </package>
    <package name="a-demain.utils">
      <metrics statements="181" coveredstatements="181" conditionals="147" coveredconditionals="146" methods="51" coveredmethods="51"/>
      <file name="achievements.js" path="/Users/agenorhouessou/Documents/dev/ReactNative/Expo/a-demain/utils/achievements.js">
        <metrics statements="58" coveredstatements="58" conditionals="53" coveredconditionals="53" methods="26" coveredmethods="26"/>
        <line num="6" count="4" type="stmt"/>
        <line num="7" count="4" type="stmt"/>
        <line num="9" count="4" type="stmt"/>
        <line num="10" count="6" type="cond" truecount="3" falsecount="0"/>
        <line num="37" count="4" type="stmt"/>
        <line num="43" count="11" type="stmt"/>
        <line num="50" count="11" type="cond" truecount="2" falsecount="0"/>
        <line num="57" count="11" type="cond" truecount="2" falsecount="0"/>
        <line num="64" count="11" type="cond" truecount="2" falsecount="0"/>
        <line num="71" count="11" type="stmt"/>
        <line num="78" count="11" type="stmt"/>
        <line num="85" count="11" type="stmt"/>
        <line num="92" count="11" type="stmt"/>
        <line num="99" count="11" type="stmt"/>
        <line num="106" count="11" type="stmt"/>
        <line num="113" count="11" type="cond" truecount="2" falsecount="0"/>
        <line num="120" count="11" type="stmt"/>
        <line num="125" count="23" type="stmt"/>
        <line num="126" count="23" type="stmt"/>
        <line num="127" count="23" type="cond" truecount="2" falsecount="0"/>
        <line num="128" count="19" type="stmt"/>
        <line num="130" count="4" type="stmt"/>
        <line num="131" count="3" type="stmt"/>
        <line num="137" count="1" type="stmt"/>
        <line num="142" count="11" type="stmt"/>
        <line num="147" count="4" type="stmt"/>
        <line num="148" count="4" type="cond" truecount="2" falsecount="0"/>
        <line num="149" count="4" type="stmt"/>
        <line num="154" count="2" type="stmt"/>
        <line num="155" count="2" type="cond" truecount="2" falsecount="0"/>
        <line num="156" count="2" type="stmt"/>
        <line num="161" count="5" type="stmt"/>
        <line num="162" count="5" type="stmt"/>
        <line num="163" count="5" type="stmt"/>
        <line num="167" count="14" type="stmt"/>
        <line num="168" count="14" type="stmt"/>
        <line num="169" count="14" type="cond" truecount="2" falsecount="0"/>
        <line num="170" count="13" type="cond" truecount="2" falsecount="0"/>
        <line num="172" count="1" type="stmt"/>
        <line num="177" count="11" type="stmt"/>
        <line num="184" count="9" type="cond" truecount="2" falsecount="0"/>
        <line num="185" count="6" type="stmt"/>
        <line num="186" count="6" type="stmt"/>
        <line num="187" count="6" type="stmt"/>
        <line num="188" count="6" type="stmt"/>
        <line num="202" count="11" type="stmt"/>
        <line num="203" count="11" type="stmt"/>
        <line num="204" count="11" type="stmt"/>
        <line num="205" count="4" type="cond" truecount="3" falsecount="0"/>
        <line num="208" count="11" type="stmt"/>
        <line num="213" count="11" type="stmt"/>
        <line num="215" count="5" type="stmt"/>
        <line num="233" count="11" type="stmt"/>
        <line num="235" count="11" type="stmt"/>
        <line num="236" count="132" type="cond" truecount="4" falsecount="0"/>
        <line num="237" count="7" type="stmt"/>
        <line num="241" count="11" type="stmt"/>
        <line num="243" count="132" type="stmt"/>
      </file>
      <file name="applyHomeTaskStatus.js" path="/Users/agenorhouessou/Documents/dev/ReactNative/Expo/a-demain/utils/applyHomeTaskStatus.js">
        <metrics statements="13" coveredstatements="13" conditionals="8" coveredconditionals="7" methods="3" coveredmethods="3"/>
        <line num="13" count="6" type="stmt"/>
        <line num="14" count="6" type="cond" truecount="2" falsecount="0"/>
        <line num="16" count="5" type="cond" truecount="2" falsecount="0"/>
        <line num="17" count="4" type="stmt"/>
        <line num="18" count="4" type="stmt"/>
        <line num="19" count="4" type="stmt"/>
        <line num="21" count="4" type="cond" truecount="2" falsecount="0"/>
        <line num="22" count="2" type="stmt"/>
        <line num="23" count="2" type="stmt"/>
        <line num="27" count="2" type="stmt"/>
        <line num="30" count="4" type="stmt"/>
        <line num="37" count="1" type="stmt"/>
        <line num="40" count="5" type="cond" truecount="1" falsecount="1"/>
      </file>
      <file name="notificationHelper.js" path="/Users/agenorhouessou/Documents/dev/ReactNative/Expo/a-demain/utils/notificationHelper.js">
        <metrics statements="23" coveredstatements="23" conditionals="10" coveredconditionals="10" methods="4" coveredmethods="4"/>
        <line num="4" count="1" type="stmt"/>
        <line num="5" count="1" type="stmt"/>
        <line num="14" count="4" type="cond" truecount="2" falsecount="0"/>
        <line num="16" count="3" type="stmt"/>
        <line num="17" count="3" type="stmt"/>
        <line num="19" count="3" type="cond" truecount="2" falsecount="0"/>
        <line num="20" count="1" type="stmt"/>
        <line num="21" count="1" type="stmt"/>
        <line num="24" count="2" type="stmt"/>
        <line num="25" count="2" type="stmt"/>
        <line num="37" count="1" type="stmt"/>
        <line num="38" count="1" type="stmt"/>
        <line num="44" count="3" type="cond" truecount="2" falsecount="0"/>
        <line num="45" count="2" type="stmt"/>
        <line num="46" count="2" type="stmt"/>
        <line num="48" count="1" type="stmt"/>
        <line num="54" count="3" type="stmt"/>
        <line num="55" count="3" type="cond" truecount="2" falsecount="0"/>
        <line num="56" count="2" type="stmt"/>
        <line num="57" count="2" type="cond" truecount="2" falsecount="0"/>
        <line num="58" count="1" type="stmt"/>
        <line num="62" count="1" type="stmt"/>
        <line num="65" count="2" type="stmt"/>
      </file>
      <file name="storage.js" path="/Users/agenorhouessou/Documents/dev/ReactNative/Expo/a-demain/utils/storage.js">
        <metrics statements="63" coveredstatements="63" conditionals="49" coveredconditionals="49" methods="13" coveredmethods="13"/>
        <line num="5" count="4" type="stmt"/>
        <line num="6" count="205" type="cond" truecount="3" falsecount="0"/>
        <line num="10" count="4" type="stmt"/>
        <line num="11" count="146" type="stmt"/>
        <line num="12" count="146" type="stmt"/>
        <line num="13" count="189" type="cond" truecount="2" falsecount="0"/>
        <line num="14" count="188" type="stmt"/>
        <line num="15" count="188" type="cond" truecount="2" falsecount="0"/>
        <line num="16" count="188" type="stmt"/>
        <line num="18" count="146" type="stmt"/>
        <line num="21" count="4" type="stmt"/>
        <line num="22" count="143" type="stmt"/>
        <line num="23" count="184" type="stmt"/>
        <line num="24" count="184" type="cond" truecount="2" falsecount="0"/>
        <line num="26" count="143" type="cond" truecount="2" falsecount="0"/>
        <line num="28" count="143" type="stmt"/>
        <line num="30" count="143" type="stmt"/>
        <line num="33" count="143" type="stmt"/>
        <line num="34" count="117" type="stmt"/>
        <line num="37" count="143" type="stmt"/>
        <line num="38" count="143" type="stmt"/>
        <line num="39" count="143" type="stmt"/>
        <line num="41" count="143" type="stmt"/>
        <line num="42" count="11" type="stmt"/>
        <line num="44" count="11" type="stmt"/>
        <line num="46" count="11" type="cond" truecount="4" falsecount="0"/>
        <line num="51" count="11" type="cond" truecount="2" falsecount="0"/>
        <line num="52" count="9" type="stmt"/>
        <line num="53" count="9" type="cond" truecount="2" falsecount="0"/>
        <line num="57" count="1" type="stmt"/>
        <line num="59" count="8" type="stmt"/>
        <line num="61" count="9" type="stmt"/>
        <line num="62" count="9" type="stmt"/>
        <line num="64" count="2" type="stmt"/>
        <line num="65" count="2" type="stmt"/>
        <line num="70" count="143" type="cond" truecount="2" falsecount="0"/>
        <line num="71" count="143" type="cond" truecount="2" falsecount="0"/>
        <line num="74" count="108" type="cond" truecount="4" falsecount="0"/>
        <line num="79" count="19" type="stmt"/>
        <line num="80" count="19" type="cond" truecount="2" falsecount="0"/>
        <line num="84" count="2" type="stmt"/>
        <line num="86" count="17" type="stmt"/>
        <line num="88" count="19" type="stmt"/>
        <line num="91" count="143" type="stmt"/>
        <line num="101" count="4" type="stmt"/>
        <line num="102" count="2" type="stmt"/>
        <line num="103" count="2" type="stmt"/>
        <line num="110" count="2" type="cond" truecount="2" falsecount="0"/>
        <line num="113" count="4" type="stmt"/>
        <line num="114" count="125" type="stmt"/>
        <line num="115" count="125" type="cond" truecount="2" falsecount="0"/>
        <line num="118" count="4" type="stmt"/>
        <line num="119" count="27" type="stmt"/>
        <line num="122" count="27" type="cond" truecount="2" falsecount="0"/>
        <line num="124" count="23" type="stmt"/>
        <line num="126" count="23" type="stmt"/>
        <line num="127" count="23" type="stmt"/>
        <line num="129" count="23" type="stmt"/>
        <line num="130" count="26" type="stmt"/>
        <line num="131" count="26" type="cond" truecount="4" falsecount="0"/>
        <line num="132" count="1" type="stmt"/>
        <line num="134" count="25" type="stmt"/>
        <line num="137" count="23" type="stmt"/>
      </file>
      <file name="streak.js" path="/Users/agenorhouessou/Documents/dev/ReactNative/Expo/a-demain/utils/streak.js">
        <metrics statements="16" coveredstatements="16" conditionals="12" coveredconditionals="12" methods="4" coveredmethods="4"/>
        <line num="3" count="3" type="stmt"/>
        <line num="5" count="3" type="stmt"/>
        <line num="6" count="140" type="stmt"/>
        <line num="7" count="140" type="stmt"/>
        <line num="15" count="83" type="stmt"/>
        <line num="16" count="83" type="cond" truecount="2" falsecount="0"/>
        <line num="20" count="70" type="stmt"/>
        <line num="21" count="70" type="stmt"/>
        <line num="22" count="70" type="stmt"/>
        <line num="25" count="70" type="cond" truecount="2" falsecount="0"/>
        <line num="28" count="34" type="cond" truecount="2" falsecount="0"/>
        <line num="31" count="34" type="cond" truecount="2" falsecount="0"/>
        <line num="32" count="4" type="cond" truecount="2" falsecount="0"/>
        <line num="34" count="30" type="cond" truecount="2" falsecount="0"/>
        <line num="37" count="34" type="stmt"/>
        <line num="41" count="34" type="stmt"/>
      </file>
      <file name="tabBarIcons.js" path="/Users/agenorhouessou/Documents/dev/ReactNative/Expo/a-demain/utils/tabBarIcons.js">
        <metrics statements="8" coveredstatements="8" conditionals="15" coveredconditionals="15" methods="1" coveredmethods="1"/>
        <line num="11" count="24" type="stmt"/>
        <line num="13" count="24" type="cond" truecount="2" falsecount="0"/>
        <line num="14" count="8" type="cond" truecount="2" falsecount="0"/>
        <line num="16" count="16" type="cond" truecount="2" falsecount="0"/>
        <line num="17" count="8" type="cond" truecount="2" falsecount="0"/>
        <line num="19" count="8" type="cond" truecount="4" falsecount="0"/>
        <line num="20" count="6" type="cond" truecount="2" falsecount="0"/>
        <line num="22" count="2" type="stmt"/>
      </file>
    </package>
  </project>
</coverage>
