{"/Users/agenorhouessou/Documents/dev/ReactNative/Expo/a-demain/App.js": {"path":"/Users/agenorhouessou/Documents/dev/ReactNative/Expo/a-demain/App.js","statementMap":{"0":{"start":{"line":26,"column":14},"end":{"line":26,"column":42}},"1":{"start":{"line":27,"column":12},"end":{"line":27,"column":38}},"2":{"start":{"line":31,"column":16},"end":{"line":31,"column":37}},"3":{"start":{"line":32,"column":2},"end":{"line":69,"column":4}},"4":{"start":{"line":34,"column":37},"end":{"line":49,"column":7}},"5":{"start":{"line":37,"column":27},"end":{"line":37,"column":65}},"6":{"start":{"line":38,"column":10},"end":{"line":38,"column":37}},"7":{"start":{"line":38,"column":25},"end":{"line":38,"column":37}},"8":{"start":{"line":39,"column":10},"end":{"line":45,"column":12}},"9":{"start":{"line":102,"column":2},"end":{"line":104,"column":9}},"10":{"start":{"line":103,"column":4},"end":{"line":103,"column":35}},"11":{"start":{"line":106,"column":2},"end":{"line":125,"column":4}}},"fnMap":{"0":{"name":"RootTabs","decl":{"start":{"line":30,"column":16},"end":{"line":30,"column":24}},"loc":{"start":{"line":30,"column":27},"end":{"line":70,"column":1}},"line":30},"1":{"name":"(anonymous_1)","decl":{"start":{"line":34,"column":21},"end":{"line":34,"column":22}},"loc":{"start":{"line":34,"column":37},"end":{"line":49,"column":7}},"line":34},"2":{"name":"(anonymous_2)","decl":{"start":{"line":36,"column":20},"end":{"line":36,"column":21}},"loc":{"start":{"line":36,"column":50},"end":{"line":46,"column":9}},"line":36},"3":{"name":"App","decl":{"start":{"line":72,"column":24},"end":{"line":72,"column":27}},"loc":{"start":{"line":72,"column":30},"end":{"line":126,"column":1}},"line":72},"4":{"name":"(anonymous_4)","decl":{"start":{"line":102,"column":12},"end":{"line":102,"column":13}},"loc":{"start":{"line":102,"column":18},"end":{"line":104,"column":3}},"line":102}},"branchMap":{"0":{"loc":{"start":{"line":38,"column":10},"end":{"line":38,"column":37}},"type":"if","locations":[{"start":{"line":38,"column":10},"end":{"line":38,"column":37}},{"start":{},"end":{}}],"line":38},"1":{"loc":{"start":{"line":43,"column":21},"end":{"line":43,"column":50}},"type":"cond-expr","locations":[{"start":{"line":43,"column":31},"end":{"line":43,"column":40}},{"start":{"line":43,"column":43},"end":{"line":43,"column":50}}],"line":43},"2":{"loc":{"start":{"line":61,"column":7},"end":{"line":67,"column":7}},"type":"binary-expr","locations":[{"start":{"line":61,"column":7},"end":{"line":61,"column":12}},{"start":{"line":62,"column":8},"end":{"line":66,"column":10}}],"line":61}},"s":{"0":1,"1":1,"2":5,"3":5,"4":19,"5":19,"6":19,"7":3,"8":16,"9":5,"10":5,"11":5},"f":{"0":5,"1":19,"2":19,"3":5,"4":5},"b":{"0":[3,16],"1":[6,10],"2":[5,4]},"_coverageSchema":"1a1c01bbd47fc00a2c39e90264f33305004495a9","hash":"ffdd460c852850e0221cb4139264b1def7c50538"}
,"/Users/agenorhouessou/Documents/dev/ReactNative/Expo/a-demain/assets/Flamme_A_demain.png": {"path":"/Users/agenorhouessou/Documents/dev/ReactNative/Expo/a-demain/assets/Flamme_A_demain.png","statementMap":{"0":{"start":{"line":1,"column":0},"end":{"line":4,"column":6}}},"fnMap":{},"branchMap":{},"s":{"0":3},"f":{},"b":{},"_coverageSchema":"1a1c01bbd47fc00a2c39e90264f33305004495a9","hash":"b5e32b9e31628fb452fc62fc95d53adb2f5552fb"}
,"/Users/agenorhouessou/Documents/dev/ReactNative/Expo/a-demain/assets/Logo_Header.png": {"path":"/Users/agenorhouessou/Documents/dev/ReactNative/Expo/a-demain/assets/Logo_Header.png","statementMap":{"0":{"start":{"line":1,"column":0},"end":{"line":4,"column":6}}},"fnMap":{},"branchMap":{},"s":{"0":4},"f":{},"b":{},"_coverageSchema":"1a1c01bbd47fc00a2c39e90264f33305004495a9","hash":"c5df9f88173f9de252745fc9263ff5a18b3fafb3"}
,"/Users/agenorhouessou/Documents/dev/ReactNative/Expo/a-demain/components/AnimatedCheckbox.js": {"path":"/Users/agenorhouessou/Documents/dev/ReactNative/Expo/a-demain/components/AnimatedCheckbox.js","statementMap":{"0":{"start":{"line":14,"column":23},"end":{"line":14,"column":24}},"1":{"start":{"line":15,"column":24},"end":{"line":15,"column":68}},"2":{"start":{"line":16,"column":15},"end":{"line":16,"column":91}},"3":{"start":{"line":16,"column":64},"end":{"line":16,"column":90}},"4":{"start":{"line":17,"column":24},"end":{"line":17,"column":107}},"5":{"start":{"line":17,"column":73},"end":{"line":17,"column":106}},"6":{"start":{"line":20,"column":4},"end":{"line":20,"column":59}},"7":{"start":{"line":24,"column":16},"end":{"line":24,"column":33}},"8":{"start":{"line":25,"column":18},"end":{"line":25,"column":35}},"9":{"start":{"line":27,"column":2},"end":{"line":36,"column":15}},"10":{"start":{"line":28,"column":4},"end":{"line":35,"column":5}},"11":{"start":{"line":29,"column":6},"end":{"line":31,"column":9}},"12":{"start":{"line":30,"column":8},"end":{"line":30,"column":36}},"13":{"start":{"line":32,"column":6},"end":{"line":34,"column":9}},"14":{"start":{"line":33,"column":8},"end":{"line":33,"column":26}},"15":{"start":{"line":38,"column":24},"end":{"line":43,"column":4}},"16":{"start":{"line":39,"column":4},"end":{"line":42,"column":6}},"17":{"start":{"line":45,"column":28},"end":{"line":79,"column":3}},"18":{"start":{"line":46,"column":4},"end":{"line":78,"column":7}},"19":{"start":{"line":47,"column":20},"end":{"line":47,"column":41}},"20":{"start":{"line":48,"column":28},"end":{"line":75,"column":8}},"21":{"start":{"line":49,"column":20},"end":{"line":49,"column":43}},"22":{"start":{"line":50,"column":25},"end":{"line":55,"column":9}},"23":{"start":{"line":57,"column":24},"end":{"line":62,"column":9}},"24":{"start":{"line":64,"column":8},"end":{"line":74,"column":10}},"25":{"start":{"line":77,"column":6},"end":{"line":77,"column":80}},"26":{"start":{"line":81,"column":2},"end":{"line":104,"column":4}},"27":{"start":{"line":107,"column":15},"end":{"line":147,"column":2}}},"fnMap":{"0":{"name":"(anonymous_0)","decl":{"start":{"line":16,"column":54},"end":{"line":16,"column":55}},"loc":{"start":{"line":16,"column":64},"end":{"line":16,"column":90}},"line":16},"1":{"name":"(anonymous_1)","decl":{"start":{"line":17,"column":63},"end":{"line":17,"column":64}},"loc":{"start":{"line":17,"column":73},"end":{"line":17,"column":106}},"line":17},"2":{"name":"getRandomColor","decl":{"start":{"line":19,"column":9},"end":{"line":19,"column":23}},"loc":{"start":{"line":19,"column":31},"end":{"line":21,"column":1}},"line":19},"3":{"name":"AnimatedCheckbox","decl":{"start":{"line":23,"column":24},"end":{"line":23,"column":40}},"loc":{"start":{"line":23,"column":53},"end":{"line":105,"column":1}},"line":23},"4":{"name":"(anonymous_4)","decl":{"start":{"line":27,"column":12},"end":{"line":27,"column":13}},"loc":{"start":{"line":27,"column":18},"end":{"line":36,"column":3}},"line":27},"5":{"name":"(anonymous_5)","decl":{"start":{"line":29,"column":40},"end":{"line":29,"column":41}},"loc":{"start":{"line":29,"column":46},"end":{"line":31,"column":7}},"line":29},"6":{"name":"(anonymous_6)","decl":{"start":{"line":32,"column":55},"end":{"line":32,"column":56}},"loc":{"start":{"line":32,"column":61},"end":{"line":34,"column":7}},"line":32},"7":{"name":"(anonymous_7)","decl":{"start":{"line":38,"column":41},"end":{"line":38,"column":42}},"loc":{"start":{"line":38,"column":47},"end":{"line":43,"column":3}},"line":38},"8":{"name":"(anonymous_8)","decl":{"start":{"line":45,"column":28},"end":{"line":45,"column":29}},"loc":{"start":{"line":45,"column":54},"end":{"line":79,"column":3}},"line":45},"9":{"name":"(anonymous_9)","decl":{"start":{"line":46,"column":22},"end":{"line":46,"column":23}},"loc":{"start":{"line":46,"column":40},"end":{"line":78,"column":5}},"line":46},"10":{"name":"(anonymous_10)","decl":{"start":{"line":48,"column":45},"end":{"line":48,"column":46}},"loc":{"start":{"line":48,"column":51},"end":{"line":75,"column":7}},"line":48}},"branchMap":{"0":{"loc":{"start":{"line":28,"column":4},"end":{"line":35,"column":5}},"type":"if","locations":[{"start":{"line":28,"column":4},"end":{"line":35,"column":5}},{"start":{},"end":{}}],"line":28},"1":{"loc":{"start":{"line":87,"column":11},"end":{"line":100,"column":11}},"type":"cond-expr","locations":[{"start":{"line":88,"column":12},"end":{"line":95,"column":29}},{"start":{"line":97,"column":12},"end":{"line":99,"column":19}}],"line":87}},"s":{"0":3,"1":3,"2":3,"3":21,"4":3,"5":21,"6":1372,"7":98,"8":98,"9":98,"10":92,"11":13,"12":13,"13":13,"14":13,"15":98,"16":581,"17":98,"18":196,"19":1372,"20":1372,"21":8120,"22":8120,"23":8120,"24":8120,"25":1372,"26":98,"27":3},"f":{"0":21,"1":21,"2":1372,"3":98,"4":92,"5":13,"6":13,"7":581,"8":196,"9":1372,"10":8120},"b":{"0":[13,79],"1":[16,82]},"_coverageSchema":"1a1c01bbd47fc00a2c39e90264f33305004495a9","hash":"17e5fcb261062e663a8f41e3121c8a53a73363a9"}
,"/Users/agenorhouessou/Documents/dev/ReactNative/Expo/a-demain/components/CollapsedDeckPreview.js": {"path":"/Users/agenorhouessou/Documents/dev/ReactNative/Expo/a-demain/components/CollapsedDeckPreview.js","statementMap":{"0":{"start":{"line":8,"column":13},"end":{"line":18,"column":1}},"1":{"start":{"line":21,"column":16},"end":{"line":21,"column":17}},"2":{"start":{"line":23,"column":26},"end":{"line":23,"column":27}},"3":{"start":{"line":24,"column":19},"end":{"line":24,"column":20}},"4":{"start":{"line":25,"column":20},"end":{"line":25,"column":22}},"5":{"start":{"line":38,"column":2},"end":{"line":47,"column":3}},"6":{"start":{"line":40,"column":6},"end":{"line":44,"column":13}},"7":{"start":{"line":46,"column":4},"end":{"line":46,"column":66}},"8":{"start":{"line":49,"column":16},"end":{"line":49,"column":42}},"9":{"start":{"line":50,"column":22},"end":{"line":50,"column":68}},"10":{"start":{"line":53,"column":4},"end":{"line":120,"column":11}},"11":{"start":{"line":55,"column":24},"end":{"line":55,"column":35}},"12":{"start":{"line":56,"column":28},"end":{"line":56,"column":73}},"13":{"start":{"line":57,"column":28},"end":{"line":57,"column":50}},"14":{"start":{"line":58,"column":8},"end":{"line":118,"column":10}},"15":{"start":{"line":123,"column":2},"end":{"line":123,"column":58}},"16":{"start":{"line":127,"column":2},"end":{"line":127,"column":28}},"17":{"start":{"line":127,"column":16},"end":{"line":127,"column":28}},"18":{"start":{"line":128,"column":2},"end":{"line":136,"column":4}},"19":{"start":{"line":140,"column":2},"end":{"line":145,"column":3}},"20":{"start":{"line":141,"column":4},"end":{"line":144,"column":6}},"21":{"start":{"line":146,"column":15},"end":{"line":146,"column":31}},"22":{"start":{"line":147,"column":2},"end":{"line":151,"column":4}},"23":{"start":{"line":154,"column":15},"end":{"line":250,"column":2}}},"fnMap":{"0":{"name":"CollapsedDeckPreview","decl":{"start":{"line":31,"column":24},"end":{"line":31,"column":44}},"loc":{"start":{"line":37,"column":3},"end":{"line":124,"column":1}},"line":37},"1":{"name":"(anonymous_1)","decl":{"start":{"line":54,"column":17},"end":{"line":54,"column":18}},"loc":{"start":{"line":54,"column":34},"end":{"line":119,"column":7}},"line":54},"2":{"name":"wrapPressable","decl":{"start":{"line":126,"column":9},"end":{"line":126,"column":22}},"loc":{"start":{"line":126,"column":58},"end":{"line":137,"column":1}},"line":126},"3":{"name":"cardLayerShadow","decl":{"start":{"line":139,"column":9},"end":{"line":139,"column":24}},"loc":{"start":{"line":139,"column":32},"end":{"line":152,"column":1}},"line":139}},"branchMap":{"0":{"loc":{"start":{"line":34,"column":2},"end":{"line":34,"column":22}},"type":"default-arg","locations":[{"start":{"line":34,"column":12},"end":{"line":34,"column":22}}],"line":34},"1":{"loc":{"start":{"line":36,"column":2},"end":{"line":36,"column":43}},"type":"default-arg","locations":[{"start":{"line":36,"column":23},"end":{"line":36,"column":43}}],"line":36},"2":{"loc":{"start":{"line":38,"column":2},"end":{"line":47,"column":3}},"type":"if","locations":[{"start":{"line":38,"column":2},"end":{"line":47,"column":3}},{"start":{},"end":{}}],"line":38},"3":{"loc":{"start":{"line":38,"column":6},"end":{"line":38,"column":34}},"type":"binary-expr","locations":[{"start":{"line":38,"column":6},"end":{"line":38,"column":12}},{"start":{"line":38,"column":16},"end":{"line":38,"column":34}}],"line":38},"4":{"loc":{"start":{"line":56,"column":28},"end":{"line":56,"column":73}},"type":"binary-expr","locations":[{"start":{"line":56,"column":28},"end":{"line":56,"column":47}},{"start":{"line":56,"column":51},"end":{"line":56,"column":73}}],"line":56},"5":{"loc":{"start":{"line":57,"column":28},"end":{"line":57,"column":50}},"type":"binary-expr","locations":[{"start":{"line":57,"column":28},"end":{"line":57,"column":35}},{"start":{"line":57,"column":39},"end":{"line":57,"column":50}}],"line":57},"6":{"loc":{"start":{"line":63,"column":14},"end":{"line":63,"column":45}},"type":"binary-expr","locations":[{"start":{"line":63,"column":14},"end":{"line":63,"column":25}},{"start":{"line":63,"column":29},"end":{"line":63,"column":45}}],"line":63},"7":{"loc":{"start":{"line":69,"column":33},"end":{"line":73,"column":33}},"type":"cond-expr","locations":[{"start":{"line":70,"column":20},"end":{"line":70,"column":29}},{"start":{"line":71,"column":20},"end":{"line":73,"column":33}}],"line":69},"8":{"loc":{"start":{"line":71,"column":20},"end":{"line":73,"column":33}},"type":"cond-expr","locations":[{"start":{"line":72,"column":22},"end":{"line":72,"column":29}},{"start":{"line":73,"column":22},"end":{"line":73,"column":33}}],"line":71},"9":{"loc":{"start":{"line":74,"column":29},"end":{"line":78,"column":31}},"type":"cond-expr","locations":[{"start":{"line":75,"column":20},"end":{"line":75,"column":29}},{"start":{"line":76,"column":20},"end":{"line":78,"column":31}}],"line":74},"10":{"loc":{"start":{"line":76,"column":20},"end":{"line":78,"column":31}},"type":"cond-expr","locations":[{"start":{"line":77,"column":22},"end":{"line":77,"column":33}},{"start":{"line":78,"column":22},"end":{"line":78,"column":31}}],"line":76},"11":{"loc":{"start":{"line":83,"column":13},"end":{"line":116,"column":13}},"type":"cond-expr","locations":[{"start":{"line":84,"column":14},"end":{"line":111,"column":21}},{"start":{"line":113,"column":14},"end":{"line":115,"column":21}}],"line":83},"12":{"loc":{"start":{"line":85,"column":17},"end":{"line":96,"column":17}},"type":"cond-expr","locations":[{"start":{"line":86,"column":18},"end":{"line":93,"column":35}},{"start":{"line":95,"column":18},"end":{"line":95,"column":59}}],"line":85},"13":{"loc":{"start":{"line":98,"column":48},"end":{"line":98,"column":87}},"type":"binary-expr","locations":[{"start":{"line":98,"column":48},"end":{"line":98,"column":59}},{"start":{"line":98,"column":63},"end":{"line":98,"column":87}}],"line":98},"14":{"loc":{"start":{"line":104,"column":17},"end":{"line":110,"column":24}},"type":"cond-expr","locations":[{"start":{"line":105,"column":18},"end":{"line":109,"column":25}},{"start":{"line":110,"column":20},"end":{"line":110,"column":24}}],"line":104},"15":{"loc":{"start":{"line":127,"column":2},"end":{"line":127,"column":28}},"type":"if","locations":[{"start":{"line":127,"column":2},"end":{"line":127,"column":28}},{"start":{},"end":{}}],"line":127},"16":{"loc":{"start":{"line":140,"column":2},"end":{"line":145,"column":3}},"type":"if","locations":[{"start":{"line":140,"column":2},"end":{"line":145,"column":3}},{"start":{},"end":{}}],"line":140}},"s":{"0":4,"1":4,"2":4,"3":4,"4":4,"5":236,"6":189,"7":189,"8":47,"9":47,"10":47,"11":66,"12":66,"13":66,"14":66,"15":47,"16":236,"17":192,"18":44,"19":66,"20":47,"21":19,"22":19,"23":4},"f":{"0":236,"1":66,"2":236,"3":66},"b":{"0":[6],"1":[9],"2":[189,47],"3":[236,235],"4":[66,56],"5":[66,47],"6":[66,7],"7":[7,59],"8":[42,17],"9":[7,59],"10":[42,17],"11":[47,19],"12":[10,37],"13":[47,5],"14":[5,42],"15":[192,44],"16":[47,19]},"_coverageSchema":"1a1c01bbd47fc00a2c39e90264f33305004495a9","hash":"13921596306ac03e06d54ebd5404d9a59c4010d8"}
,"/Users/agenorhouessou/Documents/dev/ReactNative/Expo/a-demain/components/TaskItem.js": {"path":"/Users/agenorhouessou/Documents/dev/ReactNative/Expo/a-demain/components/TaskItem.js","statementMap":{"0":{"start":{"line":9,"column":17},"end":{"line":64,"column":1}},"1":{"start":{"line":10,"column":23},"end":{"line":10,"column":35}},"2":{"start":{"line":12,"column":28},"end":{"line":16,"column":3}},"3":{"start":{"line":13,"column":4},"end":{"line":15,"column":17}},"4":{"start":{"line":13,"column":57},"end":{"line":13,"column":71}},"5":{"start":{"line":18,"column":29},"end":{"line":22,"column":3}},"6":{"start":{"line":19,"column":4},"end":{"line":21,"column":17}},"7":{"start":{"line":19,"column":58},"end":{"line":19,"column":72}},"8":{"start":{"line":24,"column":2},"end":{"line":63,"column":4}},"9":{"start":{"line":44,"column":27},"end":{"line":44,"column":39}},"10":{"start":{"line":46,"column":14},"end":{"line":46,"column":55}},"11":{"start":{"line":46,"column":42},"end":{"line":46,"column":55}},"12":{"start":{"line":68,"column":15},"end":{"line":135,"column":2}}},"fnMap":{"0":{"name":"(anonymous_0)","decl":{"start":{"line":9,"column":17},"end":{"line":9,"column":18}},"loc":{"start":{"line":9,"column":67},"end":{"line":64,"column":1}},"line":9},"1":{"name":"(anonymous_1)","decl":{"start":{"line":12,"column":28},"end":{"line":12,"column":29}},"loc":{"start":{"line":13,"column":4},"end":{"line":15,"column":17}},"line":13},"2":{"name":"(anonymous_2)","decl":{"start":{"line":13,"column":51},"end":{"line":13,"column":52}},"loc":{"start":{"line":13,"column":57},"end":{"line":13,"column":71}},"line":13},"3":{"name":"(anonymous_3)","decl":{"start":{"line":18,"column":29},"end":{"line":18,"column":30}},"loc":{"start":{"line":19,"column":4},"end":{"line":21,"column":17}},"line":19},"4":{"name":"(anonymous_4)","decl":{"start":{"line":19,"column":52},"end":{"line":19,"column":53}},"loc":{"start":{"line":19,"column":58},"end":{"line":19,"column":72}},"line":19},"5":{"name":"(anonymous_5)","decl":{"start":{"line":44,"column":21},"end":{"line":44,"column":22}},"loc":{"start":{"line":44,"column":27},"end":{"line":44,"column":39}},"line":44},"6":{"name":"(anonymous_6)","decl":{"start":{"line":45,"column":25},"end":{"line":45,"column":26}},"loc":{"start":{"line":45,"column":31},"end":{"line":47,"column":13}},"line":45}},"branchMap":{"0":{"loc":{"start":{"line":29,"column":10},"end":{"line":29,"column":64}},"type":"cond-expr","locations":[{"start":{"line":29,"column":35},"end":{"line":29,"column":52}},{"start":{"line":29,"column":55},"end":{"line":29,"column":64}}],"line":29},"1":{"loc":{"start":{"line":32,"column":10},"end":{"line":32,"column":65}},"type":"cond-expr","locations":[{"start":{"line":32,"column":35},"end":{"line":32,"column":53}},{"start":{"line":32,"column":56},"end":{"line":32,"column":65}}],"line":32},"2":{"loc":{"start":{"line":39,"column":12},"end":{"line":39,"column":57}},"type":"binary-expr","locations":[{"start":{"line":39,"column":12},"end":{"line":39,"column":34}},{"start":{"line":39,"column":38},"end":{"line":39,"column":57}}],"line":39},"3":{"loc":{"start":{"line":46,"column":14},"end":{"line":46,"column":55}},"type":"if","locations":[{"start":{"line":46,"column":14},"end":{"line":46,"column":55}},{"start":{},"end":{}}],"line":46},"4":{"loc":{"start":{"line":54,"column":16},"end":{"line":54,"column":61}},"type":"binary-expr","locations":[{"start":{"line":54,"column":16},"end":{"line":54,"column":38}},{"start":{"line":54,"column":42},"end":{"line":54,"column":61}}],"line":54}},"s":{"0":3,"1":70,"2":70,"3":57,"4":5,"5":70,"6":57,"7":3,"8":70,"9":8,"10":3,"11":2,"12":3},"f":{"0":70,"1":57,"2":5,"3":57,"4":3,"5":8,"6":3},"b":{"0":[57,13],"1":[57,13],"2":[70,13],"3":[2,1],"4":[70,13]},"_coverageSchema":"1a1c01bbd47fc00a2c39e90264f33305004495a9","hash":"4ee5e4e6934c25548bf39b5e88b6cdf715f9d477"}
,"/Users/agenorhouessou/Documents/dev/ReactNative/Expo/a-demain/components/TimePicker.js": {"path":"/Users/agenorhouessou/Documents/dev/ReactNative/Expo/a-demain/components/TimePicker.js","statementMap":{"0":{"start":{"line":8,"column":19},"end":{"line":52,"column":1}},"1":{"start":{"line":9,"column":44},"end":{"line":9,"column":59}},"2":{"start":{"line":11,"column":21},"end":{"line":23,"column":3}},"3":{"start":{"line":12,"column":4},"end":{"line":22,"column":5}},"4":{"start":{"line":13,"column":6},"end":{"line":19,"column":9}},"5":{"start":{"line":21,"column":6},"end":{"line":21,"column":29}},"6":{"start":{"line":25,"column":2},"end":{"line":51,"column":4}},"7":{"start":{"line":45,"column":12},"end":{"line":45,"column":60}},"8":{"start":{"line":45,"column":30},"end":{"line":45,"column":60}},"9":{"start":{"line":46,"column":12},"end":{"line":46,"column":36}},"10":{"start":{"line":54,"column":15},"end":{"line":73,"column":2}}},"fnMap":{"0":{"name":"(anonymous_0)","decl":{"start":{"line":8,"column":19},"end":{"line":8,"column":20}},"loc":{"start":{"line":8,"column":44},"end":{"line":52,"column":1}},"line":8},"1":{"name":"(anonymous_1)","decl":{"start":{"line":11,"column":21},"end":{"line":11,"column":22}},"loc":{"start":{"line":11,"column":27},"end":{"line":23,"column":3}},"line":11},"2":{"name":"(anonymous_2)","decl":{"start":{"line":44,"column":20},"end":{"line":44,"column":21}},"loc":{"start":{"line":44,"column":45},"end":{"line":47,"column":11}},"line":44}},"branchMap":{"0":{"loc":{"start":{"line":12,"column":4},"end":{"line":22,"column":5}},"type":"if","locations":[{"start":{"line":12,"column":4},"end":{"line":22,"column":5}},{"start":{"line":20,"column":11},"end":{"line":22,"column":5}}],"line":12},"1":{"loc":{"start":{"line":31,"column":14},"end":{"line":31,"column":66}},"type":"binary-expr","locations":[{"start":{"line":31,"column":14},"end":{"line":31,"column":55}},{"start":{"line":31,"column":59},"end":{"line":31,"column":66}}],"line":31},"2":{"loc":{"start":{"line":38,"column":7},"end":{"line":49,"column":7}},"type":"binary-expr","locations":[{"start":{"line":38,"column":7},"end":{"line":38,"column":28}},{"start":{"line":38,"column":32},"end":{"line":38,"column":45}},{"start":{"line":39,"column":8},"end":{"line":48,"column":10}}],"line":38},"3":{"loc":{"start":{"line":45,"column":12},"end":{"line":45,"column":60}},"type":"if","locations":[{"start":{"line":45,"column":12},"end":{"line":45,"column":60}},{"start":{},"end":{}}],"line":45}},"s":{"0":2,"1":19,"2":19,"3":5,"4":2,"5":3,"6":19,"7":2,"8":1,"9":2,"10":2},"f":{"0":19,"1":5,"2":2},"b":{"0":[2,3],"1":[19,0],"2":[19,17,3],"3":[1,1]},"_coverageSchema":"1a1c01bbd47fc00a2c39e90264f33305004495a9","hash":"4c098d8767dc025f96bf8632e73c3364e952d033"}
,"/Users/agenorhouessou/Documents/dev/ReactNative/Expo/a-demain/components/TomorrowTaskItem.js": {"path":"/Users/agenorhouessou/Documents/dev/ReactNative/Expo/a-demain/components/TomorrowTaskItem.js","statementMap":{"0":{"start":{"line":10,"column":25},"end":{"line":56,"column":1}},"1":{"start":{"line":11,"column":23},"end":{"line":11,"column":35}},"2":{"start":{"line":13,"column":26},"end":{"line":18,"column":3}},"3":{"start":{"line":14,"column":4},"end":{"line":17,"column":5}},"4":{"start":{"line":15,"column":6},"end":{"line":15,"column":24}},"5":{"start":{"line":16,"column":6},"end":{"line":16,"column":36}},"6":{"start":{"line":20,"column":29},"end":{"line":28,"column":3}},"7":{"start":{"line":21,"column":4},"end":{"line":27,"column":17}},"8":{"start":{"line":23,"column":21},"end":{"line":23,"column":38}},"9":{"start":{"line":30,"column":2},"end":{"line":55,"column":4}},"10":{"start":{"line":40,"column":31},"end":{"line":40,"column":43}},"11":{"start":{"line":60,"column":15},"end":{"line":105,"column":2}}},"fnMap":{"0":{"name":"(anonymous_0)","decl":{"start":{"line":10,"column":25},"end":{"line":10,"column":26}},"loc":{"start":{"line":10,"column":57},"end":{"line":56,"column":1}},"line":10},"1":{"name":"(anonymous_1)","decl":{"start":{"line":13,"column":26},"end":{"line":13,"column":27}},"loc":{"start":{"line":13,"column":41},"end":{"line":18,"column":3}},"line":13},"2":{"name":"(anonymous_2)","decl":{"start":{"line":20,"column":29},"end":{"line":20,"column":30}},"loc":{"start":{"line":21,"column":4},"end":{"line":27,"column":17}},"line":21},"3":{"name":"(anonymous_3)","decl":{"start":{"line":23,"column":15},"end":{"line":23,"column":16}},"loc":{"start":{"line":23,"column":21},"end":{"line":23,"column":38}},"line":23},"4":{"name":"(anonymous_4)","decl":{"start":{"line":40,"column":25},"end":{"line":40,"column":26}},"loc":{"start":{"line":40,"column":31},"end":{"line":40,"column":43}},"line":40}},"branchMap":{"0":{"loc":{"start":{"line":14,"column":4},"end":{"line":17,"column":5}},"type":"if","locations":[{"start":{"line":14,"column":4},"end":{"line":17,"column":5}},{"start":{},"end":{}}],"line":14}},"s":{"0":5,"1":19,"2":19,"3":2,"4":1,"5":1,"6":19,"7":19,"8":6,"9":19,"10":3,"11":5},"f":{"0":19,"1":2,"2":19,"3":6,"4":3},"b":{"0":[1,1]},"_coverageSchema":"1a1c01bbd47fc00a2c39e90264f33305004495a9","hash":"8e7c054ee309791fa63dca54c627793564ba9fea"}
,"/Users/agenorhouessou/Documents/dev/ReactNative/Expo/a-demain/i18n/index.js": {"path":"/Users/agenorhouessou/Documents/dev/ReactNative/Expo/a-demain/i18n/index.js","statementMap":{"0":{"start":{"line":4,"column":14},"end":{"line":4,"column":24}},"1":{"start":{"line":7,"column":15},"end":{"line":7,"column":65}},"2":{"start":{"line":8,"column":2},"end":{"line":8,"column":37}},"3":{"start":{"line":15,"column":2},"end":{"line":15,"column":23}},"4":{"start":{"line":24,"column":15},"end":{"line":24,"column":28}},"5":{"start":{"line":25,"column":15},"end":{"line":25,"column":38}},"6":{"start":{"line":26,"column":10},"end":{"line":26,"column":43}},"7":{"start":{"line":27,"column":2},"end":{"line":31,"column":3}},"8":{"start":{"line":28,"column":4},"end":{"line":30,"column":5}},"9":{"start":{"line":29,"column":6},"end":{"line":29,"column":44}},"10":{"start":{"line":32,"column":2},"end":{"line":32,"column":11}},"11":{"start":{"line":36,"column":40},"end":{"line":36,"column":42}}},"fnMap":{"0":{"name":"resolveLang","decl":{"start":{"line":6,"column":9},"end":{"line":6,"column":20}},"loc":{"start":{"line":6,"column":23},"end":{"line":9,"column":1}},"line":6},"1":{"name":"getAppLanguage","decl":{"start":{"line":14,"column":16},"end":{"line":14,"column":30}},"loc":{"start":{"line":14,"column":33},"end":{"line":16,"column":1}},"line":14},"2":{"name":"t","decl":{"start":{"line":23,"column":16},"end":{"line":23,"column":17}},"loc":{"start":{"line":23,"column":31},"end":{"line":33,"column":1}},"line":23}},"branchMap":{"0":{"loc":{"start":{"line":7,"column":15},"end":{"line":7,"column":65}},"type":"binary-expr","locations":[{"start":{"line":7,"column":15},"end":{"line":7,"column":57}},{"start":{"line":7,"column":61},"end":{"line":7,"column":65}}],"line":7},"1":{"loc":{"start":{"line":8,"column":9},"end":{"line":8,"column":36}},"type":"cond-expr","locations":[{"start":{"line":8,"column":25},"end":{"line":8,"column":29}},{"start":{"line":8,"column":32},"end":{"line":8,"column":36}}],"line":8},"2":{"loc":{"start":{"line":25,"column":15},"end":{"line":25,"column":38}},"type":"binary-expr","locations":[{"start":{"line":25,"column":15},"end":{"line":25,"column":26}},{"start":{"line":25,"column":30},"end":{"line":25,"column":38}}],"line":25},"3":{"loc":{"start":{"line":26,"column":10},"end":{"line":26,"column":43}},"type":"binary-expr","locations":[{"start":{"line":26,"column":10},"end":{"line":26,"column":19}},{"start":{"line":26,"column":23},"end":{"line":26,"column":36}},{"start":{"line":26,"column":40},"end":{"line":26,"column":43}}],"line":26},"4":{"loc":{"start":{"line":27,"column":2},"end":{"line":31,"column":3}},"type":"if","locations":[{"start":{"line":27,"column":2},"end":{"line":31,"column":3}},{"start":{},"end":{}}],"line":27},"5":{"loc":{"start":{"line":27,"column":6},"end":{"line":27,"column":37}},"type":"binary-expr","locations":[{"start":{"line":27,"column":6},"end":{"line":27,"column":12}},{"start":{"line":27,"column":16},"end":{"line":27,"column":37}}],"line":27}},"s":{"0":17,"1":3045,"2":3045,"3":3,"4":3042,"5":3042,"6":3042,"7":3042,"8":20,"9":20,"10":3042,"11":17},"f":{"0":3045,"1":3,"2":3042},"b":{"0":[3045,0],"1":[9,3036],"2":[3042,0],"3":[3042,1,1],"4":[20,3022],"5":[3042,20]},"_coverageSchema":"1a1c01bbd47fc00a2c39e90264f33305004495a9","hash":"72884d2a4417b1c1bb2fd15690383d83420b6c4e"}
,"/Users/agenorhouessou/Documents/dev/ReactNative/Expo/a-demain/i18n/translations.js": {"path":"/Users/agenorhouessou/Documents/dev/ReactNative/Expo/a-demain/i18n/translations.js","statementMap":{},"fnMap":{},"branchMap":{},"s":{},"f":{},"b":{},"_coverageSchema":"1a1c01bbd47fc00a2c39e90264f33305004495a9","hash":"ededfd8ddbab72226a4a506b4fcdab37e327fffb"}
,"/Users/agenorhouessou/Documents/dev/ReactNative/Expo/a-demain/i18n/locales/en.js": {"path":"/Users/agenorhouessou/Documents/dev/ReactNative/Expo/a-demain/i18n/locales/en.js","statementMap":{},"fnMap":{},"branchMap":{},"s":{},"f":{},"b":{},"_coverageSchema":"1a1c01bbd47fc00a2c39e90264f33305004495a9","hash":"5400c4766a58b9d9ef25738633a720045ccb41da"}
,"/Users/agenorhouessou/Documents/dev/ReactNative/Expo/a-demain/i18n/locales/fr.js": {"path":"/Users/agenorhouessou/Documents/dev/ReactNative/Expo/a-demain/i18n/locales/fr.js","statementMap":{},"fnMap":{},"branchMap":{},"s":{},"f":{},"b":{},"_coverageSchema":"1a1c01bbd47fc00a2c39e90264f33305004495a9","hash":"ed28fb6c26ad7434c5b5e93f8702e4605e41f166"}
,"/Users/agenorhouessou/Documents/dev/ReactNative/Expo/a-demain/screens/HomeScreen.js": {"path":"/Users/agenorhouessou/Documents/dev/ReactNative/Expo/a-demain/screens/HomeScreen.js","statementMap":{"0":{"start":{"line":40,"column":19},"end":{"line":592,"column":1}},"1":{"start":{"line":41,"column":28},"end":{"line":41,"column":40}},"2":{"start":{"line":42,"column":44},"end":{"line":42,"column":56}},"3":{"start":{"line":43,"column":44},"end":{"line":43,"column":59}},"4":{"start":{"line":45,"column":50},"end":{"line":45,"column":64}},"5":{"start":{"line":46,"column":56},"end":{"line":46,"column":70}},"6":{"start":{"line":47,"column":28},"end":{"line":47,"column":45}},"7":{"start":{"line":48,"column":31},"end":{"line":48,"column":48}},"8":{"start":{"line":49,"column":20},"end":{"line":49,"column":34}},"9":{"start":{"line":50,"column":44},"end":{"line":50,"column":55}},"10":{"start":{"line":51,"column":30},"end":{"line":51,"column":41}},"11":{"start":{"line":53,"column":30},"end":{"line":127,"column":3}},"12":{"start":{"line":54,"column":21},"end":{"line":54,"column":56}},"13":{"start":{"line":55,"column":4},"end":{"line":60,"column":5}},"14":{"start":{"line":56,"column":21},"end":{"line":56,"column":41}},"15":{"start":{"line":57,"column":6},"end":{"line":59,"column":7}},"16":{"start":{"line":58,"column":8},"end":{"line":58,"column":15}},"17":{"start":{"line":62,"column":16},"end":{"line":62,"column":26}},"18":{"start":{"line":63,"column":18},"end":{"line":63,"column":52}},"19":{"start":{"line":65,"column":26},"end":{"line":122,"column":5}},"20":{"start":{"line":124,"column":4},"end":{"line":124,"column":71}},"21":{"start":{"line":126,"column":4},"end":{"line":126,"column":19}},"22":{"start":{"line":129,"column":20},"end":{"line":156,"column":3}},"23":{"start":{"line":130,"column":22},"end":{"line":130,"column":44}},"24":{"start":{"line":131,"column":18},"end":{"line":131,"column":28}},"25":{"start":{"line":132,"column":23},"end":{"line":134,"column":5}},"26":{"start":{"line":133,"column":13},"end":{"line":133,"column":78}},"27":{"start":{"line":136,"column":20},"end":{"line":136,"column":30}},"28":{"start":{"line":137,"column":4},"end":{"line":137,"column":41}},"29":{"start":{"line":138,"column":16},"end":{"line":140,"column":5}},"30":{"start":{"line":139,"column":13},"end":{"line":139,"column":80}},"31":{"start":{"line":142,"column":4},"end":{"line":142,"column":25}},"32":{"start":{"line":143,"column":4},"end":{"line":143,"column":26}},"33":{"start":{"line":145,"column":18},"end":{"line":145,"column":41}},"34":{"start":{"line":146,"column":4},"end":{"line":146,"column":42}},"35":{"start":{"line":147,"column":4},"end":{"line":153,"column":6}},"36":{"start":{"line":155,"column":4},"end":{"line":155,"column":41}},"37":{"start":{"line":158,"column":25},"end":{"line":177,"column":3}},"38":{"start":{"line":159,"column":19},"end":{"line":159,"column":54}},"39":{"start":{"line":160,"column":21},"end":{"line":160,"column":53}},"40":{"start":{"line":162,"column":20},"end":{"line":168,"column":6}},"41":{"start":{"line":163,"column":6},"end":{"line":166,"column":7}},"42":{"start":{"line":164,"column":26},"end":{"line":164,"column":66}},"43":{"start":{"line":165,"column":8},"end":{"line":165,"column":43}},"44":{"start":{"line":167,"column":6},"end":{"line":167,"column":15}},"45":{"start":{"line":170,"column":4},"end":{"line":172,"column":5}},"46":{"start":{"line":171,"column":6},"end":{"line":171,"column":38}},"47":{"start":{"line":174,"column":4},"end":{"line":174,"column":65}},"48":{"start":{"line":175,"column":4},"end":{"line":175,"column":16}},"49":{"start":{"line":176,"column":4},"end":{"line":176,"column":17}},"50":{"start":{"line":179,"column":27},"end":{"line":198,"column":3}},"51":{"start":{"line":180,"column":19},"end":{"line":180,"column":54}},"52":{"start":{"line":181,"column":21},"end":{"line":181,"column":53}},"53":{"start":{"line":182,"column":22},"end":{"line":189,"column":6}},"54":{"start":{"line":190,"column":4},"end":{"line":190,"column":27}},"55":{"start":{"line":190,"column":20},"end":{"line":190,"column":27}},"56":{"start":{"line":192,"column":4},"end":{"line":192,"column":67}},"57":{"start":{"line":194,"column":4},"end":{"line":196,"column":5}},"58":{"start":{"line":195,"column":6},"end":{"line":195,"column":31}},"59":{"start":{"line":197,"column":4},"end":{"line":197,"column":16}},"60":{"start":{"line":200,"column":21},"end":{"line":211,"column":3}},"61":{"start":{"line":201,"column":19},"end":{"line":201,"column":54}},"62":{"start":{"line":202,"column":19},"end":{"line":202,"column":51}},"63":{"start":{"line":203,"column":17},"end":{"line":203,"column":50}},"64":{"start":{"line":203,"column":38},"end":{"line":203,"column":49}},"65":{"start":{"line":204,"column":4},"end":{"line":206,"column":5}},"66":{"start":{"line":205,"column":6},"end":{"line":205,"column":56}},"67":{"start":{"line":207,"column":21},"end":{"line":207,"column":56}},"68":{"start":{"line":207,"column":44},"end":{"line":207,"column":55}},"69":{"start":{"line":208,"column":4},"end":{"line":208,"column":66}},"70":{"start":{"line":210,"column":4},"end":{"line":210,"column":16}},"71":{"start":{"line":213,"column":29},"end":{"line":225,"column":3}},"72":{"start":{"line":214,"column":19},"end":{"line":214,"column":54}},"73":{"start":{"line":215,"column":19},"end":{"line":215,"column":51}},"74":{"start":{"line":216,"column":17},"end":{"line":216,"column":54}},"75":{"start":{"line":216,"column":38},"end":{"line":216,"column":53}},"76":{"start":{"line":218,"column":4},"end":{"line":220,"column":5}},"77":{"start":{"line":219,"column":6},"end":{"line":219,"column":56}},"78":{"start":{"line":222,"column":4},"end":{"line":222,"column":55}},"79":{"start":{"line":222,"column":38},"end":{"line":222,"column":53}},"80":{"start":{"line":223,"column":4},"end":{"line":223,"column":66}},"81":{"start":{"line":224,"column":4},"end":{"line":224,"column":16}},"82":{"start":{"line":227,"column":19},"end":{"line":231,"column":3}},"83":{"start":{"line":228,"column":14},"end":{"line":228,"column":24}},"84":{"start":{"line":229,"column":4},"end":{"line":229,"column":31}},"85":{"start":{"line":230,"column":4},"end":{"line":230,"column":13}},"86":{"start":{"line":234,"column":4},"end":{"line":236,"column":50}},"87":{"start":{"line":235,"column":23},"end":{"line":235,"column":42}},"88":{"start":{"line":236,"column":23},"end":{"line":236,"column":49}},"89":{"start":{"line":238,"column":21},"end":{"line":242,"column":3}},"90":{"start":{"line":239,"column":25},"end":{"line":239,"column":47}},"91":{"start":{"line":240,"column":18},"end":{"line":240,"column":44}},"92":{"start":{"line":241,"column":4},"end":{"line":241,"column":42}},"93":{"start":{"line":244,"column":21},"end":{"line":244,"column":33}},"94":{"start":{"line":245,"column":20},"end":{"line":245,"column":67}},"95":{"start":{"line":245,"column":40},"end":{"line":245,"column":59}},"96":{"start":{"line":247,"column":4},"end":{"line":247,"column":69}},"97":{"start":{"line":249,"column":4},"end":{"line":251,"column":48}},"98":{"start":{"line":251,"column":28},"end":{"line":251,"column":47}},"99":{"start":{"line":253,"column":21},"end":{"line":273,"column":3}},"100":{"start":{"line":254,"column":4},"end":{"line":272,"column":6}},"101":{"start":{"line":257,"column":8},"end":{"line":259,"column":9}},"102":{"start":{"line":258,"column":10},"end":{"line":258,"column":28}},"103":{"start":{"line":262,"column":8},"end":{"line":263,"column":44}},"104":{"start":{"line":263,"column":10},"end":{"line":263,"column":44}},"105":{"start":{"line":266,"column":8},"end":{"line":266,"column":67}},"106":{"start":{"line":266,"column":50},"end":{"line":266,"column":67}},"107":{"start":{"line":269,"column":8},"end":{"line":270,"column":61}},"108":{"start":{"line":270,"column":10},"end":{"line":270,"column":61}},"109":{"start":{"line":275,"column":29},"end":{"line":281,"column":3}},"110":{"start":{"line":276,"column":4},"end":{"line":280,"column":6}},"111":{"start":{"line":279,"column":24},"end":{"line":279,"column":71}},"112":{"start":{"line":283,"column":2},"end":{"line":285,"column":9}},"113":{"start":{"line":284,"column":4},"end":{"line":284,"column":35}},"114":{"start":{"line":287,"column":2},"end":{"line":293,"column":18}},"115":{"start":{"line":288,"column":4},"end":{"line":288,"column":17}},"116":{"start":{"line":289,"column":4},"end":{"line":292,"column":5}},"117":{"start":{"line":290,"column":6},"end":{"line":290,"column":18}},"118":{"start":{"line":291,"column":6},"end":{"line":291,"column":19}},"119":{"start":{"line":295,"column":2},"end":{"line":306,"column":14}},"120":{"start":{"line":296,"column":23},"end":{"line":304,"column":6}},"121":{"start":{"line":297,"column":16},"end":{"line":297,"column":35}},"122":{"start":{"line":298,"column":18},"end":{"line":298,"column":28}},"123":{"start":{"line":299,"column":6},"end":{"line":303,"column":8}},"124":{"start":{"line":305,"column":4},"end":{"line":305,"column":43}},"125":{"start":{"line":308,"column":2},"end":{"line":315,"column":9}},"126":{"start":{"line":309,"column":17},"end":{"line":312,"column":5}},"127":{"start":{"line":310,"column":6},"end":{"line":310,"column":35}},"128":{"start":{"line":311,"column":6},"end":{"line":311,"column":24}},"129":{"start":{"line":314,"column":4},"end":{"line":314,"column":11}},"130":{"start":{"line":321,"column":2},"end":{"line":332,"column":21}},"131":{"start":{"line":322,"column":14},"end":{"line":322,"column":26}},"132":{"start":{"line":323,"column":17},"end":{"line":323,"column":42}},"133":{"start":{"line":326,"column":4},"end":{"line":330,"column":5}},"134":{"start":{"line":327,"column":6},"end":{"line":327,"column":33}},"135":{"start":{"line":331,"column":4},"end":{"line":331,"column":34}},"136":{"start":{"line":334,"column":2},"end":{"line":345,"column":29}},"137":{"start":{"line":335,"column":14},"end":{"line":335,"column":34}},"138":{"start":{"line":336,"column":17},"end":{"line":336,"column":45}},"139":{"start":{"line":339,"column":4},"end":{"line":343,"column":5}},"140":{"start":{"line":340,"column":6},"end":{"line":340,"column":36}},"141":{"start":{"line":344,"column":4},"end":{"line":344,"column":37}},"142":{"start":{"line":347,"column":2},"end":{"line":361,"column":27}},"143":{"start":{"line":348,"column":4},"end":{"line":360,"column":7}},"144":{"start":{"line":350,"column":8},"end":{"line":359,"column":9}},"145":{"start":{"line":363,"column":2},"end":{"line":367,"column":21}},"146":{"start":{"line":364,"column":4},"end":{"line":366,"column":5}},"147":{"start":{"line":365,"column":6},"end":{"line":365,"column":30}},"148":{"start":{"line":369,"column":2},"end":{"line":591,"column":4}},"149":{"start":{"line":407,"column":39},"end":{"line":407,"column":61}},"150":{"start":{"line":444,"column":16},"end":{"line":444,"column":66}},"151":{"start":{"line":444,"column":63},"end":{"line":444,"column":65}},"152":{"start":{"line":482,"column":16},"end":{"line":482,"column":65}},"153":{"start":{"line":492,"column":26},"end":{"line":492,"column":51}},"154":{"start":{"line":507,"column":16},"end":{"line":508,"column":49}},"155":{"start":{"line":508,"column":46},"end":{"line":508,"column":48}},"156":{"start":{"line":539,"column":29},"end":{"line":539,"column":66}},"157":{"start":{"line":557,"column":16},"end":{"line":557,"column":69}},"158":{"start":{"line":567,"column":26},"end":{"line":567,"column":54}},"159":{"start":{"line":585,"column":39},"end":{"line":585,"column":61}},"160":{"start":{"line":600,"column":15},"end":{"line":760,"column":2}}},"fnMap":{"0":{"name":"(anonymous_0)","decl":{"start":{"line":40,"column":19},"end":{"line":40,"column":20}},"loc":{"start":{"line":40,"column":39},"end":{"line":592,"column":1}},"line":40},"1":{"name":"(anonymous_1)","decl":{"start":{"line":53,"column":30},"end":{"line":53,"column":31}},"loc":{"start":{"line":53,"column":52},"end":{"line":127,"column":3}},"line":53},"2":{"name":"(anonymous_2)","decl":{"start":{"line":129,"column":20},"end":{"line":129,"column":21}},"loc":{"start":{"line":129,"column":32},"end":{"line":156,"column":3}},"line":129},"3":{"name":"(anonymous_3)","decl":{"start":{"line":133,"column":6},"end":{"line":133,"column":7}},"loc":{"start":{"line":133,"column":13},"end":{"line":133,"column":78}},"line":133},"4":{"name":"(anonymous_4)","decl":{"start":{"line":139,"column":6},"end":{"line":139,"column":7}},"loc":{"start":{"line":139,"column":13},"end":{"line":139,"column":80}},"line":139},"5":{"name":"(anonymous_5)","decl":{"start":{"line":158,"column":25},"end":{"line":158,"column":26}},"loc":{"start":{"line":158,"column":41},"end":{"line":177,"column":3}},"line":158},"6":{"name":"(anonymous_6)","decl":{"start":{"line":162,"column":33},"end":{"line":162,"column":34}},"loc":{"start":{"line":162,"column":40},"end":{"line":168,"column":5}},"line":162},"7":{"name":"(anonymous_7)","decl":{"start":{"line":179,"column":27},"end":{"line":179,"column":28}},"loc":{"start":{"line":179,"column":49},"end":{"line":198,"column":3}},"line":179},"8":{"name":"(anonymous_8)","decl":{"start":{"line":200,"column":21},"end":{"line":200,"column":22}},"loc":{"start":{"line":200,"column":35},"end":{"line":211,"column":3}},"line":200},"9":{"name":"(anonymous_9)","decl":{"start":{"line":203,"column":31},"end":{"line":203,"column":32}},"loc":{"start":{"line":203,"column":38},"end":{"line":203,"column":49}},"line":203},"10":{"name":"(anonymous_10)","decl":{"start":{"line":207,"column":37},"end":{"line":207,"column":38}},"loc":{"start":{"line":207,"column":44},"end":{"line":207,"column":55}},"line":207},"11":{"name":"(anonymous_11)","decl":{"start":{"line":213,"column":29},"end":{"line":213,"column":30}},"loc":{"start":{"line":213,"column":47},"end":{"line":225,"column":3}},"line":213},"12":{"name":"(anonymous_12)","decl":{"start":{"line":216,"column":31},"end":{"line":216,"column":32}},"loc":{"start":{"line":216,"column":38},"end":{"line":216,"column":53}},"line":216},"13":{"name":"(anonymous_13)","decl":{"start":{"line":222,"column":31},"end":{"line":222,"column":32}},"loc":{"start":{"line":222,"column":38},"end":{"line":222,"column":53}},"line":222},"14":{"name":"(anonymous_14)","decl":{"start":{"line":227,"column":19},"end":{"line":227,"column":20}},"loc":{"start":{"line":227,"column":25},"end":{"line":231,"column":3}},"line":227},"15":{"name":"(anonymous_15)","decl":{"start":{"line":235,"column":16},"end":{"line":235,"column":17}},"loc":{"start":{"line":235,"column":23},"end":{"line":235,"column":42}},"line":235},"16":{"name":"(anonymous_16)","decl":{"start":{"line":236,"column":16},"end":{"line":236,"column":17}},"loc":{"start":{"line":236,"column":23},"end":{"line":236,"column":49}},"line":236},"17":{"name":"(anonymous_17)","decl":{"start":{"line":238,"column":21},"end":{"line":238,"column":22}},"loc":{"start":{"line":238,"column":33},"end":{"line":242,"column":3}},"line":238},"18":{"name":"(anonymous_18)","decl":{"start":{"line":245,"column":33},"end":{"line":245,"column":34}},"loc":{"start":{"line":245,"column":40},"end":{"line":245,"column":59}},"line":245},"19":{"name":"(anonymous_19)","decl":{"start":{"line":251,"column":21},"end":{"line":251,"column":22}},"loc":{"start":{"line":251,"column":28},"end":{"line":251,"column":47}},"line":251},"20":{"name":"(anonymous_20)","decl":{"start":{"line":253,"column":21},"end":{"line":253,"column":22}},"loc":{"start":{"line":254,"column":4},"end":{"line":272,"column":6}},"line":254},"21":{"name":"(anonymous_21)","decl":{"start":{"line":256,"column":14},"end":{"line":256,"column":15}},"loc":{"start":{"line":256,"column":21},"end":{"line":260,"column":7}},"line":256},"22":{"name":"(anonymous_22)","decl":{"start":{"line":261,"column":16},"end":{"line":261,"column":17}},"loc":{"start":{"line":261,"column":23},"end":{"line":264,"column":7}},"line":261},"23":{"name":"(anonymous_23)","decl":{"start":{"line":265,"column":16},"end":{"line":265,"column":17}},"loc":{"start":{"line":265,"column":23},"end":{"line":267,"column":7}},"line":265},"24":{"name":"(anonymous_24)","decl":{"start":{"line":268,"column":14},"end":{"line":268,"column":15}},"loc":{"start":{"line":268,"column":21},"end":{"line":271,"column":7}},"line":268},"25":{"name":"(anonymous_25)","decl":{"start":{"line":275,"column":29},"end":{"line":275,"column":30}},"loc":{"start":{"line":276,"column":4},"end":{"line":280,"column":6}},"line":276},"26":{"name":"(anonymous_26)","decl":{"start":{"line":279,"column":14},"end":{"line":279,"column":15}},"loc":{"start":{"line":279,"column":24},"end":{"line":279,"column":71}},"line":279},"27":{"name":"(anonymous_27)","decl":{"start":{"line":283,"column":12},"end":{"line":283,"column":13}},"loc":{"start":{"line":283,"column":18},"end":{"line":285,"column":3}},"line":283},"28":{"name":"(anonymous_28)","decl":{"start":{"line":287,"column":12},"end":{"line":287,"column":13}},"loc":{"start":{"line":287,"column":18},"end":{"line":293,"column":3}},"line":287},"29":{"name":"(anonymous_29)","decl":{"start":{"line":295,"column":12},"end":{"line":295,"column":13}},"loc":{"start":{"line":295,"column":18},"end":{"line":306,"column":3}},"line":295},"30":{"name":"(anonymous_30)","decl":{"start":{"line":296,"column":36},"end":{"line":296,"column":37}},"loc":{"start":{"line":296,"column":43},"end":{"line":304,"column":5}},"line":296},"31":{"name":"(anonymous_31)","decl":{"start":{"line":308,"column":12},"end":{"line":308,"column":13}},"loc":{"start":{"line":308,"column":18},"end":{"line":315,"column":3}},"line":308},"32":{"name":"(anonymous_32)","decl":{"start":{"line":309,"column":17},"end":{"line":309,"column":18}},"loc":{"start":{"line":309,"column":29},"end":{"line":312,"column":5}},"line":309},"33":{"name":"(anonymous_33)","decl":{"start":{"line":321,"column":12},"end":{"line":321,"column":13}},"loc":{"start":{"line":321,"column":18},"end":{"line":332,"column":3}},"line":321},"34":{"name":"(anonymous_34)","decl":{"start":{"line":334,"column":12},"end":{"line":334,"column":13}},"loc":{"start":{"line":334,"column":18},"end":{"line":345,"column":3}},"line":334},"35":{"name":"(anonymous_35)","decl":{"start":{"line":347,"column":18},"end":{"line":347,"column":19}},"loc":{"start":{"line":347,"column":24},"end":{"line":361,"column":3}},"line":347},"36":{"name":"(anonymous_36)","decl":{"start":{"line":349,"column":19},"end":{"line":349,"column":20}},"loc":{"start":{"line":350,"column":8},"end":{"line":359,"column":9}},"line":350},"37":{"name":"(anonymous_37)","decl":{"start":{"line":363,"column":18},"end":{"line":363,"column":19}},"loc":{"start":{"line":363,"column":24},"end":{"line":367,"column":3}},"line":363},"38":{"name":"(anonymous_38)","decl":{"start":{"line":407,"column":33},"end":{"line":407,"column":34}},"loc":{"start":{"line":407,"column":39},"end":{"line":407,"column":61}},"line":407},"39":{"name":"(anonymous_39)","decl":{"start":{"line":443,"column":23},"end":{"line":443,"column":24}},"loc":{"start":{"line":444,"column":16},"end":{"line":444,"column":66}},"line":444},"40":{"name":"(anonymous_40)","decl":{"start":{"line":444,"column":56},"end":{"line":444,"column":57}},"loc":{"start":{"line":444,"column":63},"end":{"line":444,"column":65}},"line":444},"41":{"name":"(anonymous_41)","decl":{"start":{"line":481,"column":24},"end":{"line":481,"column":25}},"loc":{"start":{"line":482,"column":16},"end":{"line":482,"column":65}},"line":482},"42":{"name":"(anonymous_42)","decl":{"start":{"line":492,"column":20},"end":{"line":492,"column":21}},"loc":{"start":{"line":492,"column":26},"end":{"line":492,"column":51}},"line":492},"43":{"name":"(anonymous_43)","decl":{"start":{"line":506,"column":23},"end":{"line":506,"column":24}},"loc":{"start":{"line":507,"column":16},"end":{"line":508,"column":49}},"line":507},"44":{"name":"(anonymous_44)","decl":{"start":{"line":508,"column":39},"end":{"line":508,"column":40}},"loc":{"start":{"line":508,"column":46},"end":{"line":508,"column":48}},"line":508},"45":{"name":"(anonymous_45)","decl":{"start":{"line":539,"column":23},"end":{"line":539,"column":24}},"loc":{"start":{"line":539,"column":29},"end":{"line":539,"column":66}},"line":539},"46":{"name":"(anonymous_46)","decl":{"start":{"line":556,"column":32},"end":{"line":556,"column":33}},"loc":{"start":{"line":557,"column":16},"end":{"line":557,"column":69}},"line":557},"47":{"name":"(anonymous_47)","decl":{"start":{"line":567,"column":20},"end":{"line":567,"column":21}},"loc":{"start":{"line":567,"column":26},"end":{"line":567,"column":54}},"line":567},"48":{"name":"(anonymous_48)","decl":{"start":{"line":585,"column":33},"end":{"line":585,"column":34}},"loc":{"start":{"line":585,"column":39},"end":{"line":585,"column":61}},"line":585}},"branchMap":{"0":{"loc":{"start":{"line":55,"column":4},"end":{"line":60,"column":5}},"type":"if","locations":[{"start":{"line":55,"column":4},"end":{"line":60,"column":5}},{"start":{},"end":{}}],"line":55},"1":{"loc":{"start":{"line":57,"column":6},"end":{"line":59,"column":7}},"type":"if","locations":[{"start":{"line":57,"column":6},"end":{"line":59,"column":7}},{"start":{},"end":{}}],"line":57},"2":{"loc":{"start":{"line":133,"column":13},"end":{"line":133,"column":78}},"type":"binary-expr","locations":[{"start":{"line":133,"column":13},"end":{"line":133,"column":50}},{"start":{"line":133,"column":54},"end":{"line":133,"column":78}}],"line":133},"3":{"loc":{"start":{"line":139,"column":13},"end":{"line":139,"column":80}},"type":"binary-expr","locations":[{"start":{"line":139,"column":13},"end":{"line":139,"column":52}},{"start":{"line":139,"column":56},"end":{"line":139,"column":80}}],"line":139},"4":{"loc":{"start":{"line":160,"column":21},"end":{"line":160,"column":53}},"type":"cond-expr","locations":[{"start":{"line":160,"column":30},"end":{"line":160,"column":48}},{"start":{"line":160,"column":51},"end":{"line":160,"column":53}}],"line":160},"5":{"loc":{"start":{"line":163,"column":6},"end":{"line":166,"column":7}},"type":"if","locations":[{"start":{"line":163,"column":6},"end":{"line":166,"column":7}},{"start":{},"end":{}}],"line":163},"6":{"loc":{"start":{"line":164,"column":26},"end":{"line":164,"column":66}},"type":"cond-expr","locations":[{"start":{"line":164,"column":48},"end":{"line":164,"column":57}},{"start":{"line":164,"column":60},"end":{"line":164,"column":66}}],"line":164},"7":{"loc":{"start":{"line":170,"column":4},"end":{"line":172,"column":5}},"type":"if","locations":[{"start":{"line":170,"column":4},"end":{"line":172,"column":5}},{"start":{},"end":{}}],"line":170},"8":{"loc":{"start":{"line":181,"column":21},"end":{"line":181,"column":53}},"type":"cond-expr","locations":[{"start":{"line":181,"column":30},"end":{"line":181,"column":48}},{"start":{"line":181,"column":51},"end":{"line":181,"column":53}}],"line":181},"9":{"loc":{"start":{"line":190,"column":4},"end":{"line":190,"column":27}},"type":"if","locations":[{"start":{"line":190,"column":4},"end":{"line":190,"column":27}},{"start":{},"end":{}}],"line":190},"10":{"loc":{"start":{"line":194,"column":4},"end":{"line":196,"column":5}},"type":"if","locations":[{"start":{"line":194,"column":4},"end":{"line":196,"column":5}}],"line":194},"11":{"loc":{"start":{"line":202,"column":19},"end":{"line":202,"column":51}},"type":"cond-expr","locations":[{"start":{"line":202,"column":28},"end":{"line":202,"column":46}},{"start":{"line":202,"column":49},"end":{"line":202,"column":51}}],"line":202},"12":{"loc":{"start":{"line":204,"column":4},"end":{"line":206,"column":5}},"type":"if","locations":[{"start":{"line":204,"column":4},"end":{"line":206,"column":5}},{"start":{},"end":{}}],"line":204},"13":{"loc":{"start":{"line":215,"column":19},"end":{"line":215,"column":51}},"type":"cond-expr","locations":[{"start":{"line":215,"column":28},"end":{"line":215,"column":46}},{"start":{"line":215,"column":49},"end":{"line":215,"column":51}}],"line":215},"14":{"loc":{"start":{"line":218,"column":4},"end":{"line":220,"column":5}},"type":"if","locations":[{"start":{"line":218,"column":4},"end":{"line":220,"column":5}},{"start":{},"end":{}}],"line":218},"15":{"loc":{"start":{"line":234,"column":4},"end":{"line":236,"column":50}},"type":"binary-expr","locations":[{"start":{"line":234,"column":4},"end":{"line":234,"column":20}},{"start":{"line":235,"column":4},"end":{"line":235,"column":43}},{"start":{"line":236,"column":4},"end":{"line":236,"column":50}}],"line":234},"16":{"loc":{"start":{"line":236,"column":24},"end":{"line":236,"column":42}},"type":"binary-expr","locations":[{"start":{"line":236,"column":24},"end":{"line":236,"column":37}},{"start":{"line":236,"column":41},"end":{"line":236,"column":42}}],"line":236},"17":{"loc":{"start":{"line":247,"column":4},"end":{"line":247,"column":69}},"type":"cond-expr","locations":[{"start":{"line":247,"column":23},"end":{"line":247,"column":24}},{"start":{"line":247,"column":27},"end":{"line":247,"column":69}}],"line":247},"18":{"loc":{"start":{"line":249,"column":4},"end":{"line":251,"column":48}},"type":"cond-expr","locations":[{"start":{"line":250,"column":8},"end":{"line":250,"column":13}},{"start":{"line":251,"column":8},"end":{"line":251,"column":48}}],"line":249},"19":{"loc":{"start":{"line":249,"column":4},"end":{"line":249,"column":36}},"type":"binary-expr","locations":[{"start":{"line":249,"column":4},"end":{"line":249,"column":16}},{"start":{"line":249,"column":20},"end":{"line":249,"column":36}}],"line":249},"20":{"loc":{"start":{"line":257,"column":8},"end":{"line":259,"column":9}},"type":"if","locations":[{"start":{"line":257,"column":8},"end":{"line":259,"column":9}},{"start":{},"end":{}}],"line":257},"21":{"loc":{"start":{"line":262,"column":8},"end":{"line":263,"column":44}},"type":"if","locations":[{"start":{"line":262,"column":8},"end":{"line":263,"column":44}},{"start":{},"end":{}}],"line":262},"22":{"loc":{"start":{"line":262,"column":12},"end":{"line":262,"column":48}},"type":"binary-expr","locations":[{"start":{"line":262,"column":12},"end":{"line":262,"column":25}},{"start":{"line":262,"column":29},"end":{"line":262,"column":48}}],"line":262},"23":{"loc":{"start":{"line":266,"column":8},"end":{"line":266,"column":67}},"type":"if","locations":[{"start":{"line":266,"column":8},"end":{"line":266,"column":67}},{"start":{},"end":{}}],"line":266},"24":{"loc":{"start":{"line":266,"column":12},"end":{"line":266,"column":48}},"type":"binary-expr","locations":[{"start":{"line":266,"column":12},"end":{"line":266,"column":25}},{"start":{"line":266,"column":29},"end":{"line":266,"column":48}}],"line":266},"25":{"loc":{"start":{"line":269,"column":8},"end":{"line":270,"column":61}},"type":"if","locations":[{"start":{"line":269,"column":8},"end":{"line":270,"column":61}},{"start":{},"end":{}}],"line":269},"26":{"loc":{"start":{"line":269,"column":12},"end":{"line":269,"column":48}},"type":"binary-expr","locations":[{"start":{"line":269,"column":12},"end":{"line":269,"column":25}},{"start":{"line":269,"column":29},"end":{"line":269,"column":48}}],"line":269},"27":{"loc":{"start":{"line":289,"column":4},"end":{"line":292,"column":5}},"type":"if","locations":[{"start":{"line":289,"column":4},"end":{"line":292,"column":5}},{"start":{},"end":{}}],"line":289},"28":{"loc":{"start":{"line":300,"column":8},"end":{"line":302,"column":37}},"type":"binary-expr","locations":[{"start":{"line":300,"column":8},"end":{"line":300,"column":45}},{"start":{"line":301,"column":8},"end":{"line":301,"column":39}},{"start":{"line":302,"column":8},"end":{"line":302,"column":37}}],"line":300},"29":{"loc":{"start":{"line":326,"column":4},"end":{"line":330,"column":5}},"type":"if","locations":[{"start":{"line":326,"column":4},"end":{"line":330,"column":5}}],"line":326},"30":{"loc":{"start":{"line":339,"column":4},"end":{"line":343,"column":5}},"type":"if","locations":[{"start":{"line":339,"column":4},"end":{"line":343,"column":5}}],"line":339},"31":{"loc":{"start":{"line":350,"column":8},"end":{"line":359,"column":9}},"type":"binary-expr","locations":[{"start":{"line":350,"column":8},"end":{"line":350,"column":18}},{"start":{"line":351,"column":10},"end":{"line":358,"column":17}}],"line":350},"32":{"loc":{"start":{"line":364,"column":4},"end":{"line":366,"column":5}},"type":"if","locations":[{"start":{"line":364,"column":4},"end":{"line":366,"column":5}},{"start":{},"end":{}}],"line":364},"33":{"loc":{"start":{"line":379,"column":13},"end":{"line":390,"column":13}},"type":"binary-expr","locations":[{"start":{"line":379,"column":13},"end":{"line":379,"column":30}},{"start":{"line":380,"column":14},"end":{"line":389,"column":21}}],"line":379},"34":{"loc":{"start":{"line":394,"column":9},"end":{"line":410,"column":9}},"type":"binary-expr","locations":[{"start":{"line":394,"column":9},"end":{"line":394,"column":21}},{"start":{"line":394,"column":25},"end":{"line":394,"column":39}},{"start":{"line":395,"column":10},"end":{"line":409,"column":17}}],"line":394},"35":{"loc":{"start":{"line":441,"column":16},"end":{"line":441,"column":66}},"type":"binary-expr","locations":[{"start":{"line":441,"column":16},"end":{"line":441,"column":34}},{"start":{"line":441,"column":38},"end":{"line":441,"column":66}}],"line":441},"36":{"loc":{"start":{"line":444,"column":16},"end":{"line":444,"column":66}},"type":"binary-expr","locations":[{"start":{"line":444,"column":16},"end":{"line":444,"column":32}},{"start":{"line":444,"column":36},"end":{"line":444,"column":66}}],"line":444},"37":{"loc":{"start":{"line":447,"column":29},"end":{"line":447,"column":57}},"type":"cond-expr","locations":[{"start":{"line":447,"column":50},"end":{"line":447,"column":51}},{"start":{"line":447,"column":54},"end":{"line":447,"column":57}}],"line":447},"38":{"loc":{"start":{"line":452,"column":16},"end":{"line":456,"column":48}},"type":"cond-expr","locations":[{"start":{"line":453,"column":20},"end":{"line":453,"column":44}},{"start":{"line":454,"column":20},"end":{"line":456,"column":48}}],"line":452},"39":{"loc":{"start":{"line":454,"column":20},"end":{"line":456,"column":48}},"type":"cond-expr","locations":[{"start":{"line":455,"column":22},"end":{"line":455,"column":50}},{"start":{"line":456,"column":22},"end":{"line":456,"column":48}}],"line":454},"40":{"loc":{"start":{"line":466,"column":30},"end":{"line":466,"column":66}},"type":"cond-expr","locations":[{"start":{"line":466,"column":49},"end":{"line":466,"column":55}},{"start":{"line":466,"column":58},"end":{"line":466,"column":66}}],"line":466},"41":{"loc":{"start":{"line":475,"column":11},"end":{"line":497,"column":11}},"type":"cond-expr","locations":[{"start":{"line":476,"column":12},"end":{"line":484,"column":13}},{"start":{"line":486,"column":12},"end":{"line":496,"column":14}}],"line":475},"42":{"loc":{"start":{"line":476,"column":12},"end":{"line":484,"column":13}},"type":"cond-expr","locations":[{"start":{"line":477,"column":14},"end":{"line":479,"column":21}},{"start":{"line":481,"column":14},"end":{"line":483,"column":16}}],"line":476},"43":{"loc":{"start":{"line":491,"column":16},"end":{"line":493,"column":29}},"type":"cond-expr","locations":[{"start":{"line":492,"column":20},"end":{"line":492,"column":51}},{"start":{"line":493,"column":20},"end":{"line":493,"column":29}}],"line":491},"44":{"loc":{"start":{"line":504,"column":16},"end":{"line":504,"column":74}},"type":"binary-expr","locations":[{"start":{"line":504,"column":16},"end":{"line":504,"column":42}},{"start":{"line":504,"column":46},"end":{"line":504,"column":74}}],"line":504},"45":{"loc":{"start":{"line":507,"column":16},"end":{"line":508,"column":49}},"type":"binary-expr","locations":[{"start":{"line":507,"column":16},"end":{"line":507,"column":40}},{"start":{"line":508,"column":16},"end":{"line":508,"column":49}}],"line":507},"46":{"loc":{"start":{"line":511,"column":29},"end":{"line":511,"column":65}},"type":"cond-expr","locations":[{"start":{"line":511,"column":58},"end":{"line":511,"column":59}},{"start":{"line":511,"column":62},"end":{"line":511,"column":65}}],"line":511},"47":{"loc":{"start":{"line":516,"column":16},"end":{"line":520,"column":51}},"type":"cond-expr","locations":[{"start":{"line":517,"column":20},"end":{"line":517,"column":47}},{"start":{"line":518,"column":20},"end":{"line":520,"column":51}}],"line":516},"48":{"loc":{"start":{"line":518,"column":20},"end":{"line":520,"column":51}},"type":"cond-expr","locations":[{"start":{"line":519,"column":22},"end":{"line":519,"column":53}},{"start":{"line":520,"column":22},"end":{"line":520,"column":51}}],"line":518},"49":{"loc":{"start":{"line":530,"column":30},"end":{"line":530,"column":69}},"type":"cond-expr","locations":[{"start":{"line":530,"column":52},"end":{"line":530,"column":58}},{"start":{"line":530,"column":61},"end":{"line":530,"column":69}}],"line":530},"50":{"loc":{"start":{"line":550,"column":11},"end":{"line":572,"column":11}},"type":"cond-expr","locations":[{"start":{"line":551,"column":12},"end":{"line":559,"column":13}},{"start":{"line":561,"column":12},"end":{"line":571,"column":14}}],"line":550},"51":{"loc":{"start":{"line":551,"column":12},"end":{"line":559,"column":13}},"type":"cond-expr","locations":[{"start":{"line":552,"column":14},"end":{"line":554,"column":21}},{"start":{"line":556,"column":14},"end":{"line":558,"column":16}}],"line":551},"52":{"loc":{"start":{"line":566,"column":16},"end":{"line":568,"column":29}},"type":"cond-expr","locations":[{"start":{"line":567,"column":20},"end":{"line":567,"column":54}},{"start":{"line":568,"column":20},"end":{"line":568,"column":29}}],"line":566},"53":{"loc":{"start":{"line":575,"column":9},"end":{"line":588,"column":9}},"type":"binary-expr","locations":[{"start":{"line":575,"column":9},"end":{"line":575,"column":21}},{"start":{"line":575,"column":25},"end":{"line":575,"column":39}},{"start":{"line":576,"column":10},"end":{"line":587,"column":17}}],"line":575}},"s":{"0":3,"1":223,"2":223,"3":223,"4":223,"5":223,"6":223,"7":223,"8":223,"9":223,"10":223,"11":223,"12":37,"13":37,"14":34,"15":34,"16":33,"17":4,"18":4,"19":4,"20":4,"21":4,"22":223,"23":92,"24":92,"25":92,"26":142,"27":92,"28":92,"29":92,"30":142,"31":92,"32":92,"33":92,"34":92,"35":92,"36":92,"37":223,"38":6,"39":6,"40":6,"41":9,"42":5,"43":5,"44":4,"45":6,"46":5,"47":6,"48":6,"49":6,"50":223,"51":5,"52":5,"53":5,"54":5,"55":2,"56":3,"57":3,"58":3,"59":3,"60":223,"61":3,"62":3,"63":3,"64":2,"65":3,"66":1,"67":3,"68":2,"69":3,"70":3,"71":223,"72":3,"73":3,"74":3,"75":2,"76":3,"77":1,"78":3,"79":2,"80":3,"81":3,"82":223,"83":3,"84":3,"85":3,"86":223,"87":127,"88":22,"89":223,"90":79,"91":79,"92":79,"93":223,"94":223,"95":201,"96":223,"97":223,"98":179,"99":223,"100":135,"101":7,"102":6,"103":7,"104":5,"105":4,"106":3,"107":2,"108":1,"109":223,"110":17,"111":1,"112":223,"113":37,"114":223,"115":37,"116":37,"117":36,"118":36,"119":223,"120":89,"121":69,"122":69,"123":69,"124":89,"125":223,"126":37,"127":37,"128":37,"129":37,"130":223,"131":72,"132":72,"133":72,"134":44,"135":72,"136":223,"137":48,"138":48,"139":48,"140":40,"141":48,"142":223,"143":38,"144":1,"145":223,"146":42,"147":5,"148":223,"149":1,"150":5,"151":5,"152":135,"153":1,"154":1,"155":1,"156":1,"157":17,"158":1,"159":1,"160":3},"f":{"0":223,"1":37,"2":92,"3":142,"4":142,"5":6,"6":9,"7":5,"8":3,"9":2,"10":2,"11":3,"12":2,"13":2,"14":3,"15":127,"16":22,"17":79,"18":201,"19":179,"20":135,"21":7,"22":7,"23":4,"24":2,"25":17,"26":1,"27":37,"28":37,"29":89,"30":69,"31":37,"32":37,"33":72,"34":48,"35":38,"36":1,"37":42,"38":1,"39":5,"40":5,"41":135,"42":1,"43":1,"44":1,"45":1,"46":17,"47":1,"48":1},"b":{"0":[34,3],"1":[33,1],"2":[142,129],"3":[142,13],"4":[5,1],"5":[5,4],"6":[1,4],"7":[5,1],"8":[4,1],"9":[2,3],"10":[3],"11":[2,1],"12":[1,2],"13":[2,1],"14":[1,2],"15":[223,100,15],"16":[22,22],"17":[123,100],"18":[15,208],"19":[223,15],"20":[6,1],"21":[5,2],"22":[7,6],"23":[3,1],"24":[4,4],"25":[1,1],"26":[2,2],"27":[36,1],"28":[69,69,69],"29":[44],"30":[40],"31":[1,1],"32":[5,37],"33":[223,15],"34":[223,15,14],"35":[223,123],"36":[5,5],"37":[123,100],"38":[123,100],"39":[68,32],"40":[112,111],"41":[112,111],"42":[44,68],"43":[32,79],"44":[223,197],"45":[1,1],"46":[197,26],"47":[197,26],"48":[17,9],"49":[57,166],"50":[57,166],"51":[40,17],"52":[9,157],"53":[223,15,14]},"_coverageSchema":"1a1c01bbd47fc00a2c39e90264f33305004495a9","hash":"6afcf9747b5b31224d113f3d64a953809e34603d"}
,"/Users/agenorhouessou/Documents/dev/ReactNative/Expo/a-demain/screens/NewTaskScreen.js": {"path":"/Users/agenorhouessou/Documents/dev/ReactNative/Expo/a-demain/screens/NewTaskScreen.js","statementMap":{"0":{"start":{"line":29,"column":22},"end":{"line":152,"column":1}},"1":{"start":{"line":30,"column":26},"end":{"line":30,"column":38}},"2":{"start":{"line":31,"column":21},"end":{"line":31,"column":36}},"3":{"start":{"line":32,"column":46},"end":{"line":32,"column":61}},"4":{"start":{"line":33,"column":42},"end":{"line":35,"column":3}},"5":{"start":{"line":37,"column":16},"end":{"line":37,"column":26}},"6":{"start":{"line":38,"column":22},"end":{"line":38,"column":40}},"7":{"start":{"line":40,"column":18},"end":{"line":94,"column":3}},"8":{"start":{"line":41,"column":4},"end":{"line":44,"column":5}},"9":{"start":{"line":42,"column":6},"end":{"line":42,"column":68}},"10":{"start":{"line":43,"column":6},"end":{"line":43,"column":13}},"11":{"start":{"line":45,"column":21},"end":{"line":45,"column":31}},"12":{"start":{"line":46,"column":4},"end":{"line":46,"column":45}},"13":{"start":{"line":47,"column":4},"end":{"line":47,"column":80}},"14":{"start":{"line":49,"column":19},"end":{"line":49,"column":41}},"15":{"start":{"line":52,"column":4},"end":{"line":70,"column":5}},"16":{"start":{"line":53,"column":6},"end":{"line":57,"column":8}},"17":{"start":{"line":54,"column":8},"end":{"line":56,"column":13}},"18":{"start":{"line":58,"column":6},"end":{"line":58,"column":65}},"19":{"start":{"line":58,"column":40},"end":{"line":58,"column":63}},"20":{"start":{"line":60,"column":6},"end":{"line":68,"column":8}},"21":{"start":{"line":69,"column":6},"end":{"line":69,"column":32}},"22":{"start":{"line":72,"column":4},"end":{"line":84,"column":5}},"23":{"start":{"line":73,"column":17},"end":{"line":73,"column":53}},"24":{"start":{"line":74,"column":6},"end":{"line":80,"column":7}},"25":{"start":{"line":75,"column":8},"end":{"line":77,"column":9}},"26":{"start":{"line":76,"column":10},"end":{"line":76,"column":66}},"27":{"start":{"line":78,"column":19},"end":{"line":78,"column":61}},"28":{"start":{"line":79,"column":8},"end":{"line":79,"column":39}},"29":{"start":{"line":81,"column":11},"end":{"line":84,"column":5}},"30":{"start":{"line":82,"column":6},"end":{"line":82,"column":62}},"31":{"start":{"line":83,"column":6},"end":{"line":83,"column":39}},"32":{"start":{"line":86,"column":4},"end":{"line":86,"column":66}},"33":{"start":{"line":87,"column":4},"end":{"line":87,"column":36}},"34":{"start":{"line":89,"column":4},"end":{"line":93,"column":5}},"35":{"start":{"line":90,"column":6},"end":{"line":90,"column":26}},"36":{"start":{"line":92,"column":6},"end":{"line":92,"column":59}},"37":{"start":{"line":96,"column":2},"end":{"line":102,"column":9}},"38":{"start":{"line":97,"column":4},"end":{"line":101,"column":5}},"39":{"start":{"line":98,"column":6},"end":{"line":98,"column":32}},"40":{"start":{"line":99,"column":6},"end":{"line":99,"column":53}},"41":{"start":{"line":100,"column":6},"end":{"line":100,"column":54}},"42":{"start":{"line":104,"column":2},"end":{"line":151,"column":4}},"43":{"start":{"line":136,"column":16},"end":{"line":138,"column":17}},"44":{"start":{"line":137,"column":18},"end":{"line":137,"column":48}},"45":{"start":{"line":156,"column":15},"end":{"line":192,"column":2}}},"fnMap":{"0":{"name":"(anonymous_0)","decl":{"start":{"line":29,"column":22},"end":{"line":29,"column":23}},"loc":{"start":{"line":29,"column":28},"end":{"line":152,"column":1}},"line":29},"1":{"name":"(anonymous_1)","decl":{"start":{"line":40,"column":18},"end":{"line":40,"column":19}},"loc":{"start":{"line":40,"column":30},"end":{"line":94,"column":3}},"line":40},"2":{"name":"(anonymous_2)","decl":{"start":{"line":53,"column":30},"end":{"line":53,"column":31}},"loc":{"start":{"line":54,"column":8},"end":{"line":56,"column":13}},"line":54},"3":{"name":"(anonymous_3)","decl":{"start":{"line":58,"column":33},"end":{"line":58,"column":34}},"loc":{"start":{"line":58,"column":40},"end":{"line":58,"column":63}},"line":58},"4":{"name":"(anonymous_4)","decl":{"start":{"line":96,"column":12},"end":{"line":96,"column":13}},"loc":{"start":{"line":96,"column":18},"end":{"line":102,"column":3}},"line":96},"5":{"name":"(anonymous_5)","decl":{"start":{"line":135,"column":24},"end":{"line":135,"column":25}},"loc":{"start":{"line":135,"column":49},"end":{"line":139,"column":15}},"line":135}},"branchMap":{"0":{"loc":{"start":{"line":41,"column":4},"end":{"line":44,"column":5}},"type":"if","locations":[{"start":{"line":41,"column":4},"end":{"line":44,"column":5}},{"start":{},"end":{}}],"line":41},"1":{"loc":{"start":{"line":52,"column":4},"end":{"line":70,"column":5}},"type":"if","locations":[{"start":{"line":52,"column":4},"end":{"line":70,"column":5}},{"start":{"line":59,"column":11},"end":{"line":70,"column":5}}],"line":52},"2":{"loc":{"start":{"line":54,"column":8},"end":{"line":56,"column":13}},"type":"cond-expr","locations":[{"start":{"line":55,"column":12},"end":{"line":55,"column":58}},{"start":{"line":56,"column":12},"end":{"line":56,"column":13}}],"line":54},"3":{"loc":{"start":{"line":72,"column":4},"end":{"line":84,"column":5}},"type":"if","locations":[{"start":{"line":72,"column":4},"end":{"line":84,"column":5}},{"start":{"line":81,"column":11},"end":{"line":84,"column":5}}],"line":72},"4":{"loc":{"start":{"line":74,"column":6},"end":{"line":80,"column":7}},"type":"if","locations":[{"start":{"line":74,"column":6},"end":{"line":80,"column":7}},{"start":{},"end":{}}],"line":74},"5":{"loc":{"start":{"line":75,"column":8},"end":{"line":77,"column":9}},"type":"if","locations":[{"start":{"line":75,"column":8},"end":{"line":77,"column":9}},{"start":{},"end":{}}],"line":75},"6":{"loc":{"start":{"line":81,"column":11},"end":{"line":84,"column":5}},"type":"if","locations":[{"start":{"line":81,"column":11},"end":{"line":84,"column":5}},{"start":{},"end":{}}],"line":81},"7":{"loc":{"start":{"line":89,"column":4},"end":{"line":93,"column":5}},"type":"if","locations":[{"start":{"line":89,"column":4},"end":{"line":93,"column":5}},{"start":{"line":91,"column":11},"end":{"line":93,"column":5}}],"line":89},"8":{"loc":{"start":{"line":97,"column":4},"end":{"line":101,"column":5}},"type":"if","locations":[{"start":{"line":97,"column":4},"end":{"line":101,"column":5}},{"start":{},"end":{}}],"line":97},"9":{"loc":{"start":{"line":106,"column":16},"end":{"line":106,"column":60}},"type":"cond-expr","locations":[{"start":{"line":106,"column":40},"end":{"line":106,"column":49}},{"start":{"line":106,"column":52},"end":{"line":106,"column":60}}],"line":106},"10":{"loc":{"start":{"line":112,"column":13},"end":{"line":112,"column":73}},"type":"cond-expr","locations":[{"start":{"line":112,"column":27},"end":{"line":112,"column":49}},{"start":{"line":112,"column":52},"end":{"line":112,"column":73}}],"line":112},"11":{"loc":{"start":{"line":126,"column":26},"end":{"line":126,"column":61}},"type":"cond-expr","locations":[{"start":{"line":126,"column":43},"end":{"line":126,"column":52}},{"start":{"line":126,"column":55},"end":{"line":126,"column":61}}],"line":126},"12":{"loc":{"start":{"line":132,"column":11},"end":{"line":141,"column":11}},"type":"binary-expr","locations":[{"start":{"line":132,"column":11},"end":{"line":132,"column":25}},{"start":{"line":133,"column":12},"end":{"line":140,"column":14}}],"line":132},"13":{"loc":{"start":{"line":136,"column":16},"end":{"line":138,"column":17}},"type":"if","locations":[{"start":{"line":136,"column":16},"end":{"line":138,"column":17}},{"start":{},"end":{}}],"line":136},"14":{"loc":{"start":{"line":145,"column":15},"end":{"line":145,"column":77}},"type":"cond-expr","locations":[{"start":{"line":145,"column":29},"end":{"line":145,"column":52}},{"start":{"line":145,"column":55},"end":{"line":145,"column":77}}],"line":145}},"s":{"0":1,"1":38,"2":38,"3":38,"4":38,"5":38,"6":38,"7":38,"8":8,"9":1,"10":1,"11":7,"12":7,"13":7,"14":7,"15":7,"16":4,"17":5,"18":4,"19":5,"20":3,"21":3,"22":7,"23":3,"24":3,"25":2,"26":1,"27":2,"28":2,"29":4,"30":1,"31":1,"32":7,"33":7,"34":7,"35":4,"36":3,"37":38,"38":20,"39":6,"40":6,"41":6,"42":38,"43":3,"44":1,"45":1},"f":{"0":38,"1":8,"2":5,"3":5,"4":20,"5":3},"b":{"0":[1,7],"1":[4,3],"2":[4,1],"3":[3,4],"4":[2,1],"5":[1,1],"6":[1,3],"7":[4,3],"8":[6,14],"9":[35,3],"10":[14,24],"11":[9,29],"12":[38,9],"13":[1,2],"14":[14,24]},"_coverageSchema":"1a1c01bbd47fc00a2c39e90264f33305004495a9","hash":"c1bf7284a17f8fb5c6995b149afe4f073be0e61b"}
,"/Users/agenorhouessou/Documents/dev/ReactNative/Expo/a-demain/screens/PrivacyPolicyScreen.js": {"path":"/Users/agenorhouessou/Documents/dev/ReactNative/Expo/a-demain/screens/PrivacyPolicyScreen.js","statementMap":{"0":{"start":{"line":14,"column":28},"end":{"line":84,"column":1}},"1":{"start":{"line":15,"column":18},"end":{"line":19,"column":3}},"2":{"start":{"line":16,"column":4},"end":{"line":18,"column":6}},"3":{"start":{"line":17,"column":6},"end":{"line":17,"column":59}},"4":{"start":{"line":21,"column":2},"end":{"line":83,"column":4}},"5":{"start":{"line":51,"column":25},"end":{"line":51,"column":77}},"6":{"start":{"line":71,"column":25},"end":{"line":71,"column":75}},"7":{"start":{"line":88,"column":15},"end":{"line":124,"column":2}}},"fnMap":{"0":{"name":"(anonymous_0)","decl":{"start":{"line":14,"column":28},"end":{"line":14,"column":29}},"loc":{"start":{"line":14,"column":34},"end":{"line":84,"column":1}},"line":14},"1":{"name":"(anonymous_1)","decl":{"start":{"line":15,"column":18},"end":{"line":15,"column":19}},"loc":{"start":{"line":15,"column":27},"end":{"line":19,"column":3}},"line":15},"2":{"name":"(anonymous_2)","decl":{"start":{"line":16,"column":31},"end":{"line":16,"column":32}},"loc":{"start":{"line":17,"column":6},"end":{"line":17,"column":59}},"line":17},"3":{"name":"(anonymous_3)","decl":{"start":{"line":51,"column":19},"end":{"line":51,"column":20}},"loc":{"start":{"line":51,"column":25},"end":{"line":51,"column":77}},"line":51},"4":{"name":"(anonymous_4)","decl":{"start":{"line":71,"column":19},"end":{"line":71,"column":20}},"loc":{"start":{"line":71,"column":25},"end":{"line":71,"column":75}},"line":71}},"branchMap":{"0":{"loc":{"start":{"line":27,"column":12},"end":{"line":27,"column":67}},"type":"cond-expr","locations":[{"start":{"line":27,"column":40},"end":{"line":27,"column":63}},{"start":{"line":27,"column":66},"end":{"line":27,"column":67}}],"line":27}},"s":{"0":1,"1":10,"2":3,"3":1,"4":10,"5":2,"6":1,"7":1},"f":{"0":10,"1":3,"2":1,"3":2,"4":1},"b":{"0":[1,9]},"_coverageSchema":"1a1c01bbd47fc00a2c39e90264f33305004495a9","hash":"851e60b7d328e6f733467a9929490c5cbf50a3a7"}
,"/Users/agenorhouessou/Documents/dev/ReactNative/Expo/a-demain/screens/StatsScreen.js": {"path":"/Users/agenorhouessou/Documents/dev/ReactNative/Expo/a-demain/screens/StatsScreen.js","statementMap":{"0":{"start":{"line":28,"column":17},"end":{"line":38,"column":1}},"1":{"start":{"line":29,"column":2},"end":{"line":37,"column":19}},"2":{"start":{"line":40,"column":20},"end":{"line":306,"column":1}},"3":{"start":{"line":42,"column":28},"end":{"line":51,"column":4}},"4":{"start":{"line":53,"column":30},"end":{"line":53,"column":41}},"5":{"start":{"line":54,"column":42},"end":{"line":54,"column":54}},"6":{"start":{"line":56,"column":20},"end":{"line":56,"column":34}},"7":{"start":{"line":57,"column":19},"end":{"line":57,"column":56}},"8":{"start":{"line":58,"column":23},"end":{"line":58,"column":60}},"9":{"start":{"line":61,"column":2},"end":{"line":65,"column":18}},"10":{"start":{"line":62,"column":4},"end":{"line":64,"column":5}},"11":{"start":{"line":63,"column":6},"end":{"line":63,"column":18}},"12":{"start":{"line":68,"column":2},"end":{"line":79,"column":42}},"13":{"start":{"line":70,"column":6},"end":{"line":70,"column":75}},"14":{"start":{"line":71,"column":22},"end":{"line":76,"column":6}},"15":{"start":{"line":77,"column":4},"end":{"line":77,"column":22}},"16":{"start":{"line":78,"column":4},"end":{"line":78,"column":34}},"17":{"start":{"line":78,"column":17},"end":{"line":78,"column":33}},"18":{"start":{"line":82,"column":2},"end":{"line":91,"column":14}},"19":{"start":{"line":83,"column":22},"end":{"line":88,"column":6}},"20":{"start":{"line":89,"column":4},"end":{"line":89,"column":22}},"21":{"start":{"line":90,"column":4},"end":{"line":90,"column":34}},"22":{"start":{"line":90,"column":17},"end":{"line":90,"column":33}},"23":{"start":{"line":93,"column":20},"end":{"line":140,"column":3}},"24":{"start":{"line":94,"column":17},"end":{"line":94,"column":52}},"25":{"start":{"line":95,"column":18},"end":{"line":95,"column":46}},"26":{"start":{"line":97,"column":18},"end":{"line":97,"column":28}},"27":{"start":{"line":98,"column":22},"end":{"line":101,"column":35}},"28":{"start":{"line":99,"column":6},"end":{"line":101,"column":35}},"29":{"start":{"line":103,"column":23},"end":{"line":108,"column":5}},"30":{"start":{"line":105,"column":8},"end":{"line":107,"column":32}},"31":{"start":{"line":109,"column":22},"end":{"line":109,"column":74}},"32":{"start":{"line":109,"column":47},"end":{"line":109,"column":66}},"33":{"start":{"line":111,"column":21},"end":{"line":111,"column":40}},"34":{"start":{"line":112,"column":4},"end":{"line":116,"column":7}},"35":{"start":{"line":118,"column":4},"end":{"line":124,"column":6}},"36":{"start":{"line":126,"column":23},"end":{"line":126,"column":44}},"37":{"start":{"line":127,"column":4},"end":{"line":127,"column":38}},"38":{"start":{"line":129,"column":17},"end":{"line":129,"column":43}},"39":{"start":{"line":130,"column":16},"end":{"line":137,"column":6}},"40":{"start":{"line":138,"column":22},"end":{"line":138,"column":60}},"41":{"start":{"line":139,"column":4},"end":{"line":139,"column":31}},"42":{"start":{"line":142,"column":33},"end":{"line":145,"column":3}},"43":{"start":{"line":143,"column":18},"end":{"line":143,"column":70}},"44":{"start":{"line":144,"column":4},"end":{"line":144,"column":42}},"45":{"start":{"line":147,"column":2},"end":{"line":305,"column":4}},"46":{"start":{"line":187,"column":31},"end":{"line":187,"column":68}},"47":{"start":{"line":259,"column":12},"end":{"line":299,"column":19}},"48":{"start":{"line":310,"column":15},"end":{"line":502,"column":2}}},"fnMap":{"0":{"name":"(anonymous_0)","decl":{"start":{"line":28,"column":17},"end":{"line":28,"column":18}},"loc":{"start":{"line":29,"column":2},"end":{"line":37,"column":19}},"line":29},"1":{"name":"(anonymous_1)","decl":{"start":{"line":40,"co
[...]
lumn":40}},"28":{"start":{"line":44,"column":21},"end":{"line":49,"column":5}},"29":{"start":{"line":46,"column":8},"end":{"line":48,"column":61}},"30":{"start":{"line":51,"column":4},"end":{"line":66,"column":5}},"31":{"start":{"line":52,"column":23},"end":{"line":52,"column":40}},"32":{"start":{"line":53,"column":6},"end":{"line":60,"column":7}},"33":{"start":{"line":57,"column":8},"end":{"line":57,"column":24}},"34":{"start":{"line":59,"column":8},"end":{"line":59,"column":26}},"35":{"start":{"line":61,"column":6},"end":{"line":61,"column":31}},"36":{"start":{"line":62,"column":6},"end":{"line":62,"column":55}},"37":{"start":{"line":64,"column":6},"end":{"line":64,"column":24}},"38":{"start":{"line":65,"column":6},"end":{"line":65,"column":27}},"39":{"start":{"line":70,"column":21},"end":{"line":70,"column":47}},"40":{"start":{"line":71,"column":2},"end":{"line":89,"column":3}},"41":{"start":{"line":74,"column":6},"end":{"line":76,"column":59}},"42":{"start":{"line":79,"column":21},"end":{"line":79,"column":39}},"43":{"start":{"line":80,"column":4},"end":{"line":87,"column":5}},"44":{"start":{"line":84,"column":6},"end":{"line":84,"column":22}},"45":{"start":{"line":86,"column":6},"end":{"line":86,"column":24}},"46":{"start":{"line":88,"column":4},"end":{"line":88,"column":53}},"47":{"start":{"line":91,"column":2},"end":{"line":98,"column":4}},"48":{"start":{"line":101,"column":37},"end":{"line":111,"column":1}},"49":{"start":{"line":102,"column":16},"end":{"line":102,"column":35}},"50":{"start":{"line":103,"column":2},"end":{"line":109,"column":4}},"51":{"start":{"line":110,"column":2},"end":{"line":110,"column":58}},"52":{"start":{"line":110,"column":22},"end":{"line":110,"column":58}},"53":{"start":{"line":113,"column":30},"end":{"line":122,"column":1}},"54":{"start":{"line":114,"column":15},"end":{"line":114,"column":50}},"55":{"start":{"line":115,"column":2},"end":{"line":115,"column":45}},"56":{"start":{"line":115,"column":35},"end":{"line":115,"column":45}},"57":{"start":{"line":116,"column":2},"end":{"line":121,"column":3}},"58":{"start":{"line":117,"column":19},"end":{"line":117,"column":35}},"59":{"start":{"line":118,"column":4},"end":{"line":118,"column":47}},"60":{"start":{"line":120,"column":4},"end":{"line":120,"column":14}},"61":{"start":{"line":124,"column":36},"end":{"line":150,"column":1}},"62":{"start":{"line":125,"column":15},"end":{"line":125,"column":50}},"63":{"start":{"line":128,"column":2},"end":{"line":128,"column":27}},"64":{"start":{"line":128,"column":20},"end":{"line":128,"column":27}},"65":{"start":{"line":131,"column":2},"end":{"line":135,"column":3}},"66":{"start":{"line":132,"column":4},"end":{"line":132,"column":29}},"67":{"start":{"line":134,"column":4},"end":{"line":134,"column":11}},"68":{"start":{"line":136,"column":2},"end":{"line":136,"column":36}},"69":{"start":{"line":136,"column":29},"end":{"line":136,"column":36}},"70":{"start":{"line":138,"column":14},"end":{"line":138,"column":24}},"71":{"start":{"line":139,"column":19},"end":{"line":139,"column":50}},"72":{"start":{"line":141,"column":18},"end":{"line":147,"column":4}},"73":{"start":{"line":142,"column":19},"end":{"line":142,"column":66}},"74":{"start":{"line":143,"column":4},"end":{"line":145,"column":5}},"75":{"start":{"line":144,"column":6},"end":{"line":144,"column":43}},"76":{"start":{"line":146,"column":4},"end":{"line":146,"column":13}},"77":{"start":{"line":149,"column":2},"end":{"line":149,"column":63}}},"fnMap":{"0":{"name":"(anonymous_0)","decl":{"start":{"line":5,"column":25},"end":{"line":5,"column":26}},"loc":{"start":{"line":6,"column":2},"end":{"line":8,"column":31}},"line":6},"1":{"name":"(anonymous_1)","decl":{"start":{"line":10,"column":31},"end":{"line":10,"column":32}},"loc":{"start":{"line":10,"column":42},"end":{"line":19,"column":1}},"line":10},"2":{"name":"(anonymous_2)","decl":{"start":{"line":12,"column":16},"end":{"line":12,"column":17}},"loc":{"start":{"line":12,"column":23},"end":{"line":17,"column":3}},"line":12},"3":{"name":"(anonymous_3)","decl":{"start":{"line":21,"column":28},"end":{"line":21,"column":29}},"loc":{"start":{"line":21,"column":39},"end":{"line":99,"column":1}},"line":21},"4":{"name":"(anonymous_4)","decl":{"start":{"line":23,"column":38},"end":{"line":23,"column":39}},"loc":{"start":{"line":23,"column":45},"end":{"line":23,"column":64}},"line":23},"5":{"name":"(anonymous_5)","decl":{"start":{"line":24,"column":36},"end":{"line":24,"column":37}},"loc":{"start":{"line":24,"column":48},"end":{"line":24,"column":74}},"line":24},"6":{"name":"(anonymous_6)","decl":{"start":{"line":34,"column":12},"end":{"line":34,"column":13}},"loc":{"start":{"line":34,"column":22},"end":{"line":34,"column":37}},"line":34},"7":{"name":"(anonymous_7)","decl":{"start":{"line":45,"column":6},"end":{"line":45,"column":7}},"loc":{"start":{"line":46,"column":8},"end":{"line":48,"column":61}},"line":46},"8":{"name":"(anonymous_8)","decl":{"start":{"line":73,"column":21},"end":{"line":73,"column":22}},"loc":{"start":{"line":74,"column":6},"end":{"line":76,"column":59}},"line":74},"9":{"name":"(anonymous_9)","decl":{"start":{"line":101,"column":37},"end":{"line":101,"column":38}},"loc":{"start":{"line":101,"column":70},"end":{"line":111,"column":1}},"line":101},"10":{"name":"(anonymous_10)","decl":{"start":{"line":113,"column":30},"end":{"line":113,"column":31}},"loc":{"start":{"line":113,"column":42},"end":{"line":122,"column":1}},"line":113},"11":{"name":"(anonymous_11)","decl":{"start":{"line":124,"column":36},"end":{"line":124,"column":37}},"loc":{"start":{"line":124,"column":48},"end":{"line":150,"column":1}},"line":124},"12":{"name":"(anonymous_12)","decl":{"start":{"line":141,"column":28},"end":{"line":141,"column":29}},"loc":{"start":{"line":141,"column":35},"end":{"line":147,"column":3}},"line":141}},"branchMap":{"0":{"loc":{"start":{"line":6,"column":2},"end":{"line":8,"column":31}},"type":"binary-expr","locations":[{"start":{"line":6,"column":2},"end":{"line":6,"column":39}},{"start":{"line":7,"column":2},"end":{"line":7,"column":33}},{"start":{"line":8,"column":2},"end":{"line":8,"column":31}}],"line":6},"1":{"loc":{"start":{"line":13,"column":4},"end":{"line":13,"column":27}},"type":"if","locations":[{"start":{"line":13,"column":4},"end":{"line":13,"column":27}},{"start":{},"end":{}}],"line":13},"2":{"loc":{"start":{"line":15,"column":4},"end":{"line":15,"column":37}},"type":"if","locations":[{"start":{"line":15,"column":4},"end":{"line":15,"column":37}},{"start":{},"end":{}}],"line":15},"3":{"loc":{"start":{"line":24,"column":55},"end":{"line":24,"column":73}},"type":"binary-expr","locations":[{"start":{"line":24,"column":55},"end":{"line":24,"column":68}},{"start":{"line":24,"column":72},"end":{"line":24,"column":73}}],"line":24},"4":{"loc":{"start":{"line":26,"column":4},"end":{"line":26,"column":71}},"type":"cond-expr","locations":[{"start":{"line":26,"column":21},"end":{"line":26,"column":67}},{"start":{"line":26,"column":70},"end":{"line":26,"column":71}}],"line":26},"5":{"loc":{"start":{"line":46,"column":8},"end":{"line":48,"column":61}},"type":"binary-expr","locations":[{"start":{"line":46,"column":8},"end":{"line":46,"column":27}},{"start":{"line":47,"column":8},"end":{"line":47,"column":32}},{"start":{"line":48,"column":9},"end":{"line":48,"column":31}},{"start":{"line":48,"column":35},"end":{"line":48,"column":60}}],"line":46},"6":{"loc":{"start":{"line":48,"column":36},"end":{"line":48,"column":54}},"type":"binary-expr","locations":[{"start":{"line":48,"column":36},"end":{"line":48,"column":49}},{"start":{"line":48,"column":53},"end":{"line":48,"column":54}}],"line":48},"7":{"loc":{"start":{"line":51,"column":4},"end":{"line":66,"column":5}},"type":"if","locations":[{"start":{"line":51,"column":4},"end":{"line":66,"column":5}},{"start":{"line":63,"column":11},"end":{"line":66,"column":5}}],"line":51},"8":{"loc":{"start":{"line":53,"column":6},"end":{"line":60,"column":7}},"type":"if","locations":[{"start":{"line":53,"column":6},"end":{"line":60,"column":7}},{"start":{"line":58,"column":13},"end":{"line":60,"column":7}}],"line":53},"9":{"loc":{"start":{"line":54,"column":8},"end":{"line":55,"column":65}},"type":"binary-expr","locations":[{"start":{"line":54,"column":8},"end":{"line":54,"column":21}},{"start":{"line":55,"column":8},"end":{"line":55,"column":65}}],"line":54},"10":{"loc":{"start":{"line":70,"column":21},"end":{"line":70,"column":47}},"type":"binary-expr","locations":[{"start":{"line":70,"column":21},"end":{"line":70,"column":41}},{"start":{"line":70,"column":45},"end":{"line":70,"column":47}}],"line":70},"11":{"loc":{"start":{"line":71,"column":2},"end":{"line":89,"column":3}},"type":"if","locations":[{"start":{"line":71,"column":2},"end":{"line":89,"column":3}},{"start":{},"end":{}}],"line":71},"12":{"loc":{"start":{"line":72,"column":4},"end":{"line":77,"column":5}},"type":"binary-expr","locations":[{"start":{"line":72,"column":4},"end":{"line":72,"column":25}},{"start":{"line":73,"column":4},"end":{"line":77,"column":5}}],"line":72},"13":{"loc":{"start":{"line":74,"column":6},"end":{"line":76,"column":59}},"type":"binary-expr","locations":[{"start":{"line":74,"column":6},"end":{"line":74,"column":25}},{"start":{"line":75,"column":6},"end":{"line":75,"column":30}},{"start":{"line":76,"column":7},"end":{"line":76,"column":29}},{"start":{"line":76,"column":33},"end":{"line":76,"column":58}}],"line":74},"14":{"loc":{"start":{"line":76,"column":34},"end":{"line":76,"column":52}},"type":"binary-expr","locations":[{"start":{"line":76,"column":34},"end":{"line":76,"column":47}},{"start":{"line":76,"column":51},"end":{"line":76,"column":52}}],"line":76},"15":{"loc":{"start":{"line":80,"column":4},"end":{"line":87,"column":5}},"type":"if","locations":[{"start":{"line":80,"column":4},"end":{"line":87,"column":5}},{"start":{"line":85,"column":11},"end":{"line":87,"column":5}}],"line":80},"16":{"loc":{"start":{"line":81,"column":6},"end":{"line":82,"column":63}},"type":"binary-expr","locations":[{"start":{"line":81,"column":6},"end":{"line":81,"column":19}},{"start":{"line":82,"column":6},"end":{"line":82,"column":63}}],"line":81},"17":{"loc":{"start":{"line":110,"column":2},"end":{"line":110,"column":58}},"type":"if","locations":[{"start":{"line":110,"column":2},"end":{"line":110,"column":58}},{"start":{},"end":{}}],"line":110},"18":{"loc":{"start":{"line":115,"column":2},"end":{"line":115,"column":45}},"type":"if","locations":[{"start":{"line":115,"column":2},"end":{"line":115,"column":45}},{"start":{},"end":{}}],"line":115},"19":{"loc":{"start":{"line":115,"column":6},"end":{"line":115,"column":33}},"type":"binary-expr","locations":[{"start":{"line":115,"column":6},"end":{"line":115,"column":18}},{"start":{"line":115,"column":22},"end":{"line":115,"column":33}}],"line":115},"20":{"loc":{"start":{"line":118,"column":11},"end":{"line":118,"column":46}},"type":"cond-expr","locations":[{"start":{"line":118,"column":35},"end":{"line":118,"column":41}},{"start":{"line":118,"column":44},"end":{"line":118,"column":46}}],"line":118},"21":{"loc":{"start":{"line":128,"column":2},"end":{"line":128,"column":27}},"type":"if","locations":[{"start":{"line":128,"column":2},"end":{"line":128,"column":27}},{"start":{},"end":{}}],"line":128},"22":{"loc":{"start":{"line":136,"column":2},"end":{"line":136,"column":36}},"type":"if","locations":[{"start":{"line":136,"column":2},"end":{"line":136,"column":36}},{"start":{},"end":{}}],"line":136},"23":{"loc":{"start":{"line":143,"column":4},"end":{"line":145,"column":5}},"type":"if","locations":[{"start":{"line":143,"column":4},"end":{"line":145,"column":5}},{"start":{},"end":{}}],"line":143},"24":{"loc":{"start":{"line":143,"column":8},"end":{"line":143,"column":51}},"type":"binary-expr","locations":[{"start":{"line":143,"column":8},"end":{"line":143,"column":25}},{"start":{"line":143,"column":29},"end":{"line":143,"column":51}}],"line":143}},"s":{"0":6,"1":287,"2":6,"3":199,"4":199,"5":256,"6":1,"7":255,"8":255,"9":163,"10":255,"11":199,"12":6,"13":196,"14":196,"15":251,"16":196,"17":251,"18":196,"19":196,"20":196,"21":196,"22":160,"23":196,"24":196,"25":196,"26":196,"27":11,"28":11,"29":11,"30":11,"31":9,"32":9,"33":1,"34":8,"35":9,"36":9,"37":2,"38":2,"39":196,"40":196,"41":158,"42":23,"43":23,"44":2,"45":21,"46":23,"47":196,"48":6,"49":2,"50":2,"51":2,"52":1,"53":6,"54":181,"55":181,"56":13,"57":168,"58":168,"59":167,"60":1,"61":6,"62":41,"63":41,"64":3,"65":38,"66":38,"67":2,"68":36,"69":2,"70":34,"71":34,"72":34,"73":39,"74":39,"75":1,"76":38,"77":34},"f":{"0":287,"1":199,"2":256,"3":196,"4":251,"5":251,"6":160,"7":11,"8":158,"9":2,"10":181,"11":41,"12":39},"b":{"0":[287,287,286],"1":[1,255],"2":[163,92],"3":[251,243],"4":[153,43],"5":[11,5,4,3],"6":[3,1],"7":[9,2],"8":[1,8],"9":[9,1],"10":[196,70],"11":[23,173],"12":[196,126],"13":[158,104,104,2],"14":[2,1],"15":[2,21],"16":[23,2],"17":[1,1],"18":[13,168],"19":[181,168],"20":[163,4],"21":[3,38],"22":[2,34],"23":[1,38],"24":[39,1]},"_coverageSchema":"1a1c01bbd47fc00a2c39e90264f33305004495a9","hash":"5fcf3c7a8f1726633e5a13875db36ec5adbe204b"}
,"/Users/agenorhouessou/Documents/dev/ReactNative/Expo/a-demain/utils/streak.js": {"path":"/Users/agenorhouessou/Documents/dev/ReactNative/Expo/a-demain/utils/streak.js","statementMap":{"0":{"start":{"line":3,"column":19},"end":{"line":3,"column":31}},"1":{"start":{"line":5,"column":14},"end":{"line":12,"column":1}},"2":{"start":{"line":6,"column":12},"end":{"line":6,"column":26}},"3":{"start":{"line":7,"column":2},"end":{"line":11,"column":14}},"4":{"start":{"line":15,"column":15},"end":{"line":15,"column":53}},"5":{"start":{"line":16,"column":2},"end":{"line":16,"column":69}},"6":{"start":{"line":20,"column":49},"end":{"line":20,"column":70}},"7":{"start":{"line":21,"column":19},"end":{"line":21,"column":36}},"8":{"start":{"line":22,"column":23},"end":{"line":22,"column":52}},"9":{"start":{"line":25,"column":2},"end":{"line":25,"column":53}},"10":{"start":{"line":25,"column":33},"end":{"line":25,"column":53}},"11":{"start":{"line":28,"column":4},"end":{"line":28,"column":71}},"12":{"start":{"line":28,"column":51},"end":{"line":28,"column":70}},"13":{"start":{"line":31,"column":2},"end":{"line":35,"column":3}},"14":{"start":{"line":32,"column":4},"end":{"line":32,"column":58}},"15":{"start":{"line":34,"column":4},"end":{"line":34,"column":32}},"16":{"start":{"line":37,"column":2},"end":{"line":40,"column":4}},"17":{"start":{"line":41,"column":2},"end":{"line":41,"column":19}}},"fnMap":{"0":{"name":"(anonymous_0)","decl":{"start":{"line":5,"column":14},"end":{"line":5,"column":15}},"loc":{"start":{"line":5,"column":22},"end":{"line":12,"column":1}},"line":5},"1":{"name":"getStreakData","decl":{"start":{"line":14,"column":22},"end":{"line":14,"column":35}},"loc":{"start":{"line":14,"column":38},"end":{"line":17,"column":1}},"line":14},"2":{"name":"syncStreak","decl":{"start":{"line":19,"column":22},"end":{"line":19,"column":32}},"loc":{"start":{"line":19,"column":45},"end":{"line":42,"column":1}},"line":19},"3":{"name":"(anonymous_3)","decl":{"start":{"line":28,"column":46},"end":{"line":28,"column":47}},"loc":{"start":{"line":28,"column":51},"end":{"line":28,"column":70}},"line":28}},"branchMap":{"0":{"loc":{"start":{"line":16,"column":9},"end":{"line":16,"column":68}},"type":"cond-expr","locations":[{"start":{"line":16,"column":16},"end":{"line":16,"column":32}},{"start":{"line":16,"column":35},"end":{"line":16,"column":68}}],"line":16},"1":{"loc":{"start":{"line":25,"column":2},"end":{"line":25,"column":53}},"type":"if","locations":[{"start":{"line":25,"column":2},"end":{"line":25,"column":53}},{"start":{},"end":{}}],"line":25},"2":{"loc":{"start":{"line":28,"column":4},"end":{"line":28,"column":71}},"type":"binary-expr","locations":[{"start":{"line":28,"column":4},"end":{"line":28,"column":25}},{"start":{"line":28,"column":29},"end":{"line":28,"column":71}}],"line":28},"3":{"loc":{"start":{"line":31,"column":2},"end":{"line":35,"column":3}},"type":"if","locations":[{"start":{"line":31,"column":2},"end":{"line":35,"column":3}},{"start":{"line":33,"column":9},"end":{"line":35,"column":3}}],"line":31},"4":{"loc":{"start":{"line":32,"column":16},"end":{"line":32,"column":57}},"type":"cond-expr","locations":[{"start":{"line":32,"column":26},"end":{"line":32,"column":42}},{"start":{"line":32,"column":45},"end":{"line":32,"column":57}}],"line":32},"5":{"loc":{"start":{"line":34,"column":16},"end":{"line":34,"column":31}},"type":"cond-expr","locations":[{"start":{"line":34,"column":26},"end":{"line":34,"column":27}},{"start":{"line":34,"column":30},"end":{"line":34,"column":31}}],"line":34}},"s":{"0":5,"1":5,"2":196,"3":196,"4":112,"5":112,"6":98,"7":98,"8":98,"9":98,"10":52,"11":46,"12":11,"13":46,"14":4,"15":42,"16":46,"17":46},"f":{"0":196,"1":112,"2":98,"3":11},"b":{"0":[62,50],"1":[52,46],"2":[46,8],"3":[4,42],"4":[2,2],"5":[3,39]},"_coverageSchema":"1a1c01bbd47fc00a2c39e90264f33305004495a9","hash":"a064d8038dec1926929c388e8215078e6d67be6a"}
,"/Users/agenorhouessou/Documents/dev/ReactNative/Expo/a-demain/utils/tabBarIcons.js": {"path":"/Users/agenorhouessou/Documents/dev/ReactNative/Expo/a-demain/utils/tabBarIcons.js","statementMap":{"0":{"start":{"line":11,"column":16},"end":{"line":11,"column":36}},"1":{"start":{"line":13,"column":2},"end":{"line":15,"column":3}},"2":{"start":{"line":14,"column":4},"end":{"line":14,"column":45}},"3":{"start":{"line":16,"column":2},"end":{"line":18,"column":3}},"4":{"start":{"line":17,"column":4},"end":{"line":17,"column":55}},"5":{"start":{"line":19,"column":2},"end":{"line":21,"column":3}},"6":{"start":{"line":20,"column":4},"end":{"line":20,"column":73}},"7":{"start":{"line":22,"column":2},"end":{"line":22,"column":19}}},"fnMap":{"0":{"name":"getTabBarIconName","decl":{"start":{"line":10,"column":16},"end":{"line":10,"column":33}},"loc":{"start":{"line":10,"column":80},"end":{"line":23,"column":1}},"line":10}},"branchMap":{"0":{"loc":{"start":{"line":10,"column":54},"end":{"line":10,"column":78}},"type":"default-arg","locations":[{"start":{"line":10,"column":67},"end":{"line":10,"column":78}}],"line":10},"1":{"loc":{"start":{"line":13,"column":2},"end":{"line":15,"column":3}},"type":"if","locations":[{"start":{"line":13,"column":2},"end":{"line":15,"column":3}},{"start":{},"end":{}}],"line":13},"2":{"loc":{"start":{"line":14,"column":11},"end":{"line":14,"column":44}},"type":"cond-expr","locations":[{"start":{"line":14,"column":21},"end":{"line":14,"column":27}},{"start":{"line":14,"column":30},"end":{"line":14,"column":44}}],"line":14},"3":{"loc":{"start":{"line":16,"column":2},"end":{"line":18,"column":3}},"type":"if","locations":[{"start":{"line":16,"column":2},"end":{"line":18,"column":3}},{"start":{},"end":{}}],"line":16},"4":{"loc":{"start":{"line":17,"column":11},"end":{"line":17,"column":54}},"type":"cond-expr","locations":[{"start":{"line":17,"column":21},"end":{"line":17,"column":32}},{"start":{"line":17,"column":35},"end":{"line":17,"column":54}}],"line":17},"5":{"loc":{"start":{"line":19,"column":2},"end":{"line":21,"column":3}},"type":"if","locations":[{"start":{"line":19,"column":2},"end":{"line":21,"column":3}},{"start":{},"end":{}}],"line":19},"6":{"loc":{"start":{"line":19,"column":6},"end":{"line":19,"column":46}},"type":"binary-expr","locations":[{"start":{"line":19,"column":6},"end":{"line":19,"column":37}},{"start":{"line":19,"column":41},"end":{"line":19,"column":46}}],"line":19},"7":{"loc":{"start":{"line":20,"column":11},"end":{"line":20,"column":72}},"type":"cond-expr","locations":[{"start":{"line":20,"column":21},"end":{"line":20,"column":41}},{"start":{"line":20,"column":44},"end":{"line":20,"column":72}}],"line":20}},"s":{"0":24,"1":24,"2":8,"3":16,"4":8,"5":8,"6":6,"7":2},"f":{"0":24},"b":{"0":[16],"1":[8,16],"2":[5,3],"3":[8,8],"4":[2,6],"5":[6,2],"6":[8,7],"7":[2,4]},"_coverageSchema":"1a1c01bbd47fc00a2c39e90264f33305004495a9","hash":"c769f9cda7c60b6cdda003bb60a49bc1521a6e63"}
}
