{"/Users/agenorhouessou/Documents/dev/ReactNative/Expo/a-demain/App.js": {"path":"/Users/agenorhouessou/Documents/dev/ReactNative/Expo/a-demain/App.js","statementMap":{"0":{"start":{"line":25,"column":14},"end":{"line":25,"column":42}},"1":{"start":{"line":26,"column":12},"end":{"line":26,"column":38}},"2":{"start":{"line":27,"column":14},"end":{"line":27,"column":35}},"3":{"start":{"line":31,"column":2},"end":{"line":65,"column":4}},"4":{"start":{"line":33,"column":37},"end":{"line":57,"column":7}},"5":{"start":{"line":37,"column":10},"end":{"line":46,"column":45}},"6":{"start":{"line":38,"column":12},"end":{"line":38,"column":57}},"7":{"start":{"line":39,"column":15},"end":{"line":46,"column":45}},"8":{"start":{"line":40,"column":12},"end":{"line":40,"column":65}},"9":{"start":{"line":41,"column":15},"end":{"line":46,"column":45}},"10":{"start":{"line":42,"column":12},"end":{"line":42,"column":67}},"11":{"start":{"line":43,"column":15},"end":{"line":46,"column":45}},"12":{"start":{"line":44,"column":12},"end":{"line":46,"column":45}},"13":{"start":{"line":47,"column":10},"end":{"line":53,"column":12}},"14":{"start":{"line":98,"column":2},"end":{"line":100,"column":9}},"15":{"start":{"line":99,"column":4},"end":{"line":99,"column":35}},"16":{"start":{"line":102,"column":2},"end":{"line":117,"column":4}}},"fnMap":{"0":{"name":"RootTabs","decl":{"start":{"line":30,"column":9},"end":{"line":30,"column":17}},"loc":{"start":{"line":30,"column":20},"end":{"line":66,"column":1}},"line":30},"1":{"name":"(anonymous_1)","decl":{"start":{"line":33,"column":21},"end":{"line":33,"column":22}},"loc":{"start":{"line":33,"column":37},"end":{"line":57,"column":7}},"line":33},"2":{"name":"(anonymous_2)","decl":{"start":{"line":35,"column":20},"end":{"line":35,"column":21}},"loc":{"start":{"line":35,"column":50},"end":{"line":54,"column":9}},"line":35},"3":{"name":"App","decl":{"start":{"line":68,"column":24},"end":{"line":68,"column":27}},"loc":{"start":{"line":68,"column":30},"end":{"line":118,"column":1}},"line":68},"4":{"name":"(anonymous_4)","decl":{"start":{"line":98,"column":12},"end":{"line":98,"column":13}},"loc":{"start":{"line":98,"column":18},"end":{"line":100,"column":3}},"line":98}},"branchMap":{"0":{"loc":{"start":{"line":37,"column":10},"end":{"line":46,"column":45}},"type":"if","locations":[{"start":{"line":37,"column":10},"end":{"line":46,"column":45}},{"start":{"line":39,"column":15},"end":{"line":46,"column":45}}],"line":37},"1":{"loc":{"start":{"line":38,"column":23},"end":{"line":38,"column":56}},"type":"cond-expr","locations":[{"start":{"line":38,"column":33},"end":{"line":38,"column":39}},{"start":{"line":38,"column":42},"end":{"line":38,"column":56}}],"line":38},"2":{"loc":{"start":{"line":39,"column":15},"end":{"line":46,"column":45}},"type":"if","locations":[{"start":{"line":39,"column":15},"end":{"line":46,"column":45}},{"start":{"line":41,"column":15},"end":{"line":46,"column":45}}],"line":39},"3":{"loc":{"start":{"line":40,"column":23},"end":{"line":40,"column":64}},"type":"cond-expr","locations":[{"start":{"line":40,"column":33},"end":{"line":40,"column":43}},{"start":{"line":40,"column":46},"end":{"line":40,"column":64}}],"line":40},"4":{"loc":{"start":{"line":41,"column":15},"end":{"line":46,"column":45}},"type":"if","locations":[{"start":{"line":41,"column":15},"end":{"line":46,"column":45}},{"start":{"line":43,"column":15},"end":{"line":46,"column":45}}],"line":41},"5":{"loc":{"start":{"line":42,"column":23},"end":{"line":42,"column":66}},"type":"cond-expr","locations":[{"start":{"line":42,"column":33},"end":{"line":42,"column":44}},{"start":{"line":42,"column":47},"end":{"line":42,"column":66}}],"line":42},"6":{"loc":{"start":{"line":43,"column":15},"end":{"line":46,"column":45}},"type":"if","locations":[{"start":{"line":43,"column":15},"end":{"line":46,"column":45}},{"start":{},"end":{}}],"line":43},"7":{"loc":{"start":{"line":43,"column":19},"end":{"line":43,"column":60}},"type":"binary-expr","locations":[{"start":{"line":43,"column":19},"end":{"line":43,"column":51}},{"start":{"line":43,"column":55},"end":{"line":43,"column":60}}],"line":43},"8":{"loc":{"start":{"line":44,"column":23},"end":{"line":46,"column":44}},"type":"cond-expr","locations":[{"start":{"line":45,"column":16},"end":{"line":45,"column":36}},{"start":{"line":46,"column":16},"end":{"line":46,"column":44}}],"line":44},"9":{"loc":{"start":{"line":51,"column":21},"end":{"line":51,"column":50}},"type":"cond-expr","locations":[{"start":{"line":51,"column":31},"end":{"line":51,"column":40}},{"start":{"line":51,"column":43},"end":{"line":51,"column":50}}],"line":51},"10":{"loc":{"start":{"line":62,"column":7},"end":{"line":63,"column":77}},"type":"binary-expr","locations":[{"start":{"line":62,"column":7},"end":{"line":62,"column":12}},{"start":{"line":63,"column":8},"end":{"line":63,"column":77}}],"line":62}},"s":{"0":1,"1":1,"2":1,"3":0,"4":0,"5":0,"6":0,"7":0,"8":0,"9":0,"10":0,"11":0,"12":0,"13":0,"14":1,"15":1,"16":1},"f":{"0":0,"1":0,"2":0,"3":1,"4":1},"b":{"0":[0,0],"1":[0,0],"2":[0,0],"3":[0,0],"4":[0,0],"5":[0,0],"6":[0,0],"7":[0,0],"8":[0,0],"9":[0,0],"10":[0,0]},"_coverageSchema":"1a1c01bbd47fc00a2c39e90264f33305004495a9","hash":"fc2f8a193e10f593aa48404bffa3ee4d080a00b3"}
,"/Users/agenorhouessou/Documents/dev/ReactNative/Expo/a-demain/assets/Flamme_A_demain.png": {"path":"/Users/agenorhouessou/Documents/dev/ReactNative/Expo/a-demain/assets/Flamme_A_demain.png","statementMap":{"0":{"start":{"line":1,"column":0},"end":{"line":4,"column":6}}},"fnMap":{},"branchMap":{},"s":{"0":2},"f":{},"b":{},"_coverageSchema":"1a1c01bbd47fc00a2c39e90264f33305004495a9","hash":"b5e32b9e31628fb452fc62fc95d53adb2f5552fb"}
,"/Users/agenorhouessou/Documents/dev/ReactNative/Expo/a-demain/assets/Logo_Header.png": {"path":"/Users/agenorhouessou/Documents/dev/ReactNative/Expo/a-demain/assets/Logo_Header.png","statementMap":{"0":{"start":{"line":1,"column":0},"end":{"line":4,"column":6}}},"fnMap":{},"branchMap":{},"s":{"0":3},"f":{},"b":{},"_coverageSchema":"1a1c01bbd47fc00a2c39e90264f33305004495a9","hash":"c5df9f88173f9de252745fc9263ff5a18b3fafb3"}
,"/Users/agenorhouessou/Documents/dev/ReactNative/Expo/a-demain/components/AnimatedCheckbox.js": {"path":"/Users/agenorhouessou/Documents/dev/ReactNative/Expo/a-demain/components/AnimatedCheckbox.js","statementMap":{"0":{"start":{"line":14,"column":23},"end":{"line":14,"column":24}},"1":{"start":{"line":15,"column":24},"end":{"line":15,"column":68}},"2":{"start":{"line":16,"column":15},"end":{"line":16,"column":91}},"3":{"start":{"line":16,"column":64},"end":{"line":16,"column":90}},"4":{"start":{"line":17,"column":24},"end":{"line":17,"column":107}},"5":{"start":{"line":17,"column":73},"end":{"line":17,"column":106}},"6":{"start":{"line":20,"column":4},"end":{"line":20,"column":59}},"7":{"start":{"line":24,"column":16},"end":{"line":24,"column":33}},"8":{"start":{"line":25,"column":18},"end":{"line":25,"column":35}},"9":{"start":{"line":27,"column":2},"end":{"line":36,"column":15}},"10":{"start":{"line":28,"column":4},"end":{"line":35,"column":5}},"11":{"start":{"line":29,"column":6},"end":{"line":31,"column":9}},"12":{"start":{"line":30,"column":8},"end":{"line":30,"column":36}},"13":{"start":{"line":32,"column":6},"end":{"line":34,"column":9}},"14":{"start":{"line":33,"column":8},"end":{"line":33,"column":26}},"15":{"start":{"line":38,"column":24},"end":{"line":43,"column":4}},"16":{"start":{"line":39,"column":4},"end":{"line":42,"column":6}},"17":{"start":{"line":45,"column":28},"end":{"line":79,"column":3}},"18":{"start":{"line":46,"column":4},"end":{"line":78,"column":7}},"19":{"start":{"line":47,"column":20},"end":{"line":47,"column":41}},"20":{"start":{"line":48,"column":28},"end":{"line":75,"column":8}},"21":{"start":{"line":49,"column":20},"end":{"line":49,"column":43}},"22":{"start":{"line":50,"column":25},"end":{"line":55,"column":9}},"23":{"start":{"line":57,"column":24},"end":{"line":62,"column":9}},"24":{"start":{"line":64,"column":8},"end":{"line":74,"column":10}},"25":{"start":{"line":77,"column":6},"end":{"line":77,"column":80}},"26":{"start":{"line":81,"column":2},"end":{"line":104,"column":4}},"27":{"start":{"line":107,"column":15},"end":{"line":147,"column":2}}},"fnMap":{"0":{"name":"(anonymous_0)","decl":{"start":{"line":16,"column":54},"end":{"line":16,"column":55}},"loc":{"start":{"line":16,"column":64},"end":{"line":16,"column":90}},"line":16},"1":{"name":"(anonymous_1)","decl":{"start":{"line":17,"column":63},"end":{"line":17,"column":64}},"loc":{"start":{"line":17,"column":73},"end":{"line":17,"column":106}},"line":17},"2":{"name":"getRandomColor","decl":{"start":{"line":19,"column":9},"end":{"line":19,"column":23}},"loc":{"start":{"line":19,"column":31},"end":{"line":21,"column":1}},"line":19},"3":{"name":"AnimatedCheckbox","decl":{"start":{"line":23,"column":24},"end":{"line":23,"column":40}},"loc":{"start":{"line":23,"column":53},"end":{"line":105,"column":1}},"line":23},"4":{"name":"(anonymous_4)","decl":{"start":{"line":27,"column":12},"end":{"line":27,"column":13}},"loc":{"start":{"line":27,"column":18},"end":{"line":36,"column":3}},"line":27},"5":{"name":"(anonymous_5)","decl":{"start":{"line":29,"column":40},"end":{"line":29,"column":41}},"loc":{"start":{"line":29,"column":46},"end":{"line":31,"column":7}},"line":29},"6":{"name":"(anonymous_6)","decl":{"start":{"line":32,"column":55},"end":{"line":32,"column":56}},"loc":{"start":{"line":32,"column":61},"end":{"line":34,"column":7}},"line":32},"7":{"name":"(anonymous_7)","decl":{"start":{"line":38,"column":41},"end":{"line":38,"column":42}},"loc":{"start":{"line":38,"column":47},"end":{"line":43,"column":3}},"line":38},"8":{"name":"(anonymous_8)","decl":{"start":{"line":45,"column":28},"end":{"line":45,"column":29}},"loc":{"start":{"line":45,"column":54},"end":{"line":79,"column":3}},"line":45},"9":{"name":"(anonymous_9)","decl":{"start":{"line":46,"column":22},"end":{"line":46,"column":23}},"loc":{"start":{"line":46,"column":40},"end":{"line":78,"column":5}},"line":46},"10":{"name":"(anonymous_10)","decl":{"start":{"line":48,"column":45},"end":{"line":48,"column":46}},"loc":{"start":{"line":48,"column":51},"end":{"line":75,"column":7}},"line":48}},"branchMap":{"0":{"loc":{"start":{"line":28,"column":4},"end":{"line":35,"column":5}},"type":"if","locations":[{"start":{"line":28,"column":4},"end":{"line":35,"column":5}},{"start":{},"end":{}}],"line":28},"1":{"loc":{"start":{"line":87,"column":11},"end":{"line":100,"column":11}},"type":"cond-expr","locations":[{"start":{"line":88,"column":12},"end":{"line":95,"column":29}},{"start":{"line":97,"column":12},"end":{"line":99,"column":19}}],"line":87}},"s":{"0":2,"1":2,"2":2,"3":14,"4":2,"5":14,"6":644,"7":46,"8":46,"9":46,"10":40,"11":6,"12":6,"13":6,"14":6,"15":46,"16":345,"17":46,"18":92,"19":644,"20":644,"21":4816,"22":4816,"23":4816,"24":4816,"25":644,"26":46,"27":2},"f":{"0":14,"1":14,"2":644,"3":46,"4":40,"5":6,"6":6,"7":345,"8":92,"9":644,"10":4816},"b":{"0":[6,34],"1":[9,37]},"_coverageSchema":"1a1c01bbd47fc00a2c39e90264f33305004495a9","hash":"17e5fcb261062e663a8f41e3121c8a53a73363a9"}
,"/Users/agenorhouessou/Documents/dev/ReactNative/Expo/a-demain/components/TaskItem.js": {"path":"/Users/agenorhouessou/Documents/dev/ReactNative/Expo/a-demain/components/TaskItem.js","statementMap":{"0":{"start":{"line":9,"column":17},"end":{"line":55,"column":1}},"1":{"start":{"line":10,"column":23},"end":{"line":10,"column":35}},"2":{"start":{"line":12,"column":28},"end":{"line":16,"column":3}},"3":{"start":{"line":13,"column":4},"end":{"line":15,"column":17}},"4":{"start":{"line":13,"column":57},"end":{"line":13,"column":71}},"5":{"start":{"line":18,"column":29},"end":{"line":22,"column":3}},"6":{"start":{"line":19,"column":4},"end":{"line":21,"column":17}},"7":{"start":{"line":19,"column":58},"end":{"line":19,"column":72}},"8":{"start":{"line":24,"column":2},"end":{"line":54,"column":4}},"9":{"start":{"line":37,"column":23},"end":{"line":37,"column":35}},"10":{"start":{"line":39,"column":10},"end":{"line":39,"column":51}},"11":{"start":{"line":39,"column":38},"end":{"line":39,"column":51}},"12":{"start":{"line":59,"column":15},"end":{"line":104,"column":2}}},"fnMap":{"0":{"name":"(anonymous_0)","decl":{"start":{"line":9,"column":17},"end":{"line":9,"column":18}},"loc":{"start":{"line":9,"column":67},"end":{"line":55,"column":1}},"line":9},"1":{"name":"(anonymous_1)","decl":{"start":{"line":12,"column":28},"end":{"line":12,"column":29}},"loc":{"start":{"line":13,"column":4},"end":{"line":15,"column":17}},"line":13},"2":{"name":"(anonymous_2)","decl":{"start":{"line":13,"column":51},"end":{"line":13,"column":52}},"loc":{"start":{"line":13,"column":57},"end":{"line":13,"column":71}},"line":13},"3":{"name":"(anonymous_3)","decl":{"start":{"line":18,"column":29},"end":{"line":18,"column":30}},"loc":{"start":{"line":19,"column":4},"end":{"line":21,"column":17}},"line":19},"4":{"name":"(anonymous_4)","decl":{"start":{"line":19,"column":52},"end":{"line":19,"column":53}},"loc":{"start":{"line":19,"column":58},"end":{"line":19,"column":72}},"line":19},"5":{"name":"(anonymous_5)","decl":{"start":{"line":37,"column":17},"end":{"line":37,"column":18}},"loc":{"start":{"line":37,"column":23},"end":{"line":37,"column":35}},"line":37},"6":{"name":"(anonymous_6)","decl":{"start":{"line":38,"column":21},"end":{"line":38,"column":22}},"loc":{"start":{"line":38,"column":27},"end":{"line":40,"column":9}},"line":38}},"branchMap":{"0":{"loc":{"start":{"line":28,"column":8},"end":{"line":28,"column":62}},"type":"cond-expr","locations":[{"start":{"line":28,"column":33},"end":{"line":28,"column":50}},{"start":{"line":28,"column":53},"end":{"line":28,"column":62}}],"line":28},"1":{"loc":{"start":{"line":31,"column":8},"end":{"line":31,"column":63}},"type":"cond-expr","locations":[{"start":{"line":31,"column":33},"end":{"line":31,"column":51}},{"start":{"line":31,"column":54},"end":{"line":31,"column":63}}],"line":31},"2":{"loc":{"start":{"line":36,"column":29},"end":{"line":36,"column":70}},"type":"binary-expr","locations":[{"start":{"line":36,"column":29},"end":{"line":36,"column":51}},{"start":{"line":36,"column":55},"end":{"line":36,"column":70}}],"line":36},"3":{"loc":{"start":{"line":39,"column":10},"end":{"line":39,"column":51}},"type":"if","locations":[{"start":{"line":39,"column":10},"end":{"line":39,"column":51}},{"start":{},"end":{}}],"line":39},"4":{"loc":{"start":{"line":47,"column":12},"end":{"line":47,"column":57}},"type":"binary-expr","locations":[{"start":{"line":47,"column":12},"end":{"line":47,"column":34}},{"start":{"line":47,"column":38},"end":{"line":47,"column":57}}],"line":47}},"s":{"0":3,"1":50,"2":50,"3":40,"4":2,"5":50,"6":40,"7":2,"8":50,"9":7,"10":3,"11":2,"12":3},"f":{"0":50,"1":40,"2":2,"3":40,"4":2,"5":7,"6":3},"b":{"0":[40,10],"1":[40,10],"2":[50,10],"3":[2,1],"4":[50,10]},"_coverageSchema":"1a1c01bbd47fc00a2c39e90264f33305004495a9","hash":"c4f1ad6417096b50be807cb253789a2d077a97c7"}
,"/Users/agenorhouessou/Documents/dev/ReactNative/Expo/a-demain/components/TimePicker.js": {"path":"/Users/agenorhouessou/Documents/dev/ReactNative/Expo/a-demain/components/TimePicker.js","statementMap":{"0":{"start":{"line":6,"column":19},"end":{"line":45,"column":1}},"1":{"start":{"line":7,"column":44},"end":{"line":7,"column":59}},"2":{"start":{"line":9,"column":21},"end":{"line":21,"column":3}},"3":{"start":{"line":10,"column":4},"end":{"line":20,"column":5}},"4":{"start":{"line":11,"column":6},"end":{"line":17,"column":9}},"5":{"start":{"line":19,"column":6},"end":{"line":19,"column":29}},"6":{"start":{"line":23,"column":2},"end":{"line":44,"column":4}},"7":{"start":{"line":38,"column":12},"end":{"line":38,"column":60}},"8":{"start":{"line":38,"column":30},"end":{"line":38,"column":60}},"9":{"start":{"line":39,"column":12},"end":{"line":39,"column":36}},"10":{"start":{"line":47,"column":15},"end":{"line":66,"column":2}}},"fnMap":{"0":{"name":"(anonymous_0)","decl":{"start":{"line":6,"column":19},"end":{"line":6,"column":20}},"loc":{"start":{"line":6,"column":44},"end":{"line":45,"column":1}},"line":6},"1":{"name":"(anonymous_1)","decl":{"start":{"line":9,"column":21},"end":{"line":9,"column":22}},"loc":{"start":{"line":9,"column":27},"end":{"line":21,"column":3}},"line":9},"2":{"name":"(anonymous_2)","decl":{"start":{"line":37,"column":20},"end":{"line":37,"column":21}},"loc":{"start":{"line":37,"column":45},"end":{"line":40,"column":11}},"line":37}},"branchMap":{"0":{"loc":{"start":{"line":10,"column":4},"end":{"line":20,"column":5}},"type":"if","locations":[{"start":{"line":10,"column":4},"end":{"line":20,"column":5}},{"start":{"line":18,"column":11},"end":{"line":20,"column":5}}],"line":10},"1":{"loc":{"start":{"line":31,"column":7},"end":{"line":42,"column":7}},"type":"binary-expr","locations":[{"start":{"line":31,"column":7},"end":{"line":31,"column":28}},{"start":{"line":31,"column":32},"end":{"line":31,"column":45}},{"start":{"line":32,"column":8},"end":{"line":41,"column":10}}],"line":31},"2":{"loc":{"start":{"line":38,"column":12},"end":{"line":38,"column":60}},"type":"if","locations":[{"start":{"line":38,"column":12},"end":{"line":38,"column":60}},{"start":{},"end":{}}],"line":38}},"s":{"0":3,"1":14,"2":14,"3":4,"4":1,"5":3,"6":14,"7":2,"8":1,"9":2,"10":3},"f":{"0":14,"1":4,"2":2},"b":{"0":[1,3],"1":[14,13,3],"2":[1,1]},"_coverageSchema":"1a1c01bbd47fc00a2c39e90264f33305004495a9","hash":"81ee61126cfdd6fc61b2b83db9305f74e6796357"}
,"/Users/agenorhouessou/Documents/dev/ReactNative/Expo/a-demain/components/TomorrowTaskItem.js": {"path":"/Users/agenorhouessou/Documents/dev/ReactNative/Expo/a-demain/components/TomorrowTaskItem.js","statementMap":{"0":{"start":{"line":10,"column":25},"end":{"line":48,"column":1}},"1":{"start":{"line":11,"column":23},"end":{"line":11,"column":35}},"2":{"start":{"line":13,"column":26},"end":{"line":18,"column":3}},"3":{"start":{"line":14,"column":4},"end":{"line":17,"column":5}},"4":{"start":{"line":15,"column":6},"end":{"line":15,"column":24}},"5":{"start":{"line":16,"column":6},"end":{"line":16,"column":36}},"6":{"start":{"line":20,"column":29},"end":{"line":24,"column":3}},"7":{"start":{"line":21,"column":4},"end":{"line":23,"column":17}},"8":{"start":{"line":21,"column":58},"end":{"line":21,"column":75}},"9":{"start":{"line":26,"column":2},"end":{"line":47,"column":4}},"10":{"start":{"line":34,"column":27},"end":{"line":34,"column":39}},"11":{"start":{"line":52,"column":15},"end":{"line":81,"column":2}}},"fnMap":{"0":{"name":"(anonymous_0)","decl":{"start":{"line":10,"column":25},"end":{"line":10,"column":26}},"loc":{"start":{"line":10,"column":57},"end":{"line":48,"column":1}},"line":10},"1":{"name":"(anonymous_1)","decl":{"start":{"line":13,"column":26},"end":{"line":13,"column":27}},"loc":{"start":{"line":13,"column":41},"end":{"line":18,"column":3}},"line":13},"2":{"name":"(anonymous_2)","decl":{"start":{"line":20,"column":29},"end":{"line":20,"column":30}},"loc":{"start":{"line":21,"column":4},"end":{"line":23,"column":17}},"line":21},"3":{"name":"(anonymous_3)","decl":{"start":{"line":21,"column":52},"end":{"line":21,"column":53}},"loc":{"start":{"line":21,"column":58},"end":{"line":21,"column":75}},"line":21},"4":{"name":"(anonymous_4)","decl":{"start":{"line":34,"column":21},"end":{"line":34,"column":22}},"loc":{"start":{"line":34,"column":27},"end":{"line":34,"column":39}},"line":34}},"branchMap":{"0":{"loc":{"start":{"line":14,"column":4},"end":{"line":17,"column":5}},"type":"if","locations":[{"start":{"line":14,"column":4},"end":{"line":17,"column":5}},{"start":{},"end":{}}],"line":14}},"s":{"0":3,"1":9,"2":9,"3":1,"4":1,"5":1,"6":9,"7":9,"8":3,"9":9,"10":2,"11":3},"f":{"0":9,"1":1,"2":9,"3":3,"4":2},"b":{"0":[1,0]},"_coverageSchema":"1a1c01bbd47fc00a2c39e90264f33305004495a9","hash":"e2f601028b0095019e386a8b63f7f39e670a03e2"}
,"/Users/agenorhouessou/Documents/dev/ReactNative/Expo/a-demain/screens/HomeScreen.js": {"path":"/Users/agenorhouessou/Documents/dev/ReactNative/Expo/a-demain/screens/HomeScreen.js","statementMap":{"0":{"start":{"line":40,"column":19},"end":{"line":401,"column":1}},"1":{"start":{"line":41,"column":28},"end":{"line":41,"column":40}},"2":{"start":{"line":42,"column":44},"end":{"line":42,"column":56}},"3":{"start":{"line":43,"column":44},"end":{"line":43,"column":59}},"4":{"start":{"line":44,"column":20},"end":{"line":44,"column":34}},"5":{"start":{"line":45,"column":21},"end":{"line":45,"column":58}},"6":{"start":{"line":46,"column":44},"end":{"line":46,"column":55}},"7":{"start":{"line":47,"column":30},"end":{"line":47,"column":41}},"8":{"start":{"line":49,"column":30},"end":{"line":127,"column":3}},"9":{"start":{"line":50,"column":21},"end":{"line":50,"column":56}},"10":{"start":{"line":53,"column":4},"end":{"line":58,"column":5}},"11":{"start":{"line":54,"column":21},"end":{"line":54,"column":41}},"12":{"start":{"line":55,"column":6},"end":{"line":57,"column":7}},"13":{"start":{"line":56,"column":8},"end":{"line":56,"column":15}},"14":{"start":{"line":60,"column":16},"end":{"line":60,"column":26}},"15":{"start":{"line":61,"column":18},"end":{"line":61,"column":52}},"16":{"start":{"line":63,"column":26},"end":{"line":120,"column":5}},"17":{"start":{"line":122,"column":4},"end":{"line":122,"column":71}},"18":{"start":{"line":124,"column":4},"end":{"line":126,"column":5}},"19":{"start":{"line":125,"column":6},"end":{"line":125,"column":19}},"20":{"start":{"line":129,"column":20},"end":{"line":157,"column":3}},"21":{"start":{"line":130,"column":18},"end":{"line":130,"column":40}},"22":{"start":{"line":131,"column":18},"end":{"line":131,"column":28}},"23":{"start":{"line":132,"column":23},"end":{"line":134,"column":5}},"24":{"start":{"line":133,"column":13},"end":{"line":133,"column":78}},"25":{"start":{"line":136,"column":20},"end":{"line":136,"column":30}},"26":{"start":{"line":137,"column":4},"end":{"line":137,"column":41}},"27":{"start":{"line":138,"column":16},"end":{"line":140,"column":5}},"28":{"start":{"line":139,"column":13},"end":{"line":139,"column":80}},"29":{"start":{"line":142,"column":4},"end":{"line":142,"column":25}},"30":{"start":{"line":143,"column":4},"end":{"line":143,"column":26}},"31":{"start":{"line":146,"column":18},"end":{"line":146,"column":37}},"32":{"start":{"line":147,"column":4},"end":{"line":147,"column":42}},"33":{"start":{"line":148,"column":4},"end":{"line":154,"column":6}},"34":{"start":{"line":156,"column":4},"end":{"line":156,"column":41}},"35":{"start":{"line":159,"column":25},"end":{"line":178,"column":3}},"36":{"start":{"line":160,"column":19},"end":{"line":160,"column":54}},"37":{"start":{"line":161,"column":21},"end":{"line":161,"column":53}},"38":{"start":{"line":163,"column":20},"end":{"line":169,"column":6}},"39":{"start":{"line":164,"column":6},"end":{"line":167,"column":7}},"40":{"start":{"line":165,"column":26},"end":{"line":165,"column":66}},"41":{"start":{"line":166,"column":8},"end":{"line":166,"column":43}},"42":{"start":{"line":168,"column":6},"end":{"line":168,"column":15}},"43":{"start":{"line":171,"column":4},"end":{"line":173,"column":5}},"44":{"start":{"line":172,"column":6},"end":{"line":172,"column":38}},"45":{"start":{"line":175,"column":4},"end":{"line":175,"column":65}},"46":{"start":{"line":176,"column":4},"end":{"line":176,"column":16}},"47":{"start":{"line":177,"column":4},"end":{"line":177,"column":17}},"48":{"start":{"line":180,"column":27},"end":{"line":198,"column":3}},"49":{"start":{"line":181,"column":19},"end":{"line":181,"column":54}},"50":{"start":{"line":182,"column":21},"end":{"line":182,"column":53}},"51":{"start":{"line":183,"column":22},"end":{"line":190,"column":6}},"52":{"start":{"line":191,"column":4},"end":{"line":191,"column":27}},"53":{"start":{"line":191,"column":20},"end":{"line":191,"column":27}},"54":{"start":{"line":193,"column":4},"end":{"line":193,"column":67}},"55":{"start":{"line":194,"column":4},"end":{"line":196,"column":5}},"56":{"start":{"line":195,"column":6},"end":{"line":195,"column":31}},"57":{"start":{"line":197,"column":4},"end":{"line":197,"column":16}},"58":{"start":{"line":200,"column":21},"end":{"line":211,"column":3}},"59":{"start":{"line":201,"column":19},"end":{"line":201,"column":54}},"60":{"start":{"line":202,"column":19},"end":{"line":202,"column":51}},"61":{"start":{"line":203,"column":17},"end":{"line":203,"column":50}},"62":{"start":{"line":203,"column":38},"end":{"line":203,"column":49}},"63":{"start":{"line":204,"column":4},"end":{"line":206,"column":5}},"64":{"start":{"line":205,"column":6},"end":{"line":205,"column":56}},"65":{"start":{"line":207,"column":21},"end":{"line":207,"column":56}},"66":{"start":{"line":207,"column":44},"end":{"line":207,"column":55}},"67":{"start":{"line":208,"column":4},"end":{"line":208,"column":66}},"68":{"start":{"line":210,"column":4},"end":{"line":210,"column":16}},"69":{"start":{"line":213,"column":19},"end":{"line":217,"column":3}},"70":{"start":{"line":214,"column":14},"end":{"line":214,"column":24}},"71":{"start":{"line":215,"column":4},"end":{"line":215,"column":31}},"72":{"start":{"line":216,"column":4},"end":{"line":216,"column":13}},"73":{"start":{"line":220,"column":4},"end":{"line":222,"column":50}},"74":{"start":{"line":221,"column":23},"end":{"line":221,"column":42}},"75":{"start":{"line":222,"column":23},"end":{"line":222,"column":49}},"76":{"start":{"line":224,"column":21},"end":{"line":229,"column":3}},"77":{"start":{"line":226,"column":21},"end":{"line":226,"column":43}},"78":{"start":{"line":227,"column":18},"end":{"line":227,"column":40}},"79":{"start":{"line":228,"column":4},"end":{"line":228,"column":42}},"80":{"start":{"line":231,"column":21},"end":{"line":252,"column":3}},"81":{"start":{"line":232,"column":4},"end":{"line":251,"column":6}},"82":{"start":{"line":236,"column":8},"end":{"line":238,"column":9}},"83":{"start":{"line":237,"column":10},"end":{"line":237,"column":28}},"84":{"start":{"line":241,"column":8},"end":{"line":242,"column":44}},"85":{"start":{"line":242,"column":10},"end":{"line":242,"column":44}},"86":{"start":{"line":245,"column":8},"end":{"line":245,"column":67}},"87":{"start":{"line":245,"column":50},"end":{"line":245,"column":67}},"88":{"start":{"line":248,"column":8},"end":{"line":249,"column":61}},"89":{"start":{"line":249,"column":10},"end":{"line":249,"column":61}},"90":{"start":{"line":254,"column":2},"end":{"line":256,"column":9}},"91":{"start":{"line":255,"column":4},"end":{"line":255,"column":35}},"92":{"start":{"line":258,"column":2},"end":{"line":264,"column":18}},"93":{"start":{"line":259,"column":4},"end":{"line":259,"column":17}},"94":{"start":{"line":260,"column":4},"end":{"line":263,"column":5}},"95":{"start":{"line":261,"column":6},"end":{"line":261,"column":18}},"96":{"start":{"line":262,"column":6},"end":{"line":262,"column":19}},"97":{"start":{"line":266,"column":2},"end":{"line":277,"column":14}},"98":{"start":{"line":267,"column":23},"end":{"line":275,"column":6}},"99":{"start":{"line":268,"column":16},"end":{"line":268,"column":35}},"100":{"start":{"line":269,"column":18},"end":{"line":269,"column":28}},"101":{"start":{"line":270,"column":6},"end":{"line":274,"column":8}},"102":{"start":{"line":276,"column":4},"end":{"line":276,"column":43}},"103":{"start":{"line":279,"column":2},"end":{"line":286,"column":9}},"104":{"start":{"line":280,"column":17},"end":{"line":283,"column":5}},"105":{"start":{"line":281,"column":6},"end":{"line":281,"column":35}},"106":{"start":{"line":282,"column":6},"end":{"line":282,"column":24}},"107":{"start":{"line":285,"column":4},"end":{"line":285,"column":11}},"108":{"start":{"line":288,"column":2},"end":{"line":302,"column":27}},"109":{"start":{"line":289,"column":4},"end":{"line":301,"column":7}},"110":{"start":{"line":291,"column":8},"end":{"line":300,"column":9}},"111":{"start":{"line":304,"column":2},"end":{"line":308,"column":21}},"112":{"start":{"line":305,"column":4},"end":{"line":307,"column":5}},"113":{"start":{"line":306,"column":6},"end":{"line":306,"column":30}},"114":{"start":{"line":310,"column":2},"end":{"line":400,"column":4}},"115":{"start":{"line":334,"column":31},"end":{"line":334,"column":68}},"116":{"start":{"line":355,"column":39},"end":{"line":355,"column":61}},"117":{"start":{"line":362,"column":36},"end":{"line":362,"column":43}},"118":{"start":{"line":394,"column":39},"end":{"line":394,"column":61}},"119":{"start":{"line":405,"column":15},"end":{"line":565,"column":2}}},"fnMap":{"0":{"name":"(anonymous_0)","decl":{"start":{"line":40,"column":19},"end":{"line":40,"column":20}},"loc":{"start":{"line":40,"column":39},"end":{"line":401,"column":1}},"line":40},"1":{"name":"(anonymous_1)","decl":{"start":{"line":49,"column":30},"end":{"line":49,"column":31}},"loc":{"start":{"line":49,"column":52},"end":{"line":127,"column":3}},"line":49},"2":{"name":"(anonymous_2)","decl":{"start":{"line":129,"column":20},"end":{"line":129,"column":21}},"loc":{"start":{"line":129,"column":32},"end":{"line":157,"column":3}},"line":129},"3":{"name":"(anonymous_3)","decl":{"start":{"line":133,"column":6},"end":{"line":133,"column":7}},"loc":{"start":{"line":133,"column":13},"end":{"line":133,"column":78}},"line":133},"4":{"name":"(anonymous_4)","decl":{"start":{"line":139,"column":6},"end":{"line":139,"column":7}},"loc":{"start":{"line":139,"column":13},"end":{"line":139,"column":80}},"line":139},"5":{"name":"(anonymous_5)","decl":{"start":{"line":159,"column":25},"end":{"line":159,"column":26}},"loc":{"start":{"line":159,"column":41},"end":{"line":178,"column":3}},"line":159},"6":{"name":"(anonymous_6)","decl":{"start":{"line":163,"column":33},"end":{"line":163,"column":34}},"loc":{"start":{"line":163,"column":40},"end":{"line":169,"column":5}},"line":163},"7":{"name":"(anonymous_7)","decl":{"start":{"line":180,"column":27},"end":{"line":180,"column":28}},"loc":{"start":{"line":180,"column":49},"end":{"line":198,"column":3}},"line":180},"8":{"name":"(anonymous_8)","decl":{"start":{"line":200,"column":21},"end":{"line":200,"column":22}},"loc":{"start":{"line":200,"column":35},"end":{"line":211,"column":3}},"line":200},"9":{"name":"(anonymous_9)","decl":{"start":{"line":203,"column":31},"end":{"line":203,"column":32}},"loc":{"start":{"line":203,"column":38},"end":{"line":203,"column":49}},"line":203},"10":{"name":"(anonymous_10)","decl":{"start":{"line":207,"column":37},"end":{"line":207,"column":38}},"loc":{"start":{"line":207,"column":44},"end":{"line":207,"column":55}},"line":207},"11":{"name":"(anonymous_11)","decl":{"start":{"line":213,"column":19},"end":{"line":213,"column":20}},"loc":{"start":{"line":213,"column":25},"end":{"line":217,"column":3}},"line":213},"12":{"name":"(anonymous_12)","decl":{"start":{"line":221,"column":16},"end":{"line":221,"column":17}},"loc":{"start":{"line":221,"column":23},"end":{"line":221,"column":42}},"line":221},"13":{"name":"(anonymous_13)","decl":{"start":{"line":222,"column":16},"end":{"line":222,"column":17}},"loc":{"start":{"line":222,"column":23},"end":{"line":222,"column":49}},"line":222},"14":{"name":"(anonymous_14)","decl":{"start":{"line":224,"column":21},"end":{"line":224,"column":22}},"loc":{"start":{"line":224,"column":33},"end":{"line":229,"column":3}},"line":224},"15":{"name":"(anonymous_15)","decl":{"start":{"line":231,"column":21},"end":{"line":231,"column":22}},"loc":{"start":{"line":232,"column":4},"end":{"line":251,"column":6}},"line":232},"16":{"name":"(anonymous_16)","decl":{"start":{"line":234,"column":14},"end":{"line":234,"column":15}},"loc":{"start":{"line":234,"column":21},"end":{"line":239,"column":7}},"line":234},"17":{"name":"(anonymous_17)","decl":{"start":{"line":240,"column":16},"end":{"line":240,"column":17}},"loc":{"start":{"line":240,"column":23},"end":{"line":243,"column":7}},"line":240},"18":{"name":"(anonymous_18)","decl":{"start":{"line":244,"column":16},"end":{"line":244,"column":17}},"loc":{"start":{"line":244,"column":23},"end":{"line":246,"column":7}},"line":244},"19":{"name":"(anonymous_19)","decl":{"start":{"line":247,"column":14},"end":{"line":247,"column":15}},"loc":{"start":{"line":247,"column":21},"end":{"line":250,"column":7}},"line":247},"20":{"name":"(anonymous_20)","decl":{"start":{"line":254,"column":12},"end":{"line":254,"column":13}},"loc":{"start":{"line":254,"column":18},"end":{"line":256,"column":3}},"line":254},"21":{"name":"(anonymous_21)","decl":{"start":{"line":258,"column":12},"end":{"line":258,"column":13}},"loc":{"start":{"line":258,"column":18},"end":{"line":264,"column":3}},"line":258},"22":{"name":"(anonymous_22)","decl":{"start":{"line":266,"column":12},"end":{"line":266,"column":13}},"loc":{"start":{"line":266,"column":18},"end":{"line":277,"column":3}},"line":266},"23":{"name":"(anonymous_23)","decl":{"start":{"line":267,"column":36},"end":{"line":267,"column":37}},"loc":{"start":{"line":267,"column":43},"end":{"line":275,"column":5}},"line":267},"24":{"name":"(anonymous_24)","decl":{"start":{"line":279,"column":12},"end":{"line":279,"column":13}},"loc":{"start":{"line":279,"column":18},"end":{"line":286,"column":3}},"line":279},"25":{"name":"(anonymous_25)","decl":{"start":{"line":280,"column":17},"end":{"line":280,"column":18}},"loc":{"start":{"line":280,"column":29},"end":{"line":283,"column":5}},"line":280},"26":{"name":"(anonymous_26)","decl":{"start":{"line":288,"column":18},"end":{"line":288,"column":19}},"loc":{"start":{"line":288,"column":24},"end":{"line":302,"column":3}},"line":288},"27":{"name":"(anonymous_27)","decl":{"start":{"line":290,"column":19},"end":{"line":290,"column":20}},"loc":{"start":{"line":291,"column":8},"end":{"line":300,"column":9}},"line":291},"28":{"name":"(anonymous_28)","decl":{"start":{"line":304,"column":18},"end":{"line":304,"column":19}},"loc":{"start":{"line":304,"column":24},"end":{"line":308,"column":3}},"line":304},"29":{"name":"(anonymous_29)","decl":{"start":{"line":334,"column":25},"end":{"line":334,"column":26}},"loc":{"start":{"line":334,"column":31},"end":{"line":334,"column":68}},"line":334},"30":{"name":"(anonymous_30)","decl":{"start":{"line":355,"column":33},"end":{"line":355,"column":34}},"loc":{"start":{"line":355,"column":39},"end":{"line":355,"column":61}},"line":355},"31":{"name":"(anonymous_31)","decl":{"start":{"line":362,"column":26},"end":{"line":362,"column":27}},"loc":{"start":{"line":362,"column":36},"end":{"line":362,"column":43}},"line":362},"32":{"name":"(anonymous_32)","decl":{"start":{"line":394,"column":33},"end":{"line":394,"column":34}},"loc":{"start":{"line":394,"column":39},"end":{"line":394,"column":61}},"line":394}},"branchMap":{"0":{"loc":{"start":{"line":53,"column":4},"end":{"line":58,"column":5}},"type":"if","locations":[{"start":{"line":53,"column":4},"end":{"line":58,"column":5}},{"start":{},"end":{}}],"line":53},"1":{"loc":{"start":{"line":55,"column":6},"end":{"line":57,"column":7}},"type":"if","locations":[{"start":{"line":55,"column":6},"end":{"line":57,"column":7}},{"start":{},"end":{}}],"line":55},"2":{"loc":{"start":{"line":124,"column":4},"end":{"line":126,"column":5}},"type":"if","locations":[{"start":{"line":124,"column":4},"end":{"line":126,"column":5}},{"start":{},"end":{}}],"line":124},"3":{"loc":{"start":{"line":133,"column":13},"end":{"line":133,"column":78}},"type":"binary-expr","locations":[{"start":{"line":133,"column":13},"end":{"line":133,"column":50}},{"start":{"line":133,"column":54},"end":{"line":133,"column":78}}],"line":133},"4":{"loc":{"start":{"line":139,"column":13},"end":{"line":139,"column":80}},"type":"binary-expr","locations":[{"start":{"line":139,"column":13},"end":{"line":139,"column":52}},{"start":{"line":139,"column":56},"end":{"line":139,"column":80}}],"line":139},"5":{"loc":{"start":{"line":161,"column":21},"end":{"line":161,"column":53}},"type":"cond-expr","locations":[{"start":{"line":161,"column":30},"end":{"line":161,"column":48}},{"start":{"line":161,"column":51},"end":{"line":161,"column":53}}],"line":161},"6":{"loc":{"start":{"line":164,"column":6},"end":{"line":167,"column":7}},"type":"if","locations":[{"start":{"line":164,"column":6},"end":{"line":167,"column":7}},{"start":{},"end":{}}],"line":164},"7":{"loc":{"start":{"line":165,"column":26},"end":{"line":165,"column":66}},"type":"cond-expr","locations":[{"start":{"line":165,"column":48},"end":{"line":165,"column":57}},{"start":{"line":165,"column":60},"end":{"line":165,"column":66}}],"line":165},"8":{"loc":{"start":{"line":171,"column":4},"end":{"line":173,"column":5}},"type":"if","locations":[{"start":{"line":171,"column":4},"end":{"line":173,"column":5}},{"start":{},"end":{}}],"line":171},"9":{"loc":{"start":{"line":182,"column":21},"end":{"line":182,"column":53}},"type":"cond-expr","locations":[{"start":{"line":182,"column":30},"end":{"line":182,"column":48}},{"start":{"line":182,"column":51},"end":{"line":182,"column":53}}],"line":182},"10":{"loc":{"start":{"line":191,"column":4},"end":{"line":191,"column":27}},"type":"if","locations":[{"start":{"line":191,"column":4},"end":{"line":191,"column":27}},{"start":{},"end":{}}],"line":191},"11":{"loc":{"start":{"line":194,"column":4},"end":{"line":196,"column":5}},"type":"if","locations":[{"start":{"line":194,"column":4},"end":{"line":196,"column":5}},{"start":{},"end":{}}],"line":194},"12":{"loc":{"start":{"line":202,"column":19},"end":{"line":202,"column":51}},"type":"cond-expr","locations":[{"start":{"line":202,"column":28},"end":{"line":202,"column":46}},{"start":{"line":202,"column":49},"end":{"line":202,"column":51}}],"line":202},"13":{"loc":{"start":{"line":204,"column":4},"end":{"line":206,"column":5}},"type":"if","locations":[{"start":{"line":204,"column":4},"end":{"line":206,"column":5}},{"start":{},"end":{}}],"line":204},"14":{"loc":{"start":{"line":220,"column":4},"end":{"line":222,"column":50}},"type":"binary-expr","locations":[{"start":{"line":220,"column":4},"end":{"line":220,"column":20}},{"start":{"line":221,"column":4},"end":{"line":221,"column":43}},{"start":{"line":222,"column":4},"end":{"line":222,"column":50}}],"line":220},"15":{"loc":{"start":{"line":222,"column":24},"end":{"line":222,"column":42}},"type":"binary-expr","locations":[{"start":{"line":222,"column":24},"end":{"line":222,"column":37}},{"start":{"line":222,"column":41},"end":{"line":222,"column":42}}],"line":222},"16":{"loc":{"start":{"line":236,"column":8},"end":{"line":238,"column":9}},"type":"if","locations":[{"start":{"line":236,"column":8},"end":{"line":238,"column":9}},{"start":{},"end":{}}],"line":236},"17":{"loc":{"start":{"line":241,"column":8},"end":{"line":242,"column":44}},"type":"if","locations":[{"start":{"line":241,"column":8},"end":{"line":242,"column":44}},{"start":{},"end":{}}],"line":241},"18":{"loc":{"start":{"line":241,"column":12},"end":{"line":241,"column":48}},"type":"binary-expr","locations":[{"start":{"line":241,"column":12},"end":{"line":241,"column":25}},{"start":{"line":241,"column":29},"end":{"line":241,"column":48}}],"line":241},"19":{"loc":{"start":{"line":245,"column":8},"end":{"line":245,"column":67}},"type":"if","locations":[{"start":{"line":245,"column":8},"end":{"line":245,"column":67}},{"start":{},"end":{}}],"line":245},"20":{"loc":{"start":{"line":245,"column":12},"end":{"line":245,"column":48}},"type":"binary-expr","locations":[{"start":{"line":245,"column":12},"end":{"line":245,"column":25}},{"start":{"line":245,"column":29},"end":{"line":245,"column":48}}],"line":245},"21":{"loc":{"start":{"line":248,"column":8},"end":{"line":249,"column":61}},"type":"if","locations":[{"start":{"line":248,"column":8},"end":{"line":249,"column":61}},{"start":{},"end":{}}],"line":248},"22":{"loc":{"start":{"line":248,"column":12},"end":{"line":248,"column":48}},"type":"binary-expr","locations":[{"start":{"line":248,"column":12},"end":{"line":248,"column":25}},{"start":{"line":248,"column":29},"end":{"line":248,"column":48}}],"line":248},"23":{"loc":{"start":{"line":260,"column":4},"end":{"line":263,"column":5}},"type":"if","locations":[{"start":{"line":260,"column":4},"end":{"line":263,"column":5}},{"start":{},"end":{}}],"line":260},"24":{"loc":{"start":{"line":271,"column":8},"end":{"line":273,"column":37}},"type":"binary-expr","locations":[{"start":{"line":271,"column":8},"end":{"line":271,"column":45}},{"start":{"line":272,"column":8},"end":{"line":272,"column":39}},{"start":{"line":273,"column":8},"end":{"line":273,"column":37}}],"line":271},"25":{"loc":{"start":{"line":291,"column":8},"end":{"line":300,"column":9}},"type":"binary-expr","locations":[{"start":{"line":291,"column":8},"end":{"line":291,"column":18}},{"start":{"line":292,"column":10},"end":{"line":299,"column":17}}],"line":291},"26":{"loc":{"start":{"line":305,"column":4},"end":{"line":307,"column":5}},"type":"if","locations":[{"start":{"line":305,"column":4},"end":{"line":307,"column":5}},{"start":{},"end":{}}],"line":305},"27":{"loc":{"start":{"line":321,"column":15},"end":{"line":331,"column":15}},"type":"binary-expr","locations":[{"start":{"line":321,"column":15},"end":{"line":321,"column":32}},{"start":{"line":322,"column":16},"end":{"line":330,"column":23}}],"line":321},"28":{"loc":{"start":{"line":342,"column":9},"end":{"line":358,"column":9}},"type":"binary-expr","locations":[{"start":{"line":342,"column":9},"end":{"line":342,"column":21}},{"start":{"line":342,"column":25},"end":{"line":342,"column":39}},{"start":{"line":343,"column":10},"end":{"line":357,"column":17}}],"line":342},"29":{"loc":{"start":{"line":384,"column":9},"end":{"line":397,"column":9}},"type":"binary-expr","locations":[{"start":{"line":384,"column":9},"end":{"line":384,"column":21}},{"start":{"line":384,"column":25},"end":{"line":384,"column":39}},{"start":{"line":385,"column":10},"end":{"line":396,"column":17}}],"line":384},"30":{"loc":{"start":{"line":408,"column":16},"end":{"line":408,"column":71}},"type":"cond-expr","locations":[{"start":{"line":408,"column":44},"end":{"line":408,"column":67}},{"start":{"line":408,"column":70},"end":{"line":408,"column":71}}],"line":408}},"s":{"0":2,"1":63,"2":63,"3":63,"4":63,"5":63,"6":63,"7":63,"8":63,"9":17,"10":17,"11":14,"12":14,"13":14,"14":3,"15":3,"16":3,"17":3,"18":3,"19":3,"20":63,"21":46,"22":46,"23":46,"24":81,"25":46,"26":46,"27":46,"28":81,"29":46,"30":46,"31":46,"32":46,"33":46,"34":46,"35":63,"36":5,"37":5,"38":5,"39":9,"40":5,"41":5,"42":4,"43":5,"44":4,"45":5,"46":5,"47":5,"48":63,"49":2,"50":2,"51":2,"52":2,"53":0,"54":2,"55":2,"56":2,"57":2,"58":63,"59":2,"60":2,"61":2,"62":2,"63":2,"64":1,"65":2,"66":2,"67":2,"68":2,"69":63,"70":2,"71":2,"72":2,"73":63,"74":47,"75":10,"76":63,"77":39,"78":39,"79":39,"80":63,"81":46,"82":6,"83":5,"84":2,"85":2,"86":2,"87":2,"88":1,"89":1,"90":63,"91":17,"92":63,"93":17,"94":17,"95":17,"96":17,"97":63,"98":43,"99":44,"100":44,"101":44,"102":43,"103":63,"104":17,"105":17,"106":17,"107":17,"108":63,"109":18,"110":1,"111":63,"112":20,"113":3,"114":63,"115":1,"116":1,"117":60,"118":1,"119":2},"f":{"0":63,"1":17,"2":46,"3":81,"4":81,"5":5,"6":9,"7":2,"8":2,"9":2,"10":2,"11":2,"12":47,"13":10,"14":39,"15":46,"16":6,"17":2,"18":2,"19":1,"20":17,"21":17,"22":43,"23":44,"24":17,"25":17,"26":18,"27":1,"28":20,"29":1,"30":1,"31":60,"32":1},"b":{"0":[14,3],"1":[14,0],"2":[3,0],"3":[81,79],"4":[81,2],"5":[5,0],"6":[5,4],"7":[1,4],"8":[4,1],"9":[2,0],"10":[0,2],"11":[2,0],"12":[2,0],"13":[1,1],"14":[63,38,7],"15":[10,10],"16":[5,1],"17":[2,0],"18":[2,2],"19":[2,0],"20":[2,2],"21":[1,0],"22":[1,1],"23":[17,0],"24":[44,44,44],"25":[1,1],"26":[3,17],"27":[63,7],"28":[63,7,6],"29":[63,7,6],"30":[0,2]},"_coverageSchema":"1a1c01bbd47fc00a2c39e90264f33305004495a9","hash":"90943f619b55f02d91457f427a76ed222178af1d"}
,"/Users/agenorhouessou/Documents/dev/ReactNative/Expo/a-demain/screens/NewTaskScreen.js": {"path":"/Users/agenorhouessou/Documents/dev/ReactNative/Expo/a-demain/screens/NewTaskScreen.js","statementMap":{"0":{"start":{"line":28,"column":22},"end":{"line":151,"column":1}},"1":{"start":{"line":29,"column":26},"end":{"line":29,"column":38}},"2":{"start":{"line":30,"column":21},"end":{"line":30,"column":36}},"3":{"start":{"line":31,"column":46},"end":{"line":31,"column":61}},"4":{"start":{"line":32,"column":42},"end":{"line":34,"column":3}},"5":{"start":{"line":36,"column":16},"end":{"line":36,"column":26}},"6":{"start":{"line":37,"column":22},"end":{"line":37,"column":40}},"7":{"start":{"line":39,"column":18},"end":{"line":93,"column":3}},"8":{"start":{"line":40,"column":4},"end":{"line":43,"column":5}},"9":{"start":{"line":41,"column":6},"end":{"line":41,"column":60}},"10":{"start":{"line":42,"column":6},"end":{"line":42,"column":13}},"11":{"start":{"line":44,"column":21},"end":{"line":44,"column":31}},"12":{"start":{"line":45,"column":4},"end":{"line":45,"column":45}},"13":{"start":{"line":46,"column":4},"end":{"line":46,"column":80}},"14":{"start":{"line":48,"column":19},"end":{"line":48,"column":41}},"15":{"start":{"line":51,"column":4},"end":{"line":69,"column":5}},"16":{"start":{"line":52,"column":6},"end":{"line":56,"column":8}},"17":{"start":{"line":53,"column":8},"end":{"line":55,"column":13}},"18":{"start":{"line":57,"column":6},"end":{"line":57,"column":65}},"19":{"start":{"line":57,"column":40},"end":{"line":57,"column":63}},"20":{"start":{"line":59,"column":6},"end":{"line":67,"column":8}},"21":{"start":{"line":68,"column":6},"end":{"line":68,"column":32}},"22":{"start":{"line":71,"column":4},"end":{"line":83,"column":5}},"23":{"start":{"line":72,"column":17},"end":{"line":72,"column":53}},"24":{"start":{"line":73,"column":6},"end":{"line":79,"column":7}},"25":{"start":{"line":74,"column":8},"end":{"line":76,"column":9}},"26":{"start":{"line":75,"column":10},"end":{"line":75,"column":66}},"27":{"start":{"line":77,"column":19},"end":{"line":77,"column":61}},"28":{"start":{"line":78,"column":8},"end":{"line":78,"column":39}},"29":{"start":{"line":80,"column":11},"end":{"line":83,"column":5}},"30":{"start":{"line":81,"column":6},"end":{"line":81,"column":62}},"31":{"start":{"line":82,"column":6},"end":{"line":82,"column":39}},"32":{"start":{"line":85,"column":4},"end":{"line":85,"column":66}},"33":{"start":{"line":86,"column":4},"end":{"line":86,"column":36}},"34":{"start":{"line":88,"column":4},"end":{"line":92,"column":5}},"35":{"start":{"line":89,"column":6},"end":{"line":89,"column":26}},"36":{"start":{"line":91,"column":6},"end":{"line":91,"column":58}},"37":{"start":{"line":95,"column":2},"end":{"line":101,"column":9}},"38":{"start":{"line":96,"column":4},"end":{"line":100,"column":5}},"39":{"start":{"line":97,"column":6},"end":{"line":97,"column":32}},"40":{"start":{"line":98,"column":6},"end":{"line":98,"column":53}},"41":{"start":{"line":99,"column":6},"end":{"line":99,"column":54}},"42":{"start":{"line":103,"column":2},"end":{"line":150,"column":4}},"43":{"start":{"line":136,"column":18},"end":{"line":136,"column":66}},"44":{"start":{"line":136,"column":36},"end":{"line":136,"column":66}},"45":{"start":{"line":155,"column":15},"end":{"line":191,"column":2}}},"fnMap":{"0":{"name":"(anonymous_0)","decl":{"start":{"line":28,"column":22},"end":{"line":28,"column":23}},"loc":{"start":{"line":28,"column":28},"end":{"line":151,"column":1}},"line":28},"1":{"name":"(anonymous_1)","decl":{"start":{"line":39,"column":18},"end":{"line":39,"column":19}},"loc":{"start":{"line":39,"column":30},"end":{"line":93,"column":3}},"line":39},"2":{"name":"(anonymous_2)","decl":{"start":{"line":52,"column":30},"end":{"line":52,"column":31}},"loc":{"start":{"line":53,"column":8},"end":{"line":55,"column":13}},"line":53},"3":{"name":"(anonymous_3)","decl":{"start":{"line":57,"column":33},"end":{"line":57,"column":34}},"loc":{"start":{"line":57,"column":40},"end":{"line":57,"column":63}},"line":57},"4":{"name":"(anonymous_4)","decl":{"start":{"line":95,"column":12},"end":{"line":95,"column":13}},"loc":{"start":{"line":95,"column":18},"end":{"line":101,"column":3}},"line":95},"5":{"name":"(anonymous_5)","decl":{"start":{"line":135,"column":26},"end":{"line":135,"column":27}},"loc":{"start":{"line":135,"column":51},"end":{"line":137,"column":17}},"line":135}},"branchMap":{"0":{"loc":{"start":{"line":40,"column":4},"end":{"line":43,"column":5}},"type":"if","locations":[{"start":{"line":40,"column":4},"end":{"line":43,"column":5}},{"start":{},"end":{}}],"line":40},"1":{"loc":{"start":{"line":51,"column":4},"end":{"line":69,"column":5}},"type":"if","locations":[{"start":{"line":51,"column":4},"end":{"line":69,"column":5}},{"start":{"line":58,"column":11},"end":{"line":69,"column":5}}],"line":51},"2":{"loc":{"start":{"line":53,"column":8},"end":{"line":55,"column":13}},"type":"cond-expr","locations":[{"start":{"line":54,"column":12},"end":{"line":54,"column":58}},{"start":{"line":55,"column":12},"end":{"line":55,"column":13}}],"line":53},"3":{"loc":{"start":{"line":71,"column":4},"end":{"line":83,"column":5}},"type":"if","locations":[{"start":{"line":71,"column":4},"end":{"line":83,"column":5}},{"start":{"line":80,"column":11},"end":{"line":83,"column":5}}],"line":71},"4":{"loc":{"start":{"line":73,"column":6},"end":{"line":79,"column":7}},"type":"if","locations":[{"start":{"line":73,"column":6},"end":{"line":79,"column":7}},{"start":{},"end":{}}],"line":73},"5":{"loc":{"start":{"line":74,"column":8},"end":{"line":76,"column":9}},"type":"if","locations":[{"start":{"line":74,"column":8},"end":{"line":76,"column":9}},{"start":{},"end":{}}],"line":74},"6":{"loc":{"start":{"line":80,"column":11},"end":{"line":83,"column":5}},"type":"if","locations":[{"start":{"line":80,"column":11},"end":{"line":83,"column":5}},{"start":{},"end":{}}],"line":80},"7":{"loc":{"start":{"line":88,"column":4},"end":{"line":92,"column":5}},"type":"if","locations":[{"start":{"line":88,"column":4},"end":{"line":92,"column":5}},{"start":{"line":90,"column":11},"end":{"line":92,"column":5}}],"line":88},"8":{"loc":{"start":{"line":96,"column":4},"end":{"line":100,"column":5}},"type":"if","locations":[{"start":{"line":96,"column":4},"end":{"line":100,"column":5}},{"start":{},"end":{}}],"line":96},"9":{"loc":{"start":{"line":105,"column":16},"end":{"line":105,"column":60}},"type":"cond-expr","locations":[{"start":{"line":105,"column":40},"end":{"line":105,"column":49}},{"start":{"line":105,"column":52},"end":{"line":105,"column":60}}],"line":105},"10":{"loc":{"start":{"line":111,"column":13},"end":{"line":111,"column":79}},"type":"cond-expr","locations":[{"start":{"line":111,"column":27},"end":{"line":111,"column":48}},{"start":{"line":111,"column":51},"end":{"line":111,"column":79}}],"line":111},"11":{"loc":{"start":{"line":125,"column":26},"end":{"line":125,"column":61}},"type":"cond-expr","locations":[{"start":{"line":125,"column":43},"end":{"line":125,"column":52}},{"start":{"line":125,"column":55},"end":{"line":125,"column":61}}],"line":125},"12":{"loc":{"start":{"line":131,"column":11},"end":{"line":140,"column":11}},"type":"binary-expr","locations":[{"start":{"line":131,"column":11},"end":{"line":131,"column":25}},{"start":{"line":132,"column":12},"end":{"line":139,"column":15}}],"line":131},"13":{"loc":{"start":{"line":136,"column":18},"end":{"line":136,"column":66}},"type":"if","locations":[{"start":{"line":136,"column":18},"end":{"line":136,"column":66}},{"start":{},"end":{}}],"line":136},"14":{"loc":{"start":{"line":144,"column":15},"end":{"line":144,"column":69}},"type":"cond-expr","locations":[{"start":{"line":144,"column":29},"end":{"line":144,"column":48}},{"start":{"line":144,"column":51},"end":{"line":144,"column":69}}],"line":144}},"s":{"0":2,"1":23,"2":23,"3":23,"4":23,"5":23,"6":23,"7":23,"8":6,"9":1,"10":1,"11":5,"12":5,"13":5,"14":5,"15":5,"16":3,"17":3,"18":3,"19":3,"20":2,"21":2,"22":5,"23":2,"24":2,"25":2,"26":1,"27":2,"28":2,"29":3,"30":1,"31":1,"32":5,"33":5,"34":5,"35":3,"36":2,"37":23,"38":13,"39":4,"40":4,"41":4,"42":23,"43":0,"44":0,"45":2},"f":{"0":23,"1":6,"2":3,"3":3,"4":13,"5":0},"b":{"0":[1,5],"1":[3,2],"2":[3,0],"3":[2,3],"4":[2,0],"5":[1,1],"6":[1,2],"7":[3,2],"8":[4,9],"9":[23,0],"10":[9,14],"11":[4,19],"12":[23,4],"13":[0,0],"14":[9,14]},"_coverageSchema":"1a1c01bbd47fc00a2c39e90264f33305004495a9","hash":"ecf08747d59dac624fbe977b4a4465c621bdb1e3"}
,"/Users/agenorhouessou/Documents/dev/ReactNative/Expo/a-demain/screens/PrivacyPolicyScreen.js": {"path":"/Users/agenorhouessou/Documents/dev/ReactNative/Expo/a-demain/screens/PrivacyPolicyScreen.js","statementMap":{"0":{"start":{"line":13,"column":28},"end":{"line":99,"column":1}},"1":{"start":{"line":14,"column":18},"end":{"line":18,"column":3}},"2":{"start":{"line":15,"column":4},"end":{"line":17,"column":6}},"3":{"start":{"line":16,"column":6},"end":{"line":16,"column":55}},"4":{"start":{"line":20,"column":2},"end":{"line":98,"column":4}},"5":{"start":{"line":63,"column":25},"end":{"line":63,"column":77}},"6":{"start":{"line":78,"column":27},"end":{"line":78,"column":77}},"7":{"start":{"line":103,"column":15},"end":{"line":140,"column":2}}},"fnMap":{"0":{"name":"(anonymous_0)","decl":{"start":{"line":13,"column":28},"end":{"line":13,"column":29}},"loc":{"start":{"line":13,"column":34},"end":{"line":99,"column":1}},"line":13},"1":{"name":"(anonymous_1)","decl":{"start":{"line":14,"column":18},"end":{"line":14,"column":19}},"loc":{"start":{"line":14,"column":27},"end":{"line":18,"column":3}},"line":14},"2":{"name":"(anonymous_2)","decl":{"start":{"line":15,"column":31},"end":{"line":15,"column":32}},"loc":{"start":{"line":16,"column":6},"end":{"line":16,"column":55}},"line":16},"3":{"name":"(anonymous_3)","decl":{"start":{"line":63,"column":19},"end":{"line":63,"column":20}},"loc":{"start":{"line":63,"column":25},"end":{"line":63,"column":77}},"line":63},"4":{"name":"(anonymous_4)","decl":{"start":{"line":78,"column":21},"end":{"line":78,"column":22}},"loc":{"start":{"line":78,"column":27},"end":{"line":78,"column":77}},"line":78}},"branchMap":{"0":{"loc":{"start":{"line":107,"column":16},"end":{"line":107,"column":71}},"type":"cond-expr","locations":[{"start":{"line":107,"column":44},"end":{"line":107,"column":67}},{"start":{"line":107,"column":70},"end":{"line":107,"column":71}}],"line":107}},"s":{"0":2,"1":8,"2":3,"3":1,"4":8,"5":2,"6":1,"7":2},"f":{"0":8,"1":3,"2":1,"3":2,"4":1},"b":{"0":[0,2]},"_coverageSchema":"1a1c01bbd47fc00a2c39e90264f33305004495a9","hash":"a2d4dce590583da781e4469116cc8533be4dc964"}
,"/Users/agenorhouessou/Documents/dev/ReactNative/Expo/a-demain/screens/StatsScreen.js": {"path":"/Users/agenorhouessou/Documents/dev/ReactNative/Expo/a-demain/screens/StatsScreen.js","statementMap":{"0":{"start":{"line":27,"column":17},"end":{"line":37,"column":1}},"1":{"start":{"line":28,"column":2},"end":{"line":36,"column":19}},"2":{"start":{"line":39,"column":20},"end":{"line":311,"column":1}},"3":{"start":{"line":41,"column":28},"end":{"line":50,"column":4}},"4":{"start":{"line":52,"column":30},"end":{"line":52,"column":41}},"5":{"start":{"line":53,"column":42},"end":{"line":53,"column":54}},"6":{"start":{"line":55,"column":20},"end":{"line":55,"column":34}},"7":{"start":{"line":56,"column":19},"end":{"line":56,"column":56}},"8":{"start":{"line":57,"column":23},"end":{"line":57,"column":60}},"9":{"start":{"line":60,"column":2},"end":{"line":64,"column":18}},"10":{"start":{"line":61,"column":4},"end":{"line":63,"column":5}},"11":{"start":{"line":62,"column":6},"end":{"line":62,"column":18}},"12":{"start":{"line":67,"column":2},"end":{"line":78,"column":42}},"13":{"start":{"line":69,"column":6},"end":{"line":69,"column":75}},"14":{"start":{"line":70,"column":22},"end":{"line":75,"column":6}},"15":{"start":{"line":76,"column":4},"end":{"line":76,"column":22}},"16":{"start":{"line":77,"column":4},"end":{"line":77,"column":34}},"17":{"start":{"line":77,"column":17},"end":{"line":77,"column":33}},"18":{"start":{"line":81,"column":2},"end":{"line":90,"column":14}},"19":{"start":{"line":82,"column":22},"end":{"line":87,"column":6}},"20":{"start":{"line":88,"column":4},"end":{"line":88,"column":22}},"21":{"start":{"line":89,"column":4},"end":{"line":89,"column":34}},"22":{"start":{"line":89,"column":17},"end":{"line":89,"column":33}},"23":{"start":{"line":92,"column":20},"end":{"line":139,"column":3}},"24":{"start":{"line":93,"column":17},"end":{"line":93,"column":52}},"25":{"start":{"line":94,"column":18},"end":{"line":94,"column":46}},"26":{"start":{"line":96,"column":18},"end":{"line":96,"column":28}},"27":{"start":{"line":97,"column":22},"end":{"line":100,"column":35}},"28":{"start":{"line":98,"column":6},"end":{"line":100,"column":35}},"29":{"start":{"line":102,"column":23},"end":{"line":107,"column":5}},"30":{"start":{"line":104,"column":8},"end":{"line":106,"column":32}},"31":{"start":{"line":108,"column":22},"end":{"line":108,"column":74}},"32":{"start":{"line":108,"column":47},"end":{"line":108,"column":66}},"33":{"start":{"line":110,"column":21},"end":{"line":110,"column":40}},"34":{"start":{"line":111,"column":4},"end":{"line":115,"column":7}},"35":{"start":{"line":117,"column":4},"end":{"line":123,"column":6}},"36":{"start":{"line":125,"column":23},"end":{"line":125,"column":44}},"37":{"start":{"line":126,"column":4},"end":{"line":126,"column":38}},"38":{"start":{"line":128,"column":17},"end":{"line":128,"column":43}},"39":{"start":{"line":129,"column":16},"end":{"line":136,"column":6}},"40":{"start":{"line":137,"column":22},"end":{"line":137,"column":60}},"41":{"start":{"line":138,"column":4},"end":{"line":138,"column":31}},"42":{"start":{"line":141,"column":33},"end":{"line":166,"column":3}},"43":{"start":{"line":142,"column":21},"end":{"line":163,"column":5}},"44":{"start":{"line":164,"column":18},"end":{"line":164,"column":61}},"45":{"start":{"line":165,"column":4},"end":{"line":165,"column":27}},"46":{"start":{"line":168,"column":2},"end":{"line":310,"column":4}},"47":{"start":{"line":199,"column":31},"end":{"line":199,"column":68}},"48":{"start":{"line":264,"column":12},"end":{"line":304,"column":19}},"49":{"start":{"line":315,"column":15},"end":{"line":488,"column":2}}},"fnMap":{"0":{"name":"(anonymous_0)","decl":{"start":{"line":27,"column":17},"end":{"line":27,"column":18}},"loc":{"start":{"line":28,"column":2},"end":{"line":36,"column":19}},"line":28},"1":{"name":"(anonymous_1)","decl":{"start":{"line":39,"column":20},"end":{"line":39,"column":21}},"loc":{"start":{"line":39,"column":40},"end":{"line":311,"column":1}},"line":39},"2":{"name":"(anonymous_2)","decl":{"start":{"line":60,"column":12},"end":{"line":60,"column":13}},"loc":{"start":{"line":60,"column":18},"end":{"line":64,"column":3}},"line":60},"3":{"name":"(anonymous_3)","decl":{"start":{"line":67,"column":12},"end":{"line":67,"column":13}},"loc":{"start":{"line":67,"column":18},"end":{"line":78,"column":3}},"line":67},"4":{"name":"(anonymous_4)","decl":{"start":{"line":77,"column":11},"end":{"line":77,"column":12}},"loc":{"start":{"line":77,"column":17},"end":{"line":77,"column":33}},"line":77},"5":{"name":"(anonymous_5)","decl":{"start":{"line":81,"column":12},"end":{"line":81,"column":13}},"loc":{"start":{"line":81,"column":18},"end":{"line":90,"column":3}},"line":81},"6":{"name":"(anonymous_6)","decl":{"start":{"line":89,"column":11},"end":{"line":89,"column":12}},"loc":{"start":{"line":89,"column":17},"end":{"line":89,"column":33}},"line":89},"7":{"name":"(anonymous_7)","decl":{"start":{"line":92,"column":20},"end":{"line":92,"column":21}},"loc":{"start":{"line":92,"column":32},"end":{"line":139,"column":3}},"line":92},"8":{"name":"(anonymous_8)","decl":{"start":{"line":97,"column":22},"end":{"line":97,"column":23}},"loc":{"start":{"line":98,"column":6},"end":{"line":100,"column":35}},"line":98},"9":{"name":"(anonymous_9)","decl":{"start":{"line":103,"column":6},"end":{"line":103,"column":7}},"loc":{"start":{"line":104,"column":8},"end":{"line":106,"column":32}},"line":104},"10":{"name":"(anonymous_10)","decl":{"start":{"line":108,"column":40},"end":{"line":108,"column":41}},"loc":{"start":{"line":108,"column":47},"end":{"line":108,"column":66}},"line":108},"11":{"name":"(anonymous_11)","decl":{"start":{"line":141,"column":33},"end":{"line":141,"column":34}},"loc":{"start":{"line":141,"column":39},"end":{"line":166,"column":3}},"line":141},"12":{"name":"(anonymous_12)","decl":{"start":{"line":199,"column":25},"end":{"line":199,"column":26}},"loc":{"start":{"line":199,"column":31},"end":{"line":199,"column":68}},"line":199},"13":{"name":"(anonymous_13)","decl":{"start":{"line":263,"column":28},"end":{"line":263,"column":29}},"loc":{"start":{"line":264,"column":12},"end":{"line":304,"column":19}},"line":264}},"branchMap":{"0":{"loc":{"start":{"line":61,"column":4},"end":{"line":63,"column":5}},"type":"if","locations":[{"start":{"line":61,"column":4},"end":{"line":63,"column":5}},{"start":{},"end":{}}],"line":61},"1":{"loc":{"start":{"line":69,"column":6},"end":{"line":69,"column":75}},"type":"cond-expr","locations":[{"start":{"line":69,"column":29},"end":{"line":69,"column":71}},{"start":{"line":69,"column":74},"end":{"line":69,"column":75}}],"line":69},"2":{"loc":{"start":{"line":94,"column":18},"end":{"line":94,"column":46}},"type":"cond-expr","locations":[{"start":{"line":94,"column":25},"end":{"line":94,"column":41}},{"start":{"line":94,"column":44},"end":{"line":94,"column":46}}],"line":94},"3":{"loc":{"start":{"line":98,"column":6},"end":{"line":100,"column":35}},"type":"binary-expr","locations":[{"start":{"line":98,"column":6},"end":{"line":98,"column":43}},{"start":{"line":99,"column":6},"end":{"line":99,"column":37}},{"start":{"line":100,"column":6},"end":{"line":100,"column":35}}],"line":98},"4":{"loc":{"start":{"line":104,"column":8},"end":{"line":106,"column":32}},"type":"binary-expr","locations":[{"start":{"line":104,"column":8},"end":{"line":104,"column":17}},{"start":{"line":105,"column":8},"end":{"line":105,"column":45}},{"start":{"line":106,"column":8},"end":{"line":106,"column":32}}],"line":104},"5":{"loc":{"start":{"line":126,"column":14},"end":{"line":126,"column":36}},"type":"binary-expr","locations":[{"start":{"line":126,"column":14},"end":{"line":126,"column":31}},{"start":{"line":126,"column":35},"end":{"line":126,"column":36}}],"line":126},"6":{"loc":{"start":{"line":132,"column":16},"end":{"line":132,"column":38}},"type":"binary-expr","locations":[{"start":{"line":132,"column":16},"end":{"line":132,"column":33}},{"start":{"line":132,"column":37},"end":{"line":132,"column":38}}],"line":132},"7":{"loc":{"start":{"line":185,"column":15},"end":{"line":195,"column":15}},"type":"binary-expr","locations":[{"start":{"line":185,"column":15},"end":{"line":185,"column":25}},{"start":{"line":186,"column":16},"end":{"line":194,"column":23}}],"line":185},"8":{"loc":{"start":{"line":209,"column":9},"end":{"line":235,"column":9}},"type":"binary-expr","locations":[{"start":{"line":209,"column":9},"end":{"line":209,"column":29}},{"start":{"line":210,"column":10},"end":{"line":234,"column":17}}],"line":209},"9":{"loc":{"start":{"line":268,"column":16},"end":{"line":268,"column":53}},"type":"binary-expr","locations":[{"start":{"line":268,"column":16},"end":{"line":268,"column":27}},{"start":{"line":268,"column":31},"end":{"line":268,"column":53}}],"line":268},"10":{"loc":{"start":{"line":271,"column":15},"end":{"line":288,"column":15}},"type":"cond-expr","locations":[{"start":{"line":272,"column":16},"end":{"line":279,"column":33}},{"start":{"line":281,"column":16},"end":{"line":287,"column":23}}],"line":271},"11":{"loc":{"start":{"line":290,"column":43},"end":{"line":290,"column":80}},"type":"binary-expr","locations":[{"start":{"line":290,"column":43},"end":{"line":290,"column":54}},{"start":{"line":290,"column":58},"end":{"line":290,"column":80}}],"line":290},"12":{"loc":{"start":{"line":298,"column":18},"end":{"line":298,"column":55}},"type":"binary-expr","locations":[{"start":{"line":298,"column":18},"end":{"line":298,"column":29}},{"start":{"line":298,"column":33},"end":{"line":298,"column":55}}],"line":298},"13":{"loc":{"start":{"line":302,"column":17},"end":{"line":302,"column":51}},"type":"cond-expr","locations":[{"start":{"line":302,"column":30},"end":{"line":302,"column":43}},{"start":{"line":302,"column":46},"end":{"line":302,"column":51}}],"line":302},"14":{"loc":{"start":{"line":318,"column":16},"end":{"line":318,"column":71}},"type":"cond-expr","locations":[{"start":{"line":318,"column":44},"end":{"line":318,"column":67}},{"start":{"line":318,"column":70},"end":{"line":318,"column":71}}],"line":318}},"s":{"0":2,"1":72,"2":2,"3":18,"4":18,"5":18,"6":18,"7":18,"8":18,"9":18,"10":9,"11":9,"12":18,"13":11,"14":11,"15":11,"16":11,"17":11,"18":18,"19":18,"20":18,"21":18,"22":18,"23":18,"24":9,"25":9,"26":9,"27":9,"28":3,"29":9,"30":3,"31":9,"32":3,"33":9,"34":9,"35":9,"36":9,"37":9,"38":9,"39":9,"40":9,"41":9,"42":18,"43":18,"44":18,"45":18,"46":18,"47":1,"48":108,"49":2},"f":{"0":72,"1":18,"2":9,"3":11,"4":11,"5":18,"6":18,"7":9,"8":3,"9":3,"10":3,"11":18,"12":1,"13":108},"b":{"0":[9,0],"1":[2,9],"2":[2,7],"3":[3,3,3],"4":[3,3,3],"5":[9,8],"6":[9,8],"7":[18,1],"8":[18,2],"9":[108,104],"10":[4,104],"11":[108,104],"12":[108,104],"13":[4,104],"14":[0,2]},"_coverageSchema":"1a1c01bbd47fc00a2c39e90264f33305004495a9","hash":"51dd1ba9b00fb75ca639e0a74d2e46fa444b0036"}
,"/Users/agenorhouessou/Documents/dev/ReactNative/Expo/a-demain/screens/TomorrowScreen.js": {"path":"/Users/agenorhouessou/Documents/dev/ReactNative/Expo/a-demain/screens/TomorrowScreen.js","statementMap":{"0":{"start":{"line":19,"column":23},"end":{"line":115,"column":1}},"1":{"start":{"line":20,"column":44},"end":{"line":20,"column":56}},"2":{"start":{"line":22,"column":2},"end":{"line":24,"column":9}},"3":{"start":{"line":23,"column":4},"end":{"line":23,"column":24}},"4":{"start":{"line":26,"column":28},"end":{"line":38,"column":3}},"5":{"start":{"line":27,"column":17},"end":{"line":27,"column":52}},"6":{"start":{"line":28,"column":18},"end":{"line":28,"column":46}},"7":{"start":{"line":30,"column":21},"end":{"line":30,"column":31}},"8":{"start":{"line":31,"column":4},"end":{"line":31,"column":45}},"9":{"start":{"line":33,"column":21},"end":{"line":36,"column":5}},"10":{"start":{"line":35,"column":8},"end":{"line":35,"column":76}},"11":{"start":{"line":37,"column":4},"end":{"line":37,"column":31}},"12":{"start":{"line":40,"column":20},"end":{"line":46,"column":3}},"13":{"start":{"line":41,"column":4},"end":{"line":45,"column":6}},"14":{"start":{"line":48,"column":21},"end":{"line":64,"column":3}},"15":{"start":{"line":49,"column":19},"end":{"line":49,"column":54}},"16":{"start":{"line":50,"column":16},"end":{"line":50,"column":48}},"17":{"start":{"line":52,"column":17},"end":{"line":52,"column":51}},"18":{"start":{"line":52,"column":35},"end":{"line":52,"column":50}},"19":{"start":{"line":54,"column":4},"end":{"line":56,"column":5}},"20":{"start":{"line":55,"column":6},"end":{"line":55,"column":56}},"21":{"start":{"line":59,"column":4},"end":{"line":59,"column":49}},"22":{"start":{"line":59,"column":32},"end":{"line":59,"column":47}},"23":{"start":{"line":60,"column":4},"end":{"line":60,"column":63}},"24":{"start":{"line":63,"column":4},"end":{"line":63,"column":24}},"25":{"start":{"line":66,"column":21},"end":{"line":72,"column":3}},"26":{"start":{"line":67,"column":4},"end":{"line":71,"column":6}},"27":{"start":{"line":70,"column":24},"end":{"line":70,"column":71}},"28":{"start":{"line":74,"column":20},"end":{"line":74,"column":34}},"29":{"start":{"line":76,"column":2},"end":{"line":80,"column":18}},"30":{"start":{"line":77,"column":4},"end":{"line":79,"column":5}},"31":{"start":{"line":78,"column":6},"end":{"line":78,"column":26}},"32":{"start":{"line":82,"column":2},"end":{"line":114,"column":4}},"33":{"start":{"line":95,"column":34},"end":{"line":95,"column":41}},"34":{"start":{"line":108,"column":25},"end":{"line":108,"column":62}},"35":{"start":{"line":119,"column":15},"end":{"line":205,"column":2}}},"fnMap":{"0":{"name":"(anonymous_0)","decl":{"start":{"line":19,"column":23},"end":{"line":19,"column":24}},"loc":{"start":{"line":19,"column":43},"end":{"line":115,"column":1}},"line":19},"1":{"name":"(anonymous_1)","decl":{"start":{"line":22,"column":12},"end":{"line":22,"column":13}},"loc":{"start":{"line":22,"column":18},"end":{"line":24,"column":3}},"line":22},"2":{"name":"(anonymous_2)","decl":{"start":{"line":26,"column":28},"end":{"line":26,"column":29}},"loc":{"start":{"line":26,"column":40},"end":{"line":38,"column":3}},"line":26},"3":{"name":"(anonymous_3)","decl":{"start":{"line":34,"column":6},"end":{"line":34,"column":7}},"loc":{"start":{"line":35,"column":8},"end":{"line":35,"column":76}},"line":35},"4":{"name":"(anonymous_4)","decl":{"start":{"line":40,"column":20},"end":{"line":40,"column":21}},"loc":{"start":{"line":40,"column":32},"end":{"line":46,"column":3}},"line":40},"5":{"name":"(anonymous_5)","decl":{"start":{"line":48,"column":21},"end":{"line":48,"column":22}},"loc":{"start":{"line":48,"column":39},"end":{"line":64,"column":3}},"line":48},"6":{"name":"(anonymous_6)","decl":{"start":{"line":52,"column":28},"end":{"line":52,"column":29}},"loc":{"start":{"line":52,"column":35},"end":{"line":52,"column":50}},"line":52},"7":{"name":"(anonymous_7)","decl":{"start":{"line":59,"column":25},"end":{"line":59,"column":26}},"loc":{"start":{"line":59,"column":32},"end":{"line":59,"column":47}},"line":59},"8":{"name":"(anonymous_8)","decl":{"start":{"line":66,"column":21},"end":{"line":66,"column":22}},"loc":{"start":{"line":67,"column":4},"end":{"line":71,"column":6}},"line":67},"9":{"name":"(anonymous_9)","decl":{"start":{"line":70,"column":14},"end":{"line":70,"column":15}},"loc":{"start":{"line":70,"column":24},"end":{"line":70,"column":71}},"line":70},"10":{"name":"(anonymous_10)","decl":{"start":{"line":76,"column":12},"end":{"line":76,"column":13}},"loc":{"start":{"line":76,"column":18},"end":{"line":80,"column":3}},"line":76},"11":{"name":"(anonymous_11)","decl":{"start":{"line":95,"column":24},"end":{"line":95,"column":25}},"loc":{"start":{"line":95,"column":34},"end":{"line":95,"column":41}},"line":95},"12":{"name":"(anonymous_12)","decl":{"start":{"line":108,"column":19},"end":{"line":108,"column":20}},"loc":{"start":{"line":108,"column":25},"end":{"line":108,"column":62}},"line":108}},"branchMap":{"0":{"loc":{"start":{"line":28,"column":18},"end":{"line":28,"column":46}},"type":"cond-expr","locations":[{"start":{"line":28,"column":25},"end":{"line":28,"column":41}},{"start":{"line":28,"column":44},"end":{"line":28,"column":46}}],"line":28},"1":{"loc":{"start":{"line":35,"column":8},"end":{"line":35,"column":76}},"type":"binary-expr","locations":[{"start":{"line":35,"column":8},"end":{"line":35,"column":48}},{"start":{"line":35,"column":52},"end":{"line":35,"column":76}}],"line":35},"2":{"loc":{"start":{"line":42,"column":6},"end":{"line":44,"column":43}},"type":"binary-expr","locations":[{"start":{"line":42,"column":6},"end":{"line":42,"column":35}},{"start":{"line":43,"column":6},"end":{"line":43,"column":37}},{"start":{"line":44,"column":6},"end":{"line":44,"column":43}}],"line":42},"3":{"loc":{"start":{"line":50,"column":16},"end":{"line":50,"column":48}},"type":"cond-expr","locations":[{"start":{"line":50,"column":25},"end":{"line":50,"column":43}},{"start":{"line":50,"column":46},"end":{"line":50,"column":48}}],"line":50},"4":{"loc":{"start":{"line":54,"column":4},"end":{"line":56,"column":5}},"type":"if","locations":[{"start":{"line":54,"column":4},"end":{"line":56,"column":5}},{"start":{},"end":{}}],"line":54},"5":{"loc":{"start":{"line":77,"column":4},"end":{"line":79,"column":5}},"type":"if","locations":[{"start":{"line":77,"column":4},"end":{"line":79,"column":5}},{"start":{},"end":{}}],"line":77},"6":{"loc":{"start":{"line":158,"column":16},"end":{"line":158,"column":71}},"type":"cond-expr","locations":[{"start":{"line":158,"column":44},"end":{"line":158,"column":67}},{"start":{"line":158,"column":70},"end":{"line":158,"column":71}}],"line":158}},"s":{"0":2,"1":16,"2":16,"3":7,"4":16,"5":16,"6":16,"7":16,"8":16,"9":16,"10":8,"11":16,"12":16,"13":8,"14":16,"15":2,"16":2,"17":2,"18":2,"19":2,"20":1,"21":2,"22":2,"23":2,"24":2,"25":16,"26":4,"27":1,"28":16,"29":16,"30":7,"31":7,"32":16,"33":8,"34":1,"35":2},"f":{"0":16,"1":7,"2":16,"3":8,"4":8,"5":2,"6":2,"7":2,"8":4,"9":1,"10":7,"11":8,"12":1},"b":{"0":[10,6],"1":[8,8],"2":[8,8,8],"3":[2,0],"4":[1,1],"5":[7,0],"6":[0,2]},"_coverageSchema":"1a1c01bbd47fc00a2c39e90264f33305004495a9","hash":"55f9fc44672c20314e784743f1e19d151422a666"}
,"/Users/agenorhouessou/Documents/dev/ReactNative/Expo/a-demain/utils/achievements.js": {"path":"/Users/agenorhouessou/Documents/dev/ReactNative/Expo/a-demain/utils/achievements.js","statementMap":{"0":{"start":{"line":6,"column":28},"end":{"line":6,"column":54}},"1":{"start":{"line":7,"column":24},"end":{"line":7,"column":42}},"2":{"start":{"line":9,"column":18},"end":{"line":12,"column":31}},"3":{"start":{"line":10,"column":2},"end":{"line":12,"column":31}},"4":{"start":{"line":37,"column":39},"end":{"line":122,"column":1}},"5":{"start":{"line":43,"column":17},"end":{"line":43,"column":34}},"6":{"start":{"line":50,"column":17},"end":{"line":50,"column":66}},"7":{"start":{"line":57,"column":17},"end":{"line":57,"column":56}},"8":{"start":{"line":64,"column":17},"end":{"line":64,"column":62}},"9":{"start":{"line":71,"column":17},"end":{"line":71,"column":39}},"10":{"start":{"line":78,"column":17},"end":{"line":78,"column":39}},"11":{"start":{"line":85,"column":17},"end":{"line":85,"column":40}},"12":{"start":{"line":92,"column":17},"end":{"line":92,"column":35}},"13":{"start":{"line":99,"column":17},"end":{"line":99,"column":42}},"14":{"start":{"line":106,"column":17},"end":{"line":106,"column":42}},"15":{"start":{"line":113,"column":17},"end":{"line":113,"column":65}},"16":{"start":{"line":120,"column":17},"end":{"line":120,"column":40}},"17":{"start":{"line":125,"column":2},"end":{"line":138,"column":3}},"18":{"start":{"line":126,"column":16},"end":{"line":126,"column":52}},"19":{"start":{"line":127,"column":4},"end":{"line":129,"column":5}},"20":{"start":{"line":128,"column":6},"end":{"line":128,"column":83}},"21":{"start":{"line":130,"column":19},"end":{"line":130,"column":34}},"22":{"start":{"line":131,"column":4},"end":{"line":135,"column":6}},"23":{"start":{"line":137,"column":4},"end":{"line":137,"column":81}},"24":{"start":{"line":142,"column":2},"end":{"line":142,"column":61}},"25":{"start":{"line":147,"column":15},"end":{"line":147,"column":41}},"26":{"start":{"line":148,"column":2},"end":{"line":148,"column":61}},"27":{"start":{"line":149,"column":2},"end":{"line":149,"column":34}},"28":{"start":{"line":154,"column":15},"end":{"line":154,"column":41}},"29":{"start":{"line":155,"column":2},"end":{"line":155,"column":57}},"30":{"start":{"line":156,"column":2},"end":{"line":156,"column":34}},"31":{"start":{"line":161,"column":15},"end":{"line":161,"column":41}},"32":{"start":{"line":162,"column":2},"end":{"line":162,"column":31}},"33":{"start":{"line":163,"column":2},"end":{"line":163,"column":34}},"34":{"start":{"line":167,"column":2},"end":{"line":173,"column":3}},"35":{"start":{"line":168,"column":16},"end":{"line":168,"column":56}},"36":{"start":{"line":169,"column":16},"end":{"line":169,"column":42}},"37":{"start":{"line":170,"column":4},"end":{"line":170,"column":41}},"38":{"start":{"line":172,"column":4},"end":{"line":172,"column":14}},"39":{"start":{"line":177,"column":2},"end":{"line":177,"column":64}},"40":{"start":{"line":184,"column":2},"end":{"line":184,"column":32}},"41":{"start":{"line":184,"column":19},"end":{"line":184,"column":32}},"42":{"start":{"line":185,"column":12},"end":{"line":185,"column":32}},"43":{"start":{"line":186,"column":19},"end":{"line":186,"column":32}},"44":{"start":{"line":187,"column":2},"end":{"line":187,"column":43}},"45":{"start":{"line":188,"column":2},"end":{"line":188,"column":32}},"46":{"start":{"line":202,"column":19},"end":{"line":202,"column":29}},"47":{"start":{"line":203,"column":2},"end":{"line":203,"column":43}},"48":{"start":{"line":204,"column":26},"end":{"line":206,"column":3}},"49":{"start":{"line":205,"column":11},"end":{"line":205,"column":80}},"50":{"start":{"line":208,"column":26},"end":{"line":211,"column":3}},"51":{"start":{"line":213,"column":2},"end":{"line":226,"column":4}},"52":{"start":{"line":215,"column":40},"end":{"line":215,"column":59}},"53":{"start":{"line":233,"column":15},"end":{"line":233,"column":57}},"54":{"start":{"line":235,"column":2},"end":{"line":239,"column":3}},"55":{"start":{"line":236,"column":4},"end":{"line":238,"column":5}},"56":{"start":{"line":237,"column":6},"end":{"line":237,"column":23}},"57":{"start":{"line":241,"column":2},"end":{"line":241,"column":35}},"58":{"start":{"line":243,"column":2},"end":{"line":249,"column":6}},"59":{"start":{"line":243,"column":47},"end":{"line":249,"column":3}}},"fnMap":{"0":{"name":"(anonymous_0)","decl":{"start":{"line":9,"column":18},"end":{"line":9,"column":19}},"loc":{"start":{"line":10,"column":2},"end":{"line":12,"column":31}},"line":10},"1":{"name":"(anonymous_1)","decl":{"start":{"line":43,"column":10},"end":{"line":43,"column":11}},"loc":{"start":{"line":43,"column":17},"end":{"line":43,"column":34}},"line":43},"2":{"name":"(anonymous_2)","decl":{"start":{"line":50,"column":10},"end":{"line":50,"column":11}},"loc":{"start":{"line":50,"column":17},"end":{"line":50,"column":66}},"line":50},"3":{"name":"(anonymous_3)","decl":{"start":{"line":57,"column":10},"end":{"line":57,"column":11}},"loc":{"start":{"line":57,"column":17},"end":{"line":57,"column":56}},"line":57},"4":{"name":"(anonymous_4)","decl":{"start":{"line":64,"column":10},"end":{"line":64,"column":11}},"loc":{"start":{"line":64,"column":17},"end":{"line":64,"column":62}},"line":64},"5":{"name":"(anonymous_5)","decl":{"start":{"line":71,"column":10},"end":{"line":71,"column":11}},"loc":{"start":{"line":71,"column":17},"end":{"line":71,"column":39}},"line":71},"6":{"name":"(anonymous_6)","decl":{"start":{"line":78,"column":10},"end":{"line":78,"column":11}},"loc":{"start":{"line":78,"column":17},"end":{"line":78,"column":39}},"line":78},"7":{"name":"(anonymous_7)","decl":{"start":{"line":85,"column":10},"end":{"line":85,"column":11}},"loc":{"start":{"line":85,"column":17},"end":{"line":85,"column":40}},"line":85},"8":{"name":"(anonymous_8)","decl":{"start":{"line":92,"column":10},"end":{"line":92,"column":11}},"loc":{"start":{"line":92,"column":17},"end":{"line":92,"column":35}},"line":92},"9":{"name":"(anonymous_9)","decl":{"start":{"line":99,"column":10},"end":{"line":99,"column":11}},"loc":{"start":{"line":99,"column":17},"end":{"line":99,"column":42}},"line":99},"10":{"name":"(anonymous_10)","decl":{"start":{"line":106,"column":10},"end":{"line":106,"column":11}},"loc":{"start":{"line":106,"column":17},"end":{"line":106,"column":42}},"line":106},"11":{"name":"(anonymous_11)","decl":{"start":{"line":113,"column":10},"end":{"line":113,"column":11}},"loc":{"start":{"line":113,"column":17},"end":{"line":113,"column":65}},"line":113},"12":{"name":"(anonymous_12)","decl":{"start":{"line":120,"column":10},"end":{"line":120,"column":11}},"loc":{"start":{"line":120,"column":17},"end":{"line":120,"column":40}},"line":120},"13":{"name":"getAchievementMeta","decl":{"start":{"line":124,"column":22},"end":{"line":124,"column":40}},"loc":{"start":{"line":124,"column":43},"end":{"line":139,"column":1}},"line":124},"14":{"name":"saveAchievementMeta","decl":{"start":{"line":141,"column":15},"end":{"line":141,"column":34}},"loc":{"start":{"line":141,"column":41},"end":{"line":143,"column":1}},"line":141},"15":{"name":"recordTaskCompletedOnce","decl":{"start":{"line":146,"column":22},"end":{"line":146,"column":45}},"loc":{"start":{"line":146,"column":48},"end":{"line":150,"column":1}},"line":146},"16":{"name":"recordSnoozeOnce","decl":{"start":{"line":153,"column":22},"end":{"line":153,"column":38}},"loc":{"start":{"line":153,"column":41},"end":{"line":157,"column":1}},"line":153},"17":{"name":"markTomorrowTaskPlanned","decl":{"start":{"line":160,
[...]
":{"start":{"line":58,"column":6},"end":{"line":61,"column":8}},"22":{"start":{"line":62,"column":6},"end":{"line":62,"column":19}},"23":{"start":{"line":65,"column":2},"end":{"line":65,"column":14}}},"fnMap":{"0":{"name":"(anonymous_0)","decl":{"start":{"line":5,"column":22},"end":{"line":5,"column":23}},"loc":{"start":{"line":5,"column":35},"end":{"line":9,"column":3}},"line":5},"1":{"name":"scheduleTaskNotification","decl":{"start":{"line":13,"column":22},"end":{"line":13,"column":46}},"loc":{"start":{"line":13,"column":53},"end":{"line":40,"column":1}},"line":13},"2":{"name":"cancelTaskNotification","decl":{"start":{"line":43,"column":22},"end":{"line":43,"column":44}},"loc":{"start":{"line":43,"column":61},"end":{"line":51,"column":1}},"line":43},"3":{"name":"ensureNotificationPermission","decl":{"start":{"line":53,"column":22},"end":{"line":53,"column":50}},"loc":{"start":{"line":53,"column":53},"end":{"line":66,"column":1}},"line":53}},"branchMap":{"0":{"loc":{"start":{"line":14,"column":2},"end":{"line":14,"column":34}},"type":"if","locations":[{"start":{"line":14,"column":2},"end":{"line":14,"column":34}},{"start":{},"end":{}}],"line":14},"1":{"loc":{"start":{"line":19,"column":2},"end":{"line":22,"column":3}},"type":"if","locations":[{"start":{"line":19,"column":2},"end":{"line":22,"column":3}},{"start":{},"end":{}}],"line":19},"2":{"loc":{"start":{"line":44,"column":2},"end":{"line":50,"column":3}},"type":"if","locations":[{"start":{"line":44,"column":2},"end":{"line":50,"column":3}},{"start":{},"end":{}}],"line":44},"3":{"loc":{"start":{"line":55,"column":2},"end":{"line":64,"column":3}},"type":"if","locations":[{"start":{"line":55,"column":2},"end":{"line":64,"column":3}},{"start":{},"end":{}}],"line":55},"4":{"loc":{"start":{"line":57,"column":4},"end":{"line":63,"column":5}},"type":"if","locations":[{"start":{"line":57,"column":4},"end":{"line":63,"column":5}},{"start":{},"end":{}}],"line":57}},"s":{"0":1,"1":0,"2":4,"3":1,"4":3,"5":3,"6":3,"7":1,"8":1,"9":2,"10":2,"11":1,"12":1,"13":3,"14":2,"15":2,"16":1,"17":3,"18":3,"19":2,"20":2,"21":1,"22":1,"23":2},"f":{"0":0,"1":4,"2":3,"3":3},"b":{"0":[1,3],"1":[1,2],"2":[2,1],"3":[2,1],"4":[1,1]},"_coverageSchema":"1a1c01bbd47fc00a2c39e90264f33305004495a9","hash":"127f883edf79508e42d181f198dd7476126af140"}
,"/Users/agenorhouessou/Documents/dev/ReactNative/Expo/a-demain/utils/storage.js": {"path":"/Users/agenorhouessou/Documents/dev/ReactNative/Expo/a-demain/utils/storage.js","statementMap":{"0":{"start":{"line":5,"column":25},"end":{"line":8,"column":31}},"1":{"start":{"line":6,"column":2},"end":{"line":8,"column":31}},"2":{"start":{"line":10,"column":31},"end":{"line":19,"column":1}},"3":{"start":{"line":11,"column":16},"end":{"line":11,"column":18}},"4":{"start":{"line":12,"column":2},"end":{"line":17,"column":5}},"5":{"start":{"line":13,"column":4},"end":{"line":13,"column":27}},"6":{"start":{"line":13,"column":20},"end":{"line":13,"column":27}},"7":{"start":{"line":14,"column":16},"end":{"line":14,"column":63}},"8":{"start":{"line":15,"column":4},"end":{"line":15,"column":37}},"9":{"start":{"line":15,"column":21},"end":{"line":15,"column":37}},"10":{"start":{"line":16,"column":4},"end":{"line":16,"column":23}},"11":{"start":{"line":18,"column":2},"end":{"line":18,"column":15}},"12":{"start":{"line":21,"column":28},"end":{"line":99,"column":1}},"13":{"start":{"line":22,"column":21},"end":{"line":22,"column":33}},"14":{"start":{"line":23,"column":25},"end":{"line":23,"column":72}},"15":{"start":{"line":23,"column":45},"end":{"line":23,"column":64}},"16":{"start":{"line":24,"column":23},"end":{"line":24,"column":77}},"17":{"start":{"line":24,"column":48},"end":{"line":24,"column":74}},"18":{"start":{"line":26,"column":4},"end":{"line":26,"column":71}},"19":{"start":{"line":28,"column":21},"end":{"line":28,"column":43}},"20":{"start":{"line":30,"column":19},"end":{"line":30,"column":57}},"21":{"start":{"line":33,"column":19},"end":{"line":35,"column":11}},"22":{"start":{"line":34,"column":22},"end":{"line":34,"column":37}},"23":{"start":{"line":37,"column":22},"end":{"line":37,"column":26}},"24":{"start":{"line":38,"column":22},"end":{"line":38,"column":23}},"25":{"start":{"line":39,"column":19},"end":{"line":39,"column":20}},"26":{"start":{"line":41,"column":2},"end":{"line":67,"column":3}},"27":{"start":{"line":42,"column":21},"end":{"line":42,"column":40}},"28":{"start":{"line":44,"column":21},"end":{"line":49,"column":5}},"29":{"start":{"line":46,"column":8},"end":{"line":48,"column":61}},"30":{"start":{"line":51,"column":4},"end":{"line":66,"column":5}},"31":{"start":{"line":52,"column":23},"end":{"line":52,"column":40}},"32":{"start":{"line":53,"column":6},"end":{"line":60,"column":7}},"33":{"start":{"line":57,"column":8},"end":{"line":57,"column":24}},"34":{"start":{"line":59,"column":8},"end":{"line":59,"column":26}},"35":{"start":{"line":61,"column":6},"end":{"line":61,"column":31}},"36":{"start":{"line":62,"column":6},"end":{"line":62,"column":55}},"37":{"start":{"line":64,"column":6},"end":{"line":64,"column":24}},"38":{"start":{"line":65,"column":6},"end":{"line":65,"column":27}},"39":{"start":{"line":70,"column":21},"end":{"line":70,"column":47}},"40":{"start":{"line":71,"column":2},"end":{"line":89,"column":3}},"41":{"start":{"line":74,"column":6},"end":{"line":76,"column":59}},"42":{"start":{"line":79,"column":21},"end":{"line":79,"column":39}},"43":{"start":{"line":80,"column":4},"end":{"line":87,"column":5}},"44":{"start":{"line":84,"column":6},"end":{"line":84,"column":22}},"45":{"start":{"line":86,"column":6},"end":{"line":86,"column":24}},"46":{"start":{"line":88,"column":4},"end":{"line":88,"column":53}},"47":{"start":{"line":91,"column":2},"end":{"line":98,"column":4}},"48":{"start":{"line":101,"column":37},"end":{"line":111,"column":1}},"49":{"start":{"line":102,"column":16},"end":{"line":102,"column":35}},"50":{"start":{"line":103,"column":2},"end":{"line":109,"column":4}},"51":{"start":{"line":110,"column":2},"end":{"line":110,"column":58}},"52":{"start":{"line":110,"column":22},"end":{"line":110,"column":58}},"53":{"start":{"line":113,"column":30},"end":{"line":116,"column":1}},"54":{"start":{"line":114,"column":15},"end":{"line":114,"column":50}},"55":{"start":{"line":115,"column":2},"end":{"line":115,"column":38}},"56":{"start":{"line":118,"column":36},"end":{"line":138,"column":1}},"57":{"start":{"line":119,"column":15},"end":{"line":119,"column":50}},"58":{"start":{"line":122,"column":2},"end":{"line":122,"column":27}},"59":{"start":{"line":122,"column":20},"end":{"line":122,"column":27}},"60":{"start":{"line":124,"column":16},"end":{"line":124,"column":32}},"61":{"start":{"line":126,"column":14},"end":{"line":126,"column":24}},"62":{"start":{"line":127,"column":19},"end":{"line":127,"column":50}},"63":{"start":{"line":129,"column":18},"end":{"line":135,"column":4}},"64":{"start":{"line":130,"column":19},"end":{"line":130,"column":66}},"65":{"start":{"line":131,"column":4},"end":{"line":133,"column":5}},"66":{"start":{"line":132,"column":6},"end":{"line":132,"column":43}},"67":{"start":{"line":134,"column":4},"end":{"line":134,"column":13}},"68":{"start":{"line":137,"column":2},"end":{"line":137,"column":63}}},"fnMap":{"0":{"name":"(anonymous_0)","decl":{"start":{"line":5,"column":25},"end":{"line":5,"column":26}},"loc":{"start":{"line":6,"column":2},"end":{"line":8,"column":31}},"line":6},"1":{"name":"(anonymous_1)","decl":{"start":{"line":10,"column":31},"end":{"line":10,"column":32}},"loc":{"start":{"line":10,"column":42},"end":{"line":19,"column":1}},"line":10},"2":{"name":"(anonymous_2)","decl":{"start":{"line":12,"column":16},"end":{"line":12,"column":17}},"loc":{"start":{"line":12,"column":23},"end":{"line":17,"column":3}},"line":12},"3":{"name":"(anonymous_3)","decl":{"start":{"line":21,"column":28},"end":{"line":21,"column":29}},"loc":{"start":{"line":21,"column":39},"end":{"line":99,"column":1}},"line":21},"4":{"name":"(anonymous_4)","decl":{"start":{"line":23,"column":38},"end":{"line":23,"column":39}},"loc":{"start":{"line":23,"column":45},"end":{"line":23,"column":64}},"line":23},"5":{"name":"(anonymous_5)","decl":{"start":{"line":24,"column":36},"end":{"line":24,"column":37}},"loc":{"start":{"line":24,"column":48},"end":{"line":24,"column":74}},"line":24},"6":{"name":"(anonymous_6)","decl":{"start":{"line":34,"column":12},"end":{"line":34,"column":13}},"loc":{"start":{"line":34,"column":22},"end":{"line":34,"column":37}},"line":34},"7":{"name":"(anonymous_7)","decl":{"start":{"line":45,"column":6},"end":{"line":45,"column":7}},"loc":{"start":{"line":46,"column":8},"end":{"line":48,"column":61}},"line":46},"8":{"name":"(anonymous_8)","decl":{"start":{"line":73,"column":21},"end":{"line":73,"column":22}},"loc":{"start":{"line":74,"column":6},"end":{"line":76,"column":59}},"line":74},"9":{"name":"(anonymous_9)","decl":{"start":{"line":101,"column":37},"end":{"line":101,"column":38}},"loc":{"start":{"line":101,"column":70},"end":{"line":111,"column":1}},"line":101},"10":{"name":"(anonymous_10)","decl":{"start":{"line":113,"column":30},"end":{"line":113,"column":31}},"loc":{"start":{"line":113,"column":42},"end":{"line":116,"column":1}},"line":113},"11":{"name":"(anonymous_11)","decl":{"start":{"line":118,"column":36},"end":{"line":118,"column":37}},"loc":{"start":{"line":118,"column":48},"end":{"line":138,"column":1}},"line":118},"12":{"name":"(anonymous_12)","decl":{"start":{"line":129,"column":28},"end":{"line":129,"column":29}},"loc":{"start":{"line":129,"column":35},"end":{"line":135,"column":3}},"line":129}},"branchMap":{"0":{"loc":{"start":{"line":6,"column":2},"end":{"line":8,"column":31}},"type":"binary-expr","locations":[{"start":{"line":6,"column":2},"end":{"line":6,"column":39}},{"start":{"line":7,"column":2},"end":{"line":7,"column":33}},{"start":{"line":8,"column":2},"end":{"line":8,"column":31}}],"line":6},"1":{"loc":{"start":{"line":13,"column":4},"end":{"line":13,"column":27}},"type":"if","locations":[{"start":{"line":13,"column":4},"end":{"line":13,"column":27}},{"start":{},"end":{}}],"line":13},"2":{"loc":{"start":{"line":15,"column":4},"end":{"line":15,"column":37}},"type":"if","locations":[{"start":{"line":15,"column":4},"end":{"line":15,"column":37}},{"start":{},"end":{}}],"line":15},"3":{"loc":{"start":{"line":24,"column":55},"end":{"line":24,"column":73}},"type":"binary-expr","locations":[{"start":{"line":24,"column":55},"end":{"line":24,"column":68}},{"start":{"line":24,"column":72},"end":{"line":24,"column":73}}],"line":24},"4":{"loc":{"start":{"line":26,"column":4},"end":{"line":26,"column":71}},"type":"cond-expr","locations":[{"start":{"line":26,"column":21},"end":{"line":26,"column":67}},{"start":{"line":26,"column":70},"end":{"line":26,"column":71}}],"line":26},"5":{"loc":{"start":{"line":46,"column":8},"end":{"line":48,"column":61}},"type":"binary-expr","locations":[{"start":{"line":46,"column":8},"end":{"line":46,"column":27}},{"start":{"line":47,"column":8},"end":{"line":47,"column":32}},{"start":{"line":48,"column":9},"end":{"line":48,"column":31}},{"start":{"line":48,"column":35},"end":{"line":48,"column":60}}],"line":46},"6":{"loc":{"start":{"line":48,"column":36},"end":{"line":48,"column":54}},"type":"binary-expr","locations":[{"start":{"line":48,"column":36},"end":{"line":48,"column":49}},{"start":{"line":48,"column":53},"end":{"line":48,"column":54}}],"line":48},"7":{"loc":{"start":{"line":51,"column":4},"end":{"line":66,"column":5}},"type":"if","locations":[{"start":{"line":51,"column":4},"end":{"line":66,"column":5}},{"start":{"line":63,"column":11},"end":{"line":66,"column":5}}],"line":51},"8":{"loc":{"start":{"line":53,"column":6},"end":{"line":60,"column":7}},"type":"if","locations":[{"start":{"line":53,"column":6},"end":{"line":60,"column":7}},{"start":{"line":58,"column":13},"end":{"line":60,"column":7}}],"line":53},"9":{"loc":{"start":{"line":54,"column":8},"end":{"line":55,"column":65}},"type":"binary-expr","locations":[{"start":{"line":54,"column":8},"end":{"line":54,"column":21}},{"start":{"line":55,"column":8},"end":{"line":55,"column":65}}],"line":54},"10":{"loc":{"start":{"line":70,"column":21},"end":{"line":70,"column":47}},"type":"binary-expr","locations":[{"start":{"line":70,"column":21},"end":{"line":70,"column":41}},{"start":{"line":70,"column":45},"end":{"line":70,"column":47}}],"line":70},"11":{"loc":{"start":{"line":71,"column":2},"end":{"line":89,"column":3}},"type":"if","locations":[{"start":{"line":71,"column":2},"end":{"line":89,"column":3}},{"start":{},"end":{}}],"line":71},"12":{"loc":{"start":{"line":72,"column":4},"end":{"line":77,"column":5}},"type":"binary-expr","locations":[{"start":{"line":72,"column":4},"end":{"line":72,"column":25}},{"start":{"line":73,"column":4},"end":{"line":77,"column":5}}],"line":72},"13":{"loc":{"start":{"line":74,"column":6},"end":{"line":76,"column":59}},"type":"binary-expr","locations":[{"start":{"line":74,"column":6},"end":{"line":74,"column":25}},{"start":{"line":75,"column":6},"end":{"line":75,"column":30}},{"start":{"line":76,"column":7},"end":{"line":76,"column":29}},{"start":{"line":76,"column":33},"end":{"line":76,"column":58}}],"line":74},"14":{"loc":{"start":{"line":76,"column":34},"end":{"line":76,"column":52}},"type":"binary-expr","locations":[{"start":{"line":76,"column":34},"end":{"line":76,"column":47}},{"start":{"line":76,"column":51},"end":{"line":76,"column":52}}],"line":76},"15":{"loc":{"start":{"line":80,"column":4},"end":{"line":87,"column":5}},"type":"if","locations":[{"start":{"line":80,"column":4},"end":{"line":87,"column":5}},{"start":{"line":85,"column":11},"end":{"line":87,"column":5}}],"line":80},"16":{"loc":{"start":{"line":81,"column":6},"end":{"line":82,"column":63}},"type":"binary-expr","locations":[{"start":{"line":81,"column":6},"end":{"line":81,"column":19}},{"start":{"line":82,"column":6},"end":{"line":82,"column":63}}],"line":81},"17":{"loc":{"start":{"line":110,"column":2},"end":{"line":110,"column":58}},"type":"if","locations":[{"start":{"line":110,"column":2},"end":{"line":110,"column":58}},{"start":{},"end":{}}],"line":110},"18":{"loc":{"start":{"line":115,"column":9},"end":{"line":115,"column":37}},"type":"cond-expr","locations":[{"start":{"line":115,"column":16},"end":{"line":115,"column":32}},{"start":{"line":115,"column":35},"end":{"line":115,"column":37}}],"line":115},"19":{"loc":{"start":{"line":122,"column":2},"end":{"line":122,"column":27}},"type":"if","locations":[{"start":{"line":122,"column":2},"end":{"line":122,"column":27}},{"start":{},"end":{}}],"line":122},"20":{"loc":{"start":{"line":131,"column":4},"end":{"line":133,"column":5}},"type":"if","locations":[{"start":{"line":131,"column":4},"end":{"line":133,"column":5}},{"start":{},"end":{}}],"line":131},"21":{"loc":{"start":{"line":131,"column":8},"end":{"line":131,"column":51}},"type":"binary-expr","locations":[{"start":{"line":131,"column":8},"end":{"line":131,"column":25}},{"start":{"line":131,"column":29},"end":{"line":131,"column":51}}],"line":131}},"s":{"0":5,"1":165,"2":5,"3":105,"4":105,"5":138,"6":1,"7":137,"8":137,"9":77,"10":137,"11":105,"12":5,"13":102,"14":102,"15":133,"16":102,"17":133,"18":102,"19":102,"20":102,"21":102,"22":74,"23":102,"24":102,"25":102,"26":102,"27":5,"28":5,"29":5,"30":5,"31":4,"32":4,"33":1,"34":3,"35":4,"36":4,"37":1,"38":1,"39":102,"40":102,"41":79,"42":11,"43":11,"44":0,"45":11,"46":11,"47":102,"48":5,"49":1,"50":1,"51":1,"52":1,"53":5,"54":91,"55":91,"56":5,"57":19,"58":19,"59":4,"60":15,"61":15,"62":15,"63":15,"64":16,"65":16,"66":1,"67":15,"68":15},"f":{"0":165,"1":105,"2":138,"3":102,"4":133,"5":133,"6":74,"7":5,"8":79,"9":1,"10":91,"11":19,"12":16},"b":{"0":[165,165,164],"1":[1,137],"2":[77,60],"3":[133,129],"4":[71,31],"5":[5,2,1,0],"6":[0,0],"7":[4,1],"8":[1,3],"9":[4,1],"10":[102,35],"11":[11,91],"12":[102,67],"13":[79,56,56,0],"14":[0,0],"15":[0,11],"16":[11,0],"17":[1,0],"18":[79,12],"19":[4,15],"20":[1,15],"21":[16,1]},"_coverageSchema":"1a1c01bbd47fc00a2c39e90264f33305004495a9","hash":"3a3fbc9ed8450ddecb0aeb85a9b8fcd2549d5c0b"}
,"/Users/agenorhouessou/Documents/dev/ReactNative/Expo/a-demain/utils/streak.js": {"path":"/Users/agenorhouessou/Documents/dev/ReactNative/Expo/a-demain/utils/streak.js","statementMap":{"0":{"start":{"line":3,"column":19},"end":{"line":3,"column":31}},"1":{"start":{"line":5,"column":14},"end":{"line":12,"column":1}},"2":{"start":{"line":6,"column":12},"end":{"line":6,"column":26}},"3":{"start":{"line":7,"column":2},"end":{"line":11,"column":14}},"4":{"start":{"line":15,"column":15},"end":{"line":15,"column":53}},"5":{"start":{"line":16,"column":2},"end":{"line":16,"column":69}},"6":{"start":{"line":20,"column":49},"end":{"line":20,"column":70}},"7":{"start":{"line":21,"column":19},"end":{"line":21,"column":36}},"8":{"start":{"line":22,"column":23},"end":{"line":22,"column":52}},"9":{"start":{"line":25,"column":2},"end":{"line":25,"column":53}},"10":{"start":{"line":25,"column":33},"end":{"line":25,"column":53}},"11":{"start":{"line":28,"column":4},"end":{"line":28,"column":71}},"12":{"start":{"line":28,"column":51},"end":{"line":28,"column":70}},"13":{"start":{"line":31,"column":2},"end":{"line":35,"column":3}},"14":{"start":{"line":32,"column":4},"end":{"line":32,"column":58}},"15":{"start":{"line":34,"column":4},"end":{"line":34,"column":32}},"16":{"start":{"line":37,"column":2},"end":{"line":40,"column":4}},"17":{"start":{"line":41,"column":2},"end":{"line":41,"column":19}}},"fnMap":{"0":{"name":"(anonymous_0)","decl":{"start":{"line":5,"column":14},"end":{"line":5,"column":15}},"loc":{"start":{"line":5,"column":22},"end":{"line":12,"column":1}},"line":5},"1":{"name":"getStreakData","decl":{"start":{"line":14,"column":22},"end":{"line":14,"column":35}},"loc":{"start":{"line":14,"column":38},"end":{"line":17,"column":1}},"line":14},"2":{"name":"syncStreak","decl":{"start":{"line":19,"column":22},"end":{"line":19,"column":32}},"loc":{"start":{"line":19,"column":45},"end":{"line":42,"column":1}},"line":19},"3":{"name":"(anonymous_3)","decl":{"start":{"line":28,"column":46},"end":{"line":28,"column":47}},"loc":{"start":{"line":28,"column":51},"end":{"line":28,"column":70}},"line":28}},"branchMap":{"0":{"loc":{"start":{"line":16,"column":9},"end":{"line":16,"column":68}},"type":"cond-expr","locations":[{"start":{"line":16,"column":16},"end":{"line":16,"column":32}},{"start":{"line":16,"column":35},"end":{"line":16,"column":68}}],"line":16},"1":{"loc":{"start":{"line":25,"column":2},"end":{"line":25,"column":53}},"type":"if","locations":[{"start":{"line":25,"column":2},"end":{"line":25,"column":53}},{"start":{},"end":{}}],"line":25},"2":{"loc":{"start":{"line":28,"column":4},"end":{"line":28,"column":71}},"type":"binary-expr","locations":[{"start":{"line":28,"column":4},"end":{"line":28,"column":25}},{"start":{"line":28,"column":29},"end":{"line":28,"column":71}}],"line":28},"3":{"loc":{"start":{"line":31,"column":2},"end":{"line":35,"column":3}},"type":"if","locations":[{"start":{"line":31,"column":2},"end":{"line":35,"column":3}},{"start":{"line":33,"column":9},"end":{"line":35,"column":3}}],"line":31},"4":{"loc":{"start":{"line":32,"column":16},"end":{"line":32,"column":57}},"type":"cond-expr","locations":[{"start":{"line":32,"column":26},"end":{"line":32,"column":42}},{"start":{"line":32,"column":45},"end":{"line":32,"column":57}}],"line":32},"5":{"loc":{"start":{"line":34,"column":16},"end":{"line":34,"column":31}},"type":"cond-expr","locations":[{"start":{"line":34,"column":26},"end":{"line":34,"column":27}},{"start":{"line":34,"column":30},"end":{"line":34,"column":31}}],"line":34}},"s":{"0":4,"1":4,"2":104,"3":104,"4":65,"5":65,"6":52,"7":52,"8":52,"9":52,"10":26,"11":26,"12":11,"13":26,"14":4,"15":22,"16":26,"17":26},"f":{"0":104,"1":65,"2":52,"3":11},"b":{"0":[36,29],"1":[26,26],"2":[26,8],"3":[4,22],"4":[2,2],"5":[3,19]},"_coverageSchema":"1a1c01bbd47fc00a2c39e90264f33305004495a9","hash":"a064d8038dec1926929c388e8215078e6d67be6a"}
}
