TN:
SF:App.js
FN:29,RootTabs
FN:33,(anonymous_1)
FN:35,(anonymous_2)
FN:58,App
FN:88,(anonymous_4)
FNF:5
FNH:5
FNDA:5,RootTabs
FNDA:19,(anonymous_1)
FNDA:19,(anonymous_2)
FNDA:5,App
FNDA:5,(anonymous_4)
DA:25,1
DA:26,1
DA:30,5
DA:31,5
DA:33,19
DA:36,19
DA:37,19
DA:38,16
DA:88,5
DA:89,5
DA:92,5
LF:11
LH:11
BRDA:37,0,0,3
BRDA:37,0,1,16
BRDA:42,1,0,6
BRDA:42,1,1,10
BRDA:52,2,0,5
BRDA:52,2,1,4
BRF:6
BRH:6
end_of_record
TN:
SF:assets/Flamme_A_demain.png
FNF:0
FNH:0
DA:1,2
LF:1
LH:1
BRF:0
BRH:0
end_of_record
TN:
SF:assets/Logo_Header.png
FNF:0
FNH:0
DA:1,3
LF:1
LH:1
BRF:0
BRH:0
end_of_record
TN:
SF:components/AnimatedCheckbox.js
FN:16,(anonymous_0)
FN:17,(anonymous_1)
FN:19,getRandomColor
FN:23,AnimatedCheckbox
FN:27,(anonymous_4)
FN:29,(anonymous_5)
FN:32,(anonymous_6)
FN:38,(anonymous_7)
FN:45,(anonymous_8)
FN:46,(anonymous_9)
FN:48,(anonymous_10)
FNF:11
FNH:11
FNDA:7,(anonymous_0)
FNDA:7,(anonymous_1)
FNDA:1288,getRandomColor
FNDA:92,AnimatedCheckbox
FNDA:86,(anonymous_4)
FNDA:12,(anonymous_5)
FNDA:12,(anonymous_6)
FNDA:509,(anonymous_7)
FNDA:184,(anonymous_8)
FNDA:1288,(anonymous_9)
FNDA:7112,(anonymous_10)
DA:14,1
DA:15,1
DA:16,7
DA:17,7
DA:20,1288
DA:24,92
DA:25,92
DA:27,92
DA:28,86
DA:29,12
DA:30,12
DA:32,12
DA:33,12
DA:38,92
DA:39,509
DA:45,92
DA:46,184
DA:47,1288
DA:48,1288
DA:49,7112
DA:50,7112
DA:57,7112
DA:64,7112
DA:77,1288
DA:81,92
DA:107,1
LF:26
LH:26
BRDA:28,0,0,12
BRDA:28,0,1,74
BRDA:87,1,0,15
BRDA:87,1,1,77
BRF:4
BRH:4
end_of_record
TN:
SF:components/CollapsedDeckPreview.js
FN:31,CollapsedDeckPreview
FN:54,(anonymous_1)
FN:126,wrapPressable
FN:139,cardLayerShadow
FNF:4
FNH:4
FNDA:211,CollapsedDeckPreview
FNDA:61,(anonymous_1)
FNDA:211,wrapPressable
FNDA:61,cardLayerShadow
DA:8,2
DA:21,2
DA:23,2
DA:24,2
DA:25,2
DA:38,211
DA:40,169
DA:46,169
DA:49,42
DA:50,42
DA:53,42
DA:55,61
DA:56,61
DA:57,61
DA:58,61
DA:123,42
DA:127,211
DA:128,39
DA:140,61
DA:141,42
DA:146,19
DA:147,19
DA:154,2
LF:23
LH:23
BRDA:34,0,0,6
BRDA:36,1,0,9
BRDA:38,2,0,169
BRDA:38,2,1,42
BRDA:38,3,0,211
BRDA:38,3,1,210
BRDA:56,4,0,61
BRDA:56,4,1,51
BRDA:57,5,0,61
BRDA:57,5,1,42
BRDA:63,6,0,61
BRDA:63,6,1,6
BRDA:69,7,0,6
BRDA:69,7,1,55
BRDA:71,8,0,38
BRDA:71,8,1,17
BRDA:74,9,0,6
BRDA:74,9,1,55
BRDA:76,10,0,38
BRDA:76,10,1,17
BRDA:83,11,0,42
BRDA:83,11,1,19
BRDA:85,12,0,10
BRDA:85,12,1,32
BRDA:98,13,0,42
BRDA:98,13,1,4
BRDA:104,14,0,5
BRDA:104,14,1,37
BRDA:127,15,0,172
BRDA:127,15,1,39
BRDA:140,16,0,42
BRDA:140,16,1,19
BRF:32
BRH:32
end_of_record
TN:
SF:components/TaskItem.js
FN:9,(anonymous_0)
FN:12,(anonymous_1)
FN:13,(anonymous_2)
FN:18,(anonymous_3)
FN:19,(anonymous_4)
FN:44,(anonymous_5)
FN:45,(anonymous_6)
FNF:7
FNH:7
FNDA:69,(anonymous_0)
FNDA:56,(anonymous_1)
FNDA:4,(anonymous_2)
FNDA:56,(anonymous_3)
FNDA:3,(anonymous_4)
FNDA:8,(anonymous_5)
FNDA:3,(anonymous_6)
DA:9,2
DA:10,69
DA:12,69
DA:13,56
DA:18,69
DA:19,56
DA:24,69
DA:44,8
DA:46,3
DA:68,2
LF:10
LH:10
BRDA:29,0,0,56
BRDA:29,0,1,13
BRDA:32,1,0,56
BRDA:32,1,1,13
BRDA:39,2,0,69
BRDA:39,2,1,13
BRDA:46,3,0,2
BRDA:46,3,1,1
BRDA:54,4,0,69
BRDA:54,4,1,13
BRF:10
BRH:10
end_of_record
TN:
SF:components/TimePicker.js
FN:6,(anonymous_0)
FN:9,(anonymous_1)
FN:37,(anonymous_2)
FNF:3
FNH:3
FNDA:15,(anonymous_0)
FNDA:5,(anonymous_1)
FNDA:2,(anonymous_2)
DA:6,2
DA:7,15
DA:9,15
DA:10,5
DA:11,2
DA:19,3
DA:23,15
DA:38,2
DA:39,2
DA:47,2
LF:10
LH:10
BRDA:10,0,0,2
BRDA:10,0,1,3
BRDA:31,1,0,15
BRDA:31,1,1,13
BRDA:31,1,2,3
BRDA:38,2,0,1
BRDA:38,2,1,1
BRF:7
BRH:7
end_of_record
TN:
SF:components/TomorrowTaskItem.js
FN:10,(anonymous_0)
FN:13,(anonymous_1)
FN:20,(anonymous_2)
FN:23,(anonymous_3)
FN:40,(anonymous_4)
FNF:5
FNH:5
FNDA:19,(anonymous_0)
FNDA:2,(anonymous_1)
FNDA:19,(anonymous_2)
FNDA:6,(anonymous_3)
FNDA:3,(anonymous_4)
DA:10,3
DA:11,19
DA:13,19
DA:14,2
DA:15,1
DA:16,1
DA:20,19
DA:21,19
DA:23,6
DA:30,19
DA:40,3
DA:60,3
LF:12
LH:12
BRDA:14,0,0,1
BRDA:14,0,1,1
BRF:2
BRH:2
end_of_record
TN:
SF:screens/HomeScreen.js
FN:39,(anonymous_0)
FN:52,(anonymous_1)
FN:130,(anonymous_2)
FN:134,(anonymous_3)
FN:140,(anonymous_4)
FN:159,(anonymous_5)
FN:163,(anonymous_6)
FN:180,(anonymous_7)
FN:200,(anonymous_8)
FN:203,(anonymous_9)
FN:207,(anonymous_10)
FN:213,(anonymous_11)
FN:216,(anonymous_12)
FN:222,(anonymous_13)
FN:227,(anonymous_14)
FN:235,(anonymous_15)
FN:236,(anonymous_16)
FN:238,(anonymous_17)
FN:245,(anonymous_18)
FN:251,(anonymous_19)
FN:253,(anonymous_20)
FN:256,(anonymous_21)
FN:261,(anonymous_22)
FN:265,(anonymous_23)
FN:268,(anonymous_24)
FN:275,(anonymous_25)
FN:279,(anonymous_26)
FN:283,(anonymous_27)
FN:287,(anonymous_28)
FN:295,(anonymous_29)
FN:296,(anonymous_30)
FN:308,(anonymous_31)
FN:309,(anonymous_32)
FN:321,(anonymous_33)
FN:333,(anonymous_34)
FN:345,(anonymous_35)
FN:347,(anonymous_36)
FN:361,(anonymous_37)
FN:405,(anonymous_38)
FN:441,(anonymous_39)
FN:442,(anonymous_40)
FN:481,(anonymous_41)
FN:492,(anonymous_42)
FN:506,(anonymous_43)
FN:508,(anonymous_44)
FN:539,(anonymous_45)
FN:558,(anonymous_46)
FN:569,(anonymous_47)
FN:587,(anonymous_48)
FNF:49
FNH:49
FNDA:198,(anonymous_0)
FNDA:32,(anonymous_1)
FNDA:82,(anonymous_2)
FNDA:126,(anonymous_3)
FNDA:126,(anonymous_4)
FNDA:6,(anonymous_5)
FNDA:9,(anonymous_6)
FNDA:4,(anonymous_7)
FNDA:3,(anonymous_8)
FNDA:2,(anonymous_9)
FNDA:2,(anonymous_10)
FNDA:3,(anonymous_11)
FNDA:2,(anonymous_12)
FNDA:2,(anonymous_13)
FNDA:3,(anonymous_14)
FNDA:103,(anonymous_15)
FNDA:19,(anonymous_16)
FNDA:69,(anonymous_17)
FNDA:177,(anonymous_18)
FNDA:158,(anonymous_19)
FNDA:119,(anonymous_20)
FNDA:7,(anonymous_21)
FNDA:4,(anonymous_22)
FNDA:3,(anonymous_23)
FNDA:1,(anonymous_24)
FNDA:17,(anonymous_25)
FNDA:1,(anonymous_26)
FNDA:32,(anonymous_27)
FNDA:32,(anonymous_28)
FNDA:79,(anonymous_29)
FNDA:61,(anonymous_30)
FNDA:32,(anonymous_31)
FNDA:32,(anonymous_32)
FNDA:62,(anonymous_33)
FNDA:43,(anonymous_34)
FNDA:33,(anonymous_35)
FNDA:1,(anonymous_36)
FNDA:36,(anonymous_37)
FNDA:1,(anonymous_38)
FNDA:5,(anonymous_39)
FNDA:5,(anonymous_40)
FNDA:119,(anonymous_41)
FNDA:1,(anonymous_42)
FNDA:1,(anonymous_43)
FNDA:1,(anonymous_44)
FNDA:1,(anonymous_45)
FNDA:17,(anonymous_46)
FNDA:1,(anonymous_47)
FNDA:1,(anonymous_48)
DA:39,1
DA:40,198
DA:41,198
DA:42,198
DA:44,198
DA:45,198
DA:46,198
DA:47,198
DA:48,198
DA:49,198
DA:50,198
DA:52,198
DA:53,32
DA:54,32
DA:55,29
DA:56,29
DA:57,28
DA:61,4
DA:62,4
DA:64,4
DA:123,4
DA:125,4
DA:126,4
DA:130,198
DA:131,82
DA:132,82
DA:133,82
DA:134,126
DA:137,82
DA:138,82
DA:139,82
DA:140,126
DA:143,82
DA:144,82
DA:146,82
DA:147,82
DA:148,82
DA:156,82
DA:159,198
DA:160,6
DA:161,6
DA:163,6
DA:164,9
DA:165,5
DA:166,5
DA:168,4
DA:171,6
DA:172,5
DA:175,6
DA:176,6
DA:177,6
DA:180,198
DA:181,4
DA:182,4
DA:183,4
DA:191,4
DA:193,3
DA:194,3
DA:195,3
DA:197,3
DA:200,198
DA:201,3
DA:202,3
DA:203,3
DA:204,3
DA:205,1
DA:207,3
DA:208,3
DA:210,3
DA:213,198
DA:214,3
DA:215,3
DA:216,3
DA:218,3
DA:219,1
DA:222,3
DA:223,3
DA:224,3
DA:227,198
DA:228,3
DA:229,3
DA:230,3
DA:234,198
DA:235,103
DA:236,19
DA:238,198
DA:239,69
DA:240,69
DA:241,69
DA:244,198
DA:245,198
DA:247,198
DA:249,198
DA:251,158
DA:253,198
DA:254,119
DA:257,7
DA:258,6
DA:262,4
DA:263,4
DA:266,3
DA:269,1
DA:270,1
DA:275,198
DA:276,17
DA:279,1
DA:283,198
DA:284,32
DA:287,198
DA:288,32
DA:289,32
DA:290,31
DA:291,31
DA:295,198
DA:296,79
DA:297,61
DA:298,61
DA:299,61
DA:305,79
DA:308,198
DA:309,32
DA:310,32
DA:311,32
DA:314,32
DA:321,198
DA:322,62
DA:323,62
DA:325,62
DA:326,39
DA:327,23
DA:328,23
DA:330,62
DA:333,198
DA:334,43
DA:335,43
DA:337,43
DA:338,35
DA:339,8
DA:340,8
DA:342,43
DA:345,198
DA:346,33
DA:348,1
DA:361,198
DA:362,36
DA:363,4
DA:367,198
DA:405,1
DA:442,5
DA:482,119
DA:492,1
DA:507,1
DA:508,1
DA:539,1
DA:559,17
DA:569,1
DA:587,1
DA:598,1
LF:158
LH:158
BRDA:54,0,0,29
BRDA:54,0,1,3
BRDA:56,1,0,28
BRDA:56,1,1,1
BRDA:125,2,0,4
BRDA:125,2,1,0
BRDA:134,3,0,126
BRDA:134,3,1,113
BRDA:140,4,0,126
BRDA:140,4,1,13
BRDA:161,5,0,5
BRDA:161,5,1,1
BRDA:164,6,0,5
BRDA:164,6,1,4
BRDA:165,7,0,1
BRDA:165,7,1,4
BRDA:171,8,0,5
BRDA:171,8,1,1
BRDA:182,9,0,4
BRDA:182,9,1,0
BRDA:191,10,0,1
BRDA:191,10,1,3
BRDA:194,11,0,3
BRDA:194,11,1,0
BRDA:202,12,0,2
BRDA:202,12,1,1
BRDA:204,13,0,1
BRDA:204,13,1,2
BRDA:215,14,0,2
BRDA:215,14,1,1
BRDA:218,15,0,1
BRDA:218,15,1,2
BRDA:234,16,0,198
BRDA:234,16,1,85
BRDA:234,16,2,12
BRDA:236,17,0,19
BRDA:236,17,1,19
BRDA:247,18,0,113
BRDA:247,18,1,85
BRDA:249,19,0,12
BRDA:249,19,1,186
BRDA:249,20,0,198
BRDA:249,20,1,12
BRDA:257,21,0,6
BRDA:257,21,1,1
BRDA:262,22,0,4
BRDA:262,22,1,0
BRDA:262,23,0,4
BRDA:262,23,1,4
BRDA:266,24,0,3
BRDA:266,24,1,0
BRDA:266,25,0,3
BRDA:266,25,1,3
BRDA:269,26,0,1
BRDA:269,26,1,0
BRDA:269,27,0,1
BRDA:269,27,1,1
BRDA:289,28,0,31
BRDA:289,28,1,1
BRDA:300,29,0,61
BRDA:300,29,1,61
BRDA:300,29,2,61
BRDA:325,30,0,39
BRDA:325,30,1,23
BRDA:327,31,0,23
BRDA:327,31,1,0
BRDA:337,32,0,35
BRDA:337,32,1,8
BRDA:339,33,0,8
BRDA:339,33,1,0
BRDA:348,34,0,1
BRDA:348,34,1,1
BRDA:362,35,0,4
BRDA:362,35,1,32
BRDA:377,36,0,198
BRDA:377,36,1,12
BRDA:392,37,0,198
BRDA:392,37,1,12
BRDA:392,37,2,11
BRDA:439,38,0,198
BRDA:439,38,1,113
BRDA:442,39,0,5
BRDA:442,39,1,5
BRDA:445,40,0,113
BRDA:445,40,1,85
BRDA:450,41,0,113
BRDA:450,41,1,85
BRDA:452,42,0,58
BRDA:452,42,1,27
BRDA:464,43,0,97
BRDA:464,43,1,101
BRDA:473,44,0,97
BRDA:473,44,1,101
BRDA:474,45,0,39
BRDA:474,45,1,58
BRDA:491,46,0,27
BRDA:491,46,1,74
BRDA:504,47,0,198
BRDA:504,47,1,172
BRDA:507,48,0,1
BRDA:507,48,1,1
BRDA:511,49,0,172
BRDA:511,49,1,26
BRDA:516,50,0,172
BRDA:516,50,1,26
BRDA:518,51,0,17
BRDA:518,51,1,9
BRDA:530,52,0,52
BRDA:530,52,1,146
BRDA:550,53,0,52
BRDA:550,53,1,146
BRDA:551,54,0,35
BRDA:551,54,1,17
BRDA:568,55,0,9
BRDA:568,55,1,137
BRDA:577,56,0,198
BRDA:577,56,1,12
BRDA:577,56,2,11
BRDA:601,57,0,0
BRDA:601,57,1,1
BRF:120
BRH:111
end_of_record
TN:
SF:screens/NewTaskScreen.js
FN:28,(anonymous_0)
FN:39,(anonymous_1)
FN:52,(anonymous_2)
FN:57,(anonymous_3)
FN:95,(anonymous_4)
FN:135,(anonymous_5)
FNF:6
FNH:6
FNDA:27,(anonymous_0)
FNDA:6,(anonymous_1)
FNDA:3,(anonymous_2)
FNDA:3,(anonymous_3)
FNDA:16,(anonymous_4)
FNDA:1,(anonymous_5)
DA:28,1
DA:29,27
DA:30,27
DA:31,27
DA:32,27
DA:36,27
DA:37,27
DA:39,27
DA:40,6
DA:41,1
DA:42,1
DA:44,5
DA:45,5
DA:46,5
DA:48,5
DA:51,5
DA:52,3
DA:53,3
DA:57,3
DA:59,2
DA:68,2
DA:71,5
DA:72,2
DA:73,2
DA:74,2
DA:75,1
DA:77,2
DA:78,2
DA:80,3
DA:81,1
DA:82,1
DA:85,5
DA:86,5
DA:88,5
DA:89,3
DA:91,2
DA:95,27
DA:96,16
DA:97,4
DA:98,4
DA:99,4
DA:103,27
DA:136,1
DA:155,1
LF:44
LH:44
BRDA:40,0,0,1
BRDA:40,0,1,5
BRDA:51,1,0,3
BRDA:51,1,1,2
BRDA:53,2,0,3
BRDA:53,2,1,0
BRDA:71,3,0,2
BRDA:71,3,1,3
BRDA:73,4,0,2
BRDA:73,4,1,0
BRDA:74,5,0,1
BRDA:74,5,1,1
BRDA:80,6,0,1
BRDA:80,6,1,2
BRDA:88,7,0,3
BRDA:88,7,1,2
BRDA:96,8,0,4
BRDA:96,8,1,12
BRDA:105,9,0,24
BRDA:105,9,1,3
BRDA:111,10,0,9
BRDA:111,10,1,18
BRDA:125,11,0,5
BRDA:125,11,1,22
BRDA:131,12,0,27
BRDA:131,12,1,5
BRDA:136,13,0,0
BRDA:136,13,1,1
BRDA:144,14,0,9
BRDA:144,14,1,18
BRF:30
BRH:27
end_of_record
TN:
SF:screens/PrivacyPolicyScreen.js
FN:13,(anonymous_0)
FN:14,(anonymous_1)
FN:15,(anonymous_2)
FN:71,(anonymous_3)
FN:86,(anonymous_4)
FNF:5
FNH:5
FNDA:10,(anonymous_0)
FNDA:3,(anonymous_1)
FNDA:1,(anonymous_2)
FNDA:2,(anonymous_3)
FNDA:1,(anonymous_4)
DA:13,1
DA:14,10
DA:15,3
DA:16,1
DA:20,10
DA:71,2
DA:86,1
DA:111,1
LF:8
LH:8
BRDA:26,0,0,1
BRDA:26,0,1,9
BRF:2
BRH:2
end_of_record
TN:
SF:screens/StatsScreen.js
FN:27,(anonymous_0)
FN:39,(anonymous_1)
FN:60,(anonymous_2)
FN:67,(anonymous_3)
FN:77,(anonymous_4)
FN:81,(anonymous_5)
FN:89,(anonymous_6)
FN:92,(anonymous_7)
FN:97,(anonymous_8)
FN:103,(anonymous_9)
FN:108,(anonymous_10)
FN:141,(anonymous_11)
FN:208,(anonymous_12)
FN:275,(anonymous_13)
FNF:14
FNH:14
FNDA:84,(anonymous_0)
FNDA:21,(anonymous_1)
FNDA:11,(anonymous_2)
FNDA:13,(anonymous_3)
FNDA:13,(anonymous_4)
FNDA:21,(anonymous_5)
FNDA:21,(anonymous_6)
FNDA:10,(anonymous_7)
FNDA:3,(anonymous_8)
FNDA:3,(anonymous_9)
FNDA:3,(anonymous_10)
FNDA:21,(anonymous_11)
FNDA:1,(anonymous_12)
FNDA:120,(anonymous_13)
DA:27,1
DA:28,84
DA:39,1
DA:41,21
DA:52,21
DA:53,21
DA:55,21
DA:56,21
DA:57,21
DA:60,21
DA:61,11
DA:62,10
DA:67,21
DA:69,13
DA:70,13
DA:76,13
DA:77,13
DA:81,21
DA:82,21
DA:88,21
DA:89,21
DA:92,21
DA:93,10
DA:94,10
DA:96,10
DA:97,10
DA:98,3
DA:102,10
DA:104,3
DA:108,10
DA:110,10
DA:111,10
DA:117,10
DA:125,10
DA:126,10
DA:128,10
DA:129,10
DA:137,10
DA:138,10
DA:141,21
DA:142,21
DA:164,21
DA:165,21
DA:168,21
DA:208,1
DA:276,120
DA:327,1
LF:47
LH:47
BRDA:61,0,0,10
BRDA:61,0,1,1
BRDA:69,1,0,2
BRDA:69,1,1,11
BRDA:94,2,0,2
BRDA:94,2,1,8
BRDA:98,3,0,3
BRDA:98,3,1,3
BRDA:98,3,2,3
BRDA:104,4,0,3
BRDA:104,4,1,3
BRDA:104,4,2,3
BRDA:126,5,0,10
BRDA:126,5,1,9
BRDA:132,6,0,10
BRDA:132,6,1,9
BRDA:174,7,0,2
BRDA:174,7,1,19
BRDA:193,8,0,21
BRDA:193,8,1,1
BRDA:218,9,0,21
BRDA:218,9,1,2
BRDA:280,10,0,120
BRDA:280,10,1,116
BRDA:283,11,0,4
BRDA:283,11,1,116
BRDA:302,12,0,120
BRDA:302,12,1,116
BRDA:310,13,0,120
BRDA:310,13,1,116
BRDA:314,14,0,4
BRDA:314,14,1,116
BRF:32
BRH:32
end_of_record
TN:
SF:screens/TomorrowScreen.js
FN:19,(anonymous_0)
FN:22,(anonymous_1)
FN:26,(anonymous_2)
FN:34,(anonymous_3)
FN:40,(anonymous_4)
FN:48,(anonymous_5)
FN:52,(anonymous_6)
FN:59,(anonymous_7)
FN:66,(anonymous_8)
FN:70,(anonymous_9)
FN:76,(anonymous_10)
FN:95,(anonymous_11)
FN:108,(anonymous_12)
FNF:13
FNH:13
FNDA:16,(anonymous_0)
FNDA:7,(anonymous_1)
FNDA:16,(anonymous_2)
FNDA:8,(anonymous_3)
FNDA:8,(anonymous_4)
FNDA:2,(anonymous_5)
FNDA:2,(anonymous_6)
FNDA:2,(anonymous_7)
FNDA:4,(anonymous_8)
FNDA:1,(anonymous_9)
FNDA:7,(anonymous_10)
FNDA:8,(anonymous_11)
FNDA:1,(anonymous_12)
DA:19,1
DA:20,16
DA:22,16
DA:23,7
DA:26,16
DA:27,16
DA:28,16
DA:30,16
DA:31,16
DA:33,16
DA:35,8
DA:37,16
DA:40,16
DA:41,8
DA:48,16
DA:49,2
DA:50,2
DA:52,2
DA:54,2
DA:55,1
DA:59,2
DA:60,2
DA:63,2
DA:66,16
DA:67,4
DA:70,1
DA:74,16
DA:76,16
DA:77,7
DA:78,7
DA:82,16
DA:95,8
DA:108,1
DA:119,1
LF:34
LH:34
BRDA:28,0,0,10
BRDA:28,0,1,6
BRDA:35,1,0,8
BRDA:35,1,1,8
BRDA:42,2,0,8
BRDA:42,2,1,8
BRDA:42,2,2,8
BRDA:50,3,0,2
BRDA:50,3,1,0
BRDA:54,4,0,1
BRDA:54,4,1,1
BRDA:77,5,0,7
BRDA:77,5,1,0
BRDA:158,6,0,0
BRDA:158,6,1,1
BRF:15
BRH:12
end_of_record
TN:
SF:utils/achievements.js
FN:9,(anonymous_0)
FN:43,(anonymous_1)
FN:50,(anonymous_2)
FN:57,(anonymous_3)
FN:64,(anonymous_4)
FN:71,(anonymous_5)
FN:78,(anonymous_6)
FN:85,(anonymous_7)
FN:92,(anonymous_8)
FN:99,(anonymous_9)
FN:106,(anonymous_10)
FN:113,(anonymous_11)
FN:120,(anonymous_12)
FN:124,getAchievementMeta
FN:141,saveAchievementMeta
FN:146,recordTaskCompletedOnce
FN:153,recordSnoozeOnce
FN:160,markTomorrowTaskPlanned
FN:166,getUnlockedAchievementIds
FN:176,saveUnlockedIds
FN:183,taskIsDueTomorrow
FN:194,buildAchievementContext
FN:205,(anonymous_22)
FN:215,(anonymous_23)
FN:232,syncAchievementsWithContext
FN:243,(anonymous_25)
FNF:26
FNH:26
FNDA:6,(anonymous_0)
FNDA:12,(anonymous_1)
FNDA:12,(anonymous_2)
FNDA:12,(anonymous_3)
FNDA:12,(anonymous_4)
FNDA:12,(anonymous_5)
FNDA:12,(anonymous_6)
FNDA:12,(anonymous_7)
FNDA:12,(anonymous_8)
FNDA:12,(anonymous_9)
FNDA:12,(anonymous_10)
FNDA:12,(anonymous_11)
FNDA:12,(anonymous_12)
FNDA:26,getAchievementMeta
FNDA:13,saveAchievementMeta
FNDA:5,recordTaskCompletedOnce
FNDA:3,recordSnoozeOnce
FNDA:5,markTomorrowTaskPlanned
FNDA:15,getUnlockedAchievementIds
FNDA:12,saveUnlockedIds
FNDA:9,taskIsDueTomorrow
FNDA:12,buildAchievementContext
FNDA:4,(anonymous_22)
FNDA:5,(anonymous_23)
FNDA:12,syncAchievementsWithContext
FNDA:144,(anonymous_25)
DA:6,4
DA:7,4
DA:9,4
DA:10,6
DA:37,4
DA:43,12
DA:50,12
DA:57,12
DA:64,12
DA:71,12
DA:78,12
DA:85,12
DA:92,12
DA:99,12
DA:106,12
DA:113,12
DA:120,12
DA:125,26
DA:126,26
DA:127,26
DA:128,22
DA:130,4
DA:131,3
DA:137,1
DA:142,13
DA:147,5
DA:148,5
DA:149,5
DA:154,3
DA:155,3
DA:156,3
DA:161,5
DA:162,5
DA:163,5
DA:167,15
DA:168,15
DA:169,15
DA:170,14
DA:172,1
DA:177,12
DA:184,9
DA:185,6
DA:186,6
DA:187,6
DA:188,6
DA:202,12
DA:203,12
DA:204,12
DA:205,4
DA:208,12
DA:213,12
DA:215,5
DA:233,12
DA:235,12
DA:236,144
DA:237,7
DA:241,12
DA:243,144
LF:58
LH:58
BRDA:10,0,0,6
BRDA:10,0,1,6
BRDA:10,0,2,6
BRDA:50,1,0,12
BRDA:50,1,1,10
BRDA:57,2,0,12
BRDA:57,2,1,12
BRDA:64,3,0,12
BRDA:64,3,1,12
BRDA:113,4,0,12
BRDA:113,4,1,2
BRDA:127,5,0,22
BRDA:127,5,1,4
BRDA:132,6,0,3
BRDA:132,6,1,1
BRDA:133,7,0,3
BRDA:133,7,1,2
BRDA:148,8,0,5
BRDA:148,8,1,4
BRDA:155,9,0,3
BRDA:155,9,1,3
BRDA:169,10,0,3
BRDA:169,10,1,12
BRDA:170,11,0,13
BRDA:170,11,1,1
BRDA:183,12,0,7
BRDA:184,13,0,3
BRDA:184,13,1,6
BRDA:205,14,0,4
BRDA:205,14,1,4
BRDA:205,14,2,1
BRDA:209,15,0,12
BRDA:209,15,1,11
BRDA:210,16,0,12
BRDA:210,16,1,10
BRDA:216,17,0,12
BRDA:216,17,1,11
BRDA:217,18,0,12
BRDA:217,18,1,11
BRDA:218,19,0,12
BRDA:218,19,1,12
BRDA:219,20,0,12
BRDA:219,20,1,12
BRDA:220,21,0,12
BRDA:220,21,1,12
BRDA:223,22,0,12
BRDA:223,22,1,10
BRDA:224,23,0,12
BRDA:224,23,1,11
BRDA:236,24,0,7
BRDA:236,24,1,137
BRDA:236,25,0,144
BRDA:236,25,1,144
BRF:53
BRH:53
end_of_record
TN:
SF:utils/applyHomeTaskStatus.js
FN:5,buildTasksAfterStatusChange
FN:13,(anonymous_1)
FN:40,(anonymous_2)
FNF:3
FNH:3
FNDA:9,buildTasksAfterStatusChange
FNDA:11,(anonymous_1)
FNDA:11,(anonymous_2)
DA:13,11
DA:14,9
DA:16,8
DA:17,6
DA:18,6
DA:19,6
DA:21,6
DA:22,2
DA:23,2
DA:27,2
DA:30,6
DA:37,2
DA:40,11
LF:13
LH:13
BRDA:14,0,0,1
BRDA:14,0,1,8
BRDA:16,1,0,6
BRDA:16,1,1,2
BRDA:21,2,0,2
BRDA:21,2,1,4
BRDA:40,3,0,8
BRDA:40,3,1,3
BRF:8
BRH:8
end_of_record
TN:
SF:utils/notificationHelper.js
FN:5,(anonymous_0)
FN:13,scheduleTaskNotification
FN:43,cancelTaskNotification
FN:53,ensureNotificationPermission
FNF:4
FNH:4
FNDA:1,(anonymous_0)
FNDA:4,scheduleTaskNotification
FNDA:3,cancelTaskNotification
FNDA:3,ensureNotificationPermission
DA:4,1
DA:5,1
DA:14,4
DA:16,3
DA:17,3
DA:19,3
DA:20,1
DA:21,1
DA:24,2
DA:25,2
DA:37,1
DA:38,1
DA:44,3
DA:45,2
DA:46,2
DA:48,1
DA:54,3
DA:55,3
DA:56,2
DA:57,2
DA:58,1
DA:62,1
DA:65,2
LF:23
LH:23
BRDA:14,0,0,1
BRDA:14,0,1,3
BRDA:19,1,0,1
BRDA:19,1,1,2
BRDA:44,2,0,2
BRDA:44,2,1,1
BRDA:55,3,0,2
BRDA:55,3,1,1
BRDA:57,4,0,1
BRDA:57,4,1,1
BRF:10
BRH:10
end_of_record
TN:
SF:utils/storage.js
FN:5,(anonymous_0)
FN:10,(anonymous_1)
FN:12,(anonymous_2)
FN:21,(anonymous_3)
FN:23,(anonymous_4)
FN:24,(anonymous_5)
FN:34,(anonymous_6)
FN:45,(anonymous_7)
FN:73,(anonymous_8)
FN:101,(anonymous_9)
FN:113,(anonymous_10)
FN:124,(anonymous_11)
FN:141,(anonymous_12)
FNF:13
FNH:13
FNDA:255,(anonymous_0)
FNDA:179,(anonymous_1)
FNDA:224,(anonymous_2)
FNDA:176,(anonymous_3)
FNDA:219,(anonymous_4)
FNDA:219,(anonymous_5)
FNDA:140,(anonymous_6)
FNDA:11,(anonymous_7)
FNDA:126,(anonymous_8)
FNDA:2,(anonymous_9)
FNDA:159,(anonymous_10)
FNDA:36,(anonymous_11)
FNDA:31,(anonymous_12)
DA:5,4
DA:6,255
DA:10,4
DA:11,179
DA:12,179
DA:13,224
DA:14,223
DA:15,223
DA:16,223
DA:18,179
DA:21,4
DA:22,176
DA:23,219
DA:24,219
DA:26,176
DA:28,176
DA:30,176
DA:33,176
DA:34,140
DA:37,176
DA:38,176
DA:39,176
DA:41,176
DA:42,11
DA:44,11
DA:46,11
DA:51,11
DA:52,9
DA:53,9
DA:57,1
DA:59,8
DA:61,9
DA:62,9
DA:64,2
DA:65,2
DA:70,176
DA:71,176
DA:74,126
DA:79,19
DA:80,19
DA:84,2
DA:86,17
DA:88,19
DA:91,176
DA:101,4
DA:102,2
DA:103,2
DA:110,2
DA:113,4
DA:114,159
DA:115,159
DA:116,147
DA:117,147
DA:118,146
DA:120,1
DA:124,4
DA:125,36
DA:128,36
DA:131,33
DA:132,33
DA:134,2
DA:136,31
DA:138,29
DA:139,29
DA:141,29
DA:142,31
DA:143,31
DA:144,1
DA:146,30
DA:149,29
LF:70
LH:70
BRDA:6,0,0,255
BRDA:6,0,1,255
BRDA:6,0,2,254
BRDA:13,1,0,1
BRDA:13,1,1,223
BRDA:15,2,0,143
BRDA:15,2,1,80
BRDA:24,3,0,219
BRDA:24,3,1,211
BRDA:26,4,0,133
BRDA:26,4,1,43
BRDA:46,5,0,11
BRDA:46,5,1,5
BRDA:46,5,2,4
BRDA:46,5,3,3
BRDA:48,6,0,3
BRDA:48,6,1,1
BRDA:51,7,0,9
BRDA:51,7,1,2
BRDA:53,8,0,1
BRDA:53,8,1,8
BRDA:54,9,0,9
BRDA:54,9,1,1
BRDA:70,10,0,176
BRDA:70,10,1,70
BRDA:71,11,0,19
BRDA:71,11,1,157
BRDA:72,12,0,176
BRDA:72,12,1,106
BRDA:74,13,0,126
BRDA:74,13,1,88
BRDA:74,13,2,88
BRDA:74,13,3,2
BRDA:76,14,0,2
BRDA:76,14,1,1
BRDA:80,15,0,2
BRDA:80,15,1,17
BRDA:81,16,0,19
BRDA:81,16,1,2
BRDA:110,17,0,1
BRDA:110,17,1,1
BRDA:115,18,0,12
BRDA:115,18,1,147
BRDA:115,19,0,159
BRDA:115,19,1,147
BRDA:118,20,0,142
BRDA:118,20,1,4
BRDA:128,21,0,3
BRDA:128,21,1,33
BRDA:136,22,0,2
BRDA:136,22,1,29
BRDA:143,23,0,1
BRDA:143,23,1,30
BRDA:143,24,0,31
BRDA:143,24,1,1
BRF:55
BRH:55
end_of_record
TN:
SF:utils/streak.js
FN:5,(anonymous_0)
FN:14,getStreakData
FN:19,syncStreak
FN:28,(anonymous_3)
FNF:4
FNH:4
FNDA:176,(anonymous_0)
FNDA:102,getStreakData
FNDA:88,syncStreak
FNDA:11,(anonymous_3)
DA:3,3
DA:5,3
DA:6,176
DA:7,176
DA:15,102
DA:16,102
DA:20,88
DA:21,88
DA:22,88
DA:25,88
DA:28,41
DA:31,41
DA:32,4
DA:34,37
DA:37,41
DA:41,41
LF:16
LH:16
BRDA:16,0,0,57
BRDA:16,0,1,45
BRDA:25,1,0,47
BRDA:25,1,1,41
BRDA:28,2,0,41
BRDA:28,2,1,8
BRDA:31,3,0,4
BRDA:31,3,1,37
BRDA:32,4,0,2
BRDA:32,4,1,2
BRDA:34,5,0,3
BRDA:34,5,1,34
BRF:12
BRH:12
end_of_record
TN:
SF:utils/tabBarIcons.js
FN:10,getTabBarIconName
FNF:1
FNH:1
FNDA:24,getTabBarIconName
DA:11,24
DA:13,24
DA:14,8
DA:16,16
DA:17,8
DA:19,8
DA:20,6
DA:22,2
LF:8
LH:8
BRDA:10,0,0,16
BRDA:13,1,0,8
BRDA:13,1,1,16
BRDA:14,2,0,5
BRDA:14,2,1,3
BRDA:16,3,0,8
BRDA:16,3,1,8
BRDA:17,4,0,2
BRDA:17,4,1,6
BRDA:19,5,0,6
BRDA:19,5,1,2
BRDA:19,6,0,8
BRDA:19,6,1,7
BRDA:20,7,0,2
BRDA:20,7,1,4
BRF:15
BRH:15
end_of_record
