TN:
SF:App.js
FN:30,RootTabs
FN:34,(anonymous_1)
FN:36,(anonymous_2)
FN:72,App
FN:102,(anonymous_4)
FNF:5
FNH:5
FNDA:5,RootTabs
FNDA:19,(anonymous_1)
FNDA:19,(anonymous_2)
FNDA:5,App
FNDA:5,(anonymous_4)
DA:26,1
DA:27,1
DA:31,5
DA:32,5
DA:34,19
DA:37,19
DA:38,19
DA:39,16
DA:102,5
DA:103,5
DA:106,5
LF:11
LH:11
BRDA:38,0,0,3
BRDA:38,0,1,16
BRDA:43,1,0,6
BRDA:43,1,1,10
BRDA:61,2,0,5
BRDA:61,2,1,4
BRF:6
BRH:6
end_of_record
TN:
SF:assets/Flamme_A_demain.png
FNF:0
FNH:0
DA:1,3
LF:1
LH:1
BRF:0
BRH:0
end_of_record
TN:
SF:assets/Logo_Header.png
FNF:0
FNH:0
DA:1,4
LF:1
LH:1
BRF:0
BRH:0
end_of_record
TN:
SF:components/AnimatedCheckbox.js
FN:16,(anonymous_0)
FN:17,(anonymous_1)
FN:19,getRandomColor
FN:23,AnimatedCheckbox
FN:27,(anonymous_4)
FN:29,(anonymous_5)
FN:32,(anonymous_6)
FN:38,(anonymous_7)
FN:45,(anonymous_8)
FN:46,(anonymous_9)
FN:48,(anonymous_10)
FNF:11
FNH:11
FNDA:21,(anonymous_0)
FNDA:21,(anonymous_1)
FNDA:1372,getRandomColor
FNDA:98,AnimatedCheckbox
FNDA:92,(anonymous_4)
FNDA:13,(anonymous_5)
FNDA:13,(anonymous_6)
FNDA:581,(anonymous_7)
FNDA:196,(anonymous_8)
FNDA:1372,(anonymous_9)
FNDA:8120,(anonymous_10)
DA:14,3
DA:15,3
DA:16,21
DA:17,21
DA:20,1372
DA:24,98
DA:25,98
DA:27,98
DA:28,92
DA:29,13
DA:30,13
DA:32,13
DA:33,13
DA:38,98
DA:39,581
DA:45,98
DA:46,196
DA:47,1372
DA:48,1372
DA:49,8120
DA:50,8120
DA:57,8120
DA:64,8120
DA:77,1372
DA:81,98
DA:107,3
LF:26
LH:26
BRDA:28,0,0,13
BRDA:28,0,1,79
BRDA:87,1,0,16
BRDA:87,1,1,82
BRF:4
BRH:4
end_of_record
TN:
SF:components/CollapsedDeckPreview.js
FN:31,CollapsedDeckPreview
FN:54,(anonymous_1)
FN:126,wrapPressable
FN:139,cardLayerShadow
FNF:4
FNH:4
FNDA:236,CollapsedDeckPreview
FNDA:66,(anonymous_1)
FNDA:236,wrapPressable
FNDA:66,cardLayerShadow
DA:8,4
DA:21,4
DA:23,4
DA:24,4
DA:25,4
DA:38,236
DA:40,189
DA:46,189
DA:49,47
DA:50,47
DA:53,47
DA:55,66
DA:56,66
DA:57,66
DA:58,66
DA:123,47
DA:127,236
DA:128,44
DA:140,66
DA:141,47
DA:146,19
DA:147,19
DA:154,4
LF:23
LH:23
BRDA:34,0,0,6
BRDA:36,1,0,9
BRDA:38,2,0,189
BRDA:38,2,1,47
BRDA:38,3,0,236
BRDA:38,3,1,235
BRDA:56,4,0,66
BRDA:56,4,1,56
BRDA:57,5,0,66
BRDA:57,5,1,47
BRDA:63,6,0,66
BRDA:63,6,1,7
BRDA:69,7,0,7
BRDA:69,7,1,59
BRDA:71,8,0,42
BRDA:71,8,1,17
BRDA:74,9,0,7
BRDA:74,9,1,59
BRDA:76,10,0,42
BRDA:76,10,1,17
BRDA:83,11,0,47
BRDA:83,11,1,19
BRDA:85,12,0,10
BRDA:85,12,1,37
BRDA:98,13,0,47
BRDA:98,13,1,5
BRDA:104,14,0,5
BRDA:104,14,1,42
BRDA:127,15,0,192
BRDA:127,15,1,44
BRDA:140,16,0,47
BRDA:140,16,1,19
BRF:32
BRH:32
end_of_record
TN:
SF:components/TaskItem.js
FN:9,(anonymous_0)
FN:12,(anonymous_1)
FN:13,(anonymous_2)
FN:18,(anonymous_3)
FN:19,(anonymous_4)
FN:44,(anonymous_5)
FN:45,(anonymous_6)
FNF:7
FNH:7
FNDA:70,(anonymous_0)
FNDA:57,(anonymous_1)
FNDA:5,(anonymous_2)
FNDA:57,(anonymous_3)
FNDA:3,(anonymous_4)
FNDA:8,(anonymous_5)
FNDA:3,(anonymous_6)
DA:9,3
DA:10,70
DA:12,70
DA:13,57
DA:18,70
DA:19,57
DA:24,70
DA:44,8
DA:46,3
DA:68,3
LF:10
LH:10
BRDA:29,0,0,57
BRDA:29,0,1,13
BRDA:32,1,0,57
BRDA:32,1,1,13
BRDA:39,2,0,70
BRDA:39,2,1,13
BRDA:46,3,0,2
BRDA:46,3,1,1
BRDA:54,4,0,70
BRDA:54,4,1,13
BRF:10
BRH:10
end_of_record
TN:
SF:components/TimePicker.js
FN:8,(anonymous_0)
FN:11,(anonymous_1)
FN:44,(anonymous_2)
FNF:3
FNH:3
FNDA:19,(anonymous_0)
FNDA:5,(anonymous_1)
FNDA:2,(anonymous_2)
DA:8,2
DA:9,19
DA:11,19
DA:12,5
DA:13,2
DA:21,3
DA:25,19
DA:45,2
DA:46,2
DA:54,2
LF:10
LH:10
BRDA:12,0,0,2
BRDA:12,0,1,3
BRDA:31,1,0,19
BRDA:31,1,1,0
BRDA:38,2,0,19
BRDA:38,2,1,17
BRDA:38,2,2,3
BRDA:45,3,0,1
BRDA:45,3,1,1
BRF:9
BRH:8
end_of_record
TN:
SF:components/TomorrowTaskItem.js
FN:10,(anonymous_0)
FN:13,(anonymous_1)
FN:20,(anonymous_2)
FN:23,(anonymous_3)
FN:40,(anonymous_4)
FNF:5
FNH:5
FNDA:19,(anonymous_0)
FNDA:2,(anonymous_1)
FNDA:19,(anonymous_2)
FNDA:6,(anonymous_3)
FNDA:3,(anonymous_4)
DA:10,5
DA:11,19
DA:13,19
DA:14,2
DA:15,1
DA:16,1
DA:20,19
DA:21,19
DA:23,6
DA:30,19
DA:40,3
DA:60,5
LF:12
LH:12
BRDA:14,0,0,1
BRDA:14,0,1,1
BRF:2
BRH:2
end_of_record
TN:
SF:i18n/index.js
FN:6,resolveLang
FN:14,getAppLanguage
FN:23,t
FNF:3
FNH:3
FNDA:3045,resolveLang
FNDA:3,getAppLanguage
FNDA:3042,t
DA:4,17
DA:7,3045
DA:8,3045
DA:15,3
DA:24,3042
DA:25,3042
DA:26,3042
DA:27,3042
DA:28,20
DA:29,20
DA:32,3042
DA:36,17
LF:12
LH:12
BRDA:7,0,0,3045
BRDA:7,0,1,0
BRDA:8,1,0,9
BRDA:8,1,1,3036
BRDA:25,2,0,3042
BRDA:25,2,1,0
BRDA:26,3,0,3042
BRDA:26,3,1,1
BRDA:26,3,2,1
BRDA:27,4,0,20
BRDA:27,4,1,3022
BRDA:27,5,0,3042
BRDA:27,5,1,20
BRF:13
BRH:11
end_of_record
TN:
SF:i18n/translations.js
FNF:0
FNH:0
LF:0
LH:0
BRF:0
BRH:0
end_of_record
TN:
SF:i18n/locales/en.js
FNF:0
FNH:0
LF:0
LH:0
BRF:0
BRH:0
end_of_record
TN:
SF:i18n/locales/fr.js
FNF:0
FNH:0
LF:0
LH:0
BRF:0
BRH:0
end_of_record
TN:
SF:screens/HomeScreen.js
FN:40,(anonymous_0)
FN:53,(anonymous_1)
FN:129,(anonymous_2)
FN:133,(anonymous_3)
FN:139,(anonymous_4)
FN:158,(anonymous_5)
FN:162,(anonymous_6)
FN:179,(anonymous_7)
FN:200,(anonymous_8)
FN:203,(anonymous_9)
FN:207,(anonymous_10)
FN:213,(anonymous_11)
FN:216,(anonymous_12)
FN:222,(anonymous_13)
FN:227,(anonymous_14)
FN:235,(anonymous_15)
FN:236,(anonymous_16)
FN:238,(anonymous_17)
FN:245,(anonymous_18)
FN:251,(anonymous_19)
FN:253,(anonymous_20)
FN:256,(anonymous_21)
FN:261,(anonymous_22)
FN:265,(anonymous_23)
FN:268,(anonymous_24)
FN:275,(anonymous_25)
FN:279,(anonymous_26)
FN:283,(anonymous_27)
FN:287,(anonymous_28)
FN:295,(anonymous_29)
FN:296,(anonymous_30)
FN:308,(anonymous_31)
FN:309,(anonymous_32)
FN:321,(anonymous_33)
FN:334,(anonymous_34)
FN:347,(anonymous_35)
FN:349,(anonymous_36)
FN:363,(anonymous_37)
FN:407,(anonymous_38)
FN:443,(anonymous_39)
FN:444,(anonymous_40)
FN:481,(anonymous_41)
FN:492,(anonymous_42)
FN:506,(anonymous_43)
FN:508,(anonymous_44)
FN:539,(anonymous_45)
FN:556,(anonymous_46)
FN:567,(anonymous_47)
FN:585,(anonymous_48)
FNF:49
FNH:49
FNDA:223,(anonymous_0)
FNDA:37,(anonymous_1)
FNDA:92,(anonymous_2)
FNDA:142,(anonymous_3)
FNDA:142,(anonymous_4)
FNDA:6,(anonymous_5)
FNDA:9,(anonymous_6)
FNDA:5,(anonymous_7)
FNDA:3,(anonymous_8)
FNDA:2,(anonymous_9)
FNDA:2,(anonymous_10)
FNDA:3,(anonymous_11)
FNDA:2,(anonymous_12)
FNDA:2,(anonymous_13)
FNDA:3,(anonymous_14)
FNDA:127,(anonymous_15)
FNDA:22,(anonymous_16)
FNDA:79,(anonymous_17)
FNDA:201,(anonymous_18)
FNDA:179,(anonymous_19)
FNDA:135,(anonymous_20)
FNDA:7,(anonymous_21)
FNDA:7,(anonymous_22)
FNDA:4,(anonymous_23)
FNDA:2,(anonymous_24)
FNDA:17,(anonymous_25)
FNDA:1,(anonymous_26)
FNDA:37,(anonymous_27)
FNDA:37,(anonymous_28)
FNDA:89,(anonymous_29)
FNDA:69,(anonymous_30)
FNDA:37,(anonymous_31)
FNDA:37,(anonymous_32)
FNDA:72,(anonymous_33)
FNDA:48,(anonymous_34)
FNDA:38,(anonymous_35)
FNDA:1,(anonymous_36)
FNDA:42,(anonymous_37)
FNDA:1,(anonymous_38)
FNDA:5,(anonymous_39)
FNDA:5,(anonymous_40)
FNDA:135,(anonymous_41)
FNDA:1,(anonymous_42)
FNDA:1,(anonymous_43)
FNDA:1,(anonymous_44)
FNDA:1,(anonymous_45)
FNDA:17,(anonymous_46)
FNDA:1,(anonymous_47)
FNDA:1,(anonymous_48)
DA:40,3
DA:41,223
DA:42,223
DA:43,223
DA:45,223
DA:46,223
DA:47,223
DA:48,223
DA:49,223
DA:50,223
DA:51,223
DA:53,223
DA:54,37
DA:55,37
DA:56,34
DA:57,34
DA:58,33
DA:62,4
DA:63,4
DA:65,4
DA:124,4
DA:126,4
DA:129,223
DA:130,92
DA:131,92
DA:132,92
DA:133,142
DA:136,92
DA:137,92
DA:138,92
DA:139,142
DA:142,92
DA:143,92
DA:145,92
DA:146,92
DA:147,92
DA:155,92
DA:158,223
DA:159,6
DA:160,6
DA:162,6
DA:163,9
DA:164,5
DA:165,5
DA:167,4
DA:170,6
DA:171,5
DA:174,6
DA:175,6
DA:176,6
DA:179,223
DA:180,5
DA:181,5
DA:182,5
DA:190,5
DA:192,3
DA:194,3
DA:195,3
DA:197,3
DA:200,223
DA:201,3
DA:202,3
DA:203,3
DA:204,3
DA:205,1
DA:207,3
DA:208,3
DA:210,3
DA:213,223
DA:214,3
DA:215,3
DA:216,3
DA:218,3
DA:219,1
DA:222,3
DA:223,3
DA:224,3
DA:227,223
DA:228,3
DA:229,3
DA:230,3
DA:234,223
DA:235,127
DA:236,22
DA:238,223
DA:239,79
DA:240,79
DA:241,79
DA:244,223
DA:245,223
DA:247,223
DA:249,223
DA:251,179
DA:253,223
DA:254,135
DA:257,7
DA:258,6
DA:262,7
DA:263,5
DA:266,4
DA:269,2
DA:270,1
DA:275,223
DA:276,17
DA:279,1
DA:283,223
DA:284,37
DA:287,223
DA:288,37
DA:289,37
DA:290,36
DA:291,36
DA:295,223
DA:296,89
DA:297,69
DA:298,69
DA:299,69
DA:305,89
DA:308,223
DA:309,37
DA:310,37
DA:311,37
DA:314,37
DA:321,223
DA:322,72
DA:323,72
DA:326,72
DA:327,44
DA:331,72
DA:334,223
DA:335,48
DA:336,48
DA:339,48
DA:340,40
DA:344,48
DA:347,223
DA:348,38
DA:350,1
DA:363,223
DA:364,42
DA:365,5
DA:369,223
DA:407,1
DA:444,5
DA:482,135
DA:492,1
DA:507,1
DA:508,1
DA:539,1
DA:557,17
DA:567,1
DA:585,1
DA:600,3
LF:153
LH:153
BRDA:55,0,0,34
BRDA:55,0,1,3
BRDA:57,1,0,33
BRDA:57,1,1,1
BRDA:133,2,0,142
BRDA:133,2,1,129
BRDA:139,3,0,142
BRDA:139,3,1,13
BRDA:160,4,0,5
BRDA:160,4,1,1
BRDA:163,5,0,5
BRDA:163,5,1,4
BRDA:164,6,0,1
BRDA:164,6,1,4
BRDA:170,7,0,5
BRDA:170,7,1,1
BRDA:181,8,0,4
BRDA:181,8,1,1
BRDA:190,9,0,2
BRDA:190,9,1,3
BRDA:194,10,0,3
BRDA:202,11,0,2
BRDA:202,11,1,1
BRDA:204,12,0,1
BRDA:204,12,1,2
BRDA:215,13,0,2
BRDA:215,13,1,1
BRDA:218,14,0,1
BRDA:218,14,1,2
BRDA:234,15,0,223
BRDA:234,15,1,100
BRDA:234,15,2,15
BRDA:236,16,0,22
BRDA:236,16,1,22
BRDA:247,17,0,123
BRDA:247,17,1,100
BRDA:249,18,0,15
BRDA:249,18,1,208
BRDA:249,19,0,223
BRDA:249,19,1,15
BRDA:257,20,0,6
BRDA:257,20,1,1
BRDA:262,21,0,5
BRDA:262,21,1,2
BRDA:262,22,0,7
BRDA:262,22,1,6
BRDA:266,23,0,3
BRDA:266,23,1,1
BRDA:266,24,0,4
BRDA:266,24,1,4
BRDA:269,25,0,1
BRDA:269,25,1,1
BRDA:269,26,0,2
BRDA:269,26,1,2
BRDA:289,27,0,36
BRDA:289,27,1,1
BRDA:300,28,0,69
BRDA:300,28,1,69
BRDA:300,28,2,69
BRDA:326,29,0,44
BRDA:339,30,0,40
BRDA:350,31,0,1
BRDA:350,31,1,1
BRDA:364,32,0,5
BRDA:364,32,1,37
BRDA:379,33,0,223
BRDA:379,33,1,15
BRDA:394,34,0,223
BRDA:394,34,1,15
BRDA:394,34,2,14
BRDA:441,35,0,223
BRDA:441,35,1,123
BRDA:444,36,0,5
BRDA:444,36,1,5
BRDA:447,37,0,123
BRDA:447,37,1,100
BRDA:452,38,0,123
BRDA:452,38,1,100
BRDA:454,39,0,68
BRDA:454,39,1,32
BRDA:466,40,0,112
BRDA:466,40,1,111
BRDA:475,41,0,112
BRDA:475,41,1,111
BRDA:476,42,0,44
BRDA:476,42,1,68
BRDA:491,43,0,32
BRDA:491,43,1,79
BRDA:504,44,0,223
BRDA:504,44,1,197
BRDA:507,45,0,1
BRDA:507,45,1,1
BRDA:511,46,0,197
BRDA:511,46,1,26
BRDA:516,47,0,197
BRDA:516,47,1,26
BRDA:518,48,0,17
BRDA:518,48,1,9
BRDA:530,49,0,57
BRDA:530,49,1,166
BRDA:550,50,0,57
BRDA:550,50,1,166
BRDA:551,51,0,40
BRDA:551,51,1,17
BRDA:566,52,0,9
BRDA:566,52,1,157
BRDA:575,53,0,223
BRDA:575,53,1,15
BRDA:575,53,2,14
BRF:109
BRH:109
end_of_record
TN:
SF:screens/NewTaskScreen.js
FN:29,(anonymous_0)
FN:40,(anonymous_1)
FN:53,(anonymous_2)
FN:58,(anonymous_3)
FN:96,(anonymous_4)
FN:135,(anonymous_5)
FNF:6
FNH:6
FNDA:38,(anonymous_0)
FNDA:8,(anonymous_1)
FNDA:5,(anonymous_2)
FNDA:5,(anonymous_3)
FNDA:20,(anonymous_4)
FNDA:3,(anonymous_5)
DA:29,1
DA:30,38
DA:31,38
DA:32,38
DA:33,38
DA:37,38
DA:38,38
DA:40,38
DA:41,8
DA:42,1
DA:43,1
DA:45,7
DA:46,7
DA:47,7
DA:49,7
DA:52,7
DA:53,4
DA:54,5
DA:58,5
DA:60,3
DA:69,3
DA:72,7
DA:73,3
DA:74,3
DA:75,2
DA:76,1
DA:78,2
DA:79,2
DA:81,4
DA:82,1
DA:83,1
DA:86,7
DA:87,7
DA:89,7
DA:90,4
DA:92,3
DA:96,38
DA:97,20
DA:98,6
DA:99,6
DA:100,6
DA:104,38
DA:136,3
DA:137,1
DA:156,1
LF:45
LH:45
BRDA:41,0,0,1
BRDA:41,0,1,7
BRDA:52,1,0,4
BRDA:52,1,1,3
BRDA:54,2,0,4
BRDA:54,2,1,1
BRDA:72,3,0,3
BRDA:72,3,1,4
BRDA:74,4,0,2
BRDA:74,4,1,1
BRDA:75,5,0,1
BRDA:75,5,1,1
BRDA:81,6,0,1
BRDA:81,6,1,3
BRDA:89,7,0,4
BRDA:89,7,1,3
BRDA:97,8,0,6
BRDA:97,8,1,14
BRDA:106,9,0,35
BRDA:106,9,1,3
BRDA:112,10,0,14
BRDA:112,10,1,24
BRDA:126,11,0,9
BRDA:126,11,1,29
BRDA:132,12,0,38
BRDA:132,12,1,9
BRDA:136,13,0,1
BRDA:136,13,1,2
BRDA:145,14,0,14
BRDA:145,14,1,24
BRF:30
BRH:30
end_of_record
TN:
SF:screens/PrivacyPolicyScreen.js
FN:14,(anonymous_0)
FN:15,(anonymous_1)
FN:16,(anonymous_2)
FN:51,(anonymous_3)
FN:71,(anonymous_4)
FNF:5
FNH:5
FNDA:10,(anonymous_0)
FNDA:3,(anonymous_1)
FNDA:1,(anonymous_2)
FNDA:2,(anonymous_3)
FNDA:1,(anonymous_4)
DA:14,1
DA:15,10
DA:16,3
DA:17,1
DA:21,10
DA:51,2
DA:71,1
DA:88,1
LF:8
LH:8
BRDA:27,0,0,1
BRDA:27,0,1,9
BRF:2
BRH:2
end_of_record
TN:
SF:screens/StatsScreen.js
FN:28,(anonymous_0)
FN:40,(anonymous_1)
FN:61,(anonymous_2)
FN:68,(anonymous_3)
FN:78,(anonymous_4)
FN:82,(anonymous_5)
FN:90,(anonymous_6)
FN:93,(anonymous_7)
FN:98,(anonymous_8)
FN:104,(anonymous_9)
FN:109,(anonymous_10)
FN:142,(anonymous_11)
FN:187,(anonymous_12)
FN:258,(anonymous_13)
FNF:14
FNH:14
FNDA:84,(anonymous_0)
FNDA:21,(anonymous_1)
FNDA:11,(anonymous_2)
FNDA:13,(anonymous_3)
FNDA:13,(anonymous_4)
FNDA:21,(anonymous_5)
FNDA:21,(anonymous_6)
FNDA:10,(anonymous_7)
FNDA:3,(anonymous_8)
FNDA:3,(anonymous_9)
FNDA:3,(anonymous_10)
FNDA:21,(anonymous_11)
FNDA:1,(anonymous_12)
FNDA:120,(anonymous_13)
DA:28,1
DA:29,84
DA:40,1
DA:42,21
DA:53,21
DA:54,21
DA:56,21
DA:57,21
DA:58,21
DA:61,21
DA:62,11
DA:63,10
DA:68,21
DA:70,13
DA:71,13
DA:77,13
DA:78,13
DA:82,21
DA:83,21
DA:89,21
DA:90,21
DA:93,21
DA:94,10
DA:95,10
DA:97,10
DA:98,10
DA:99,3
DA:103,10
DA:105,3
DA:109,10
DA:111,10
DA:112,10
DA:118,10
DA:126,10
DA:127,10
DA:129,10
DA:130,10
DA:138,10
DA:139,10
DA:142,21
DA:143,21
DA:144,21
DA:147,21
DA:187,1
DA:259,120
DA:310,1
LF:46
LH:46
BRDA:62,0,0,10
BRDA:62,0,1,1
BRDA:70,1,0,2
BRDA:70,1,1,11
BRDA:95,2,0,2
BRDA:95,2,1,8
BRDA:99,3,0,3
BRDA:99,3,1,3
BRDA:99,3,2,3
BRDA:105,4,0,3
BRDA:105,4,1,3
BRDA:105,4,2,3
BRDA:127,5,0,10
BRDA:127,5,1,9
BRDA:133,6,0,10
BRDA:133,6,1,9
BRDA:153,7,0,2
BRDA:153,7,1,19
BRDA:172,8,0,21
BRDA:172,8,1,1
BRDA:197,9,0,21
BRDA:197,9,1,2
BRDA:263,10,0,120
BRDA:263,10,1,116
BRDA:266,11,0,4
BRDA:266,11,1,116
BRDA:285,12,0,120
BRDA:285,12,1,116
BRDA:293,13,0,120
BRDA:293,13,1,116
BRDA:297,14,0,4
BRDA:297,14,1,116
BRF:32
BRH:32
end_of_record
TN:
SF:screens/TomorrowScreen.js
FN:20,(anonymous_0)
FN:23,(anonymous_1)
FN:27,(anonymous_2)
FN:35,(anonymous_3)
FN:41,(anonymous_4)
FN:49,(anonymous_5)
FN:53,(anonymous_6)
FN:60,(anonymous_7)
FN:67,(anonymous_8)
FN:71,(anonymous_9)
FN:77,(anonymous_10)
FN:96,(anonymous_11)
FN:109,(anonymous_12)
FNF:13
FNH:13
FNDA:16,(anonymous_0)
FNDA:7,(anonymous_1)
FNDA:16,(anonymous_2)
FNDA:8,(anonymous_3)
FNDA:8,(anonymous_4)
FNDA:2,(anonymous_5)
FNDA:2,(anonymous_6)
FNDA:2,(anonymous_7)
FNDA:4,(anonymous_8)
FNDA:1,(anonymous_9)
FNDA:7,(anonymous_10)
FNDA:8,(anonymous_11)
FNDA:1,(anonymous_12)
DA:20,1
DA:21,16
DA:23,16
DA:24,7
DA:27,16
DA:28,16
DA:29,16
DA:31,16
DA:32,16
DA:34,16
DA:36,8
DA:38,16
DA:41,16
DA:42,8
DA:49,16
DA:50,2
DA:51,2
DA:53,2
DA:55,2
DA:56,1
DA:60,2
DA:61,2
DA:64,2
DA:67,16
DA:68,4
DA:71,1
DA:75,16
DA:77,16
DA:78,7
DA:79,7
DA:83,16
DA:96,8
DA:109,1
DA:120,1
LF:34
LH:34
BRDA:29,0,0,10
BRDA:29,0,1,6
BRDA:36,1,0,8
BRDA:36,1,1,8
BRDA:43,2,0,8
BRDA:43,2,1,8
BRDA:43,2,2,8
BRDA:51,3,0,2
BRDA:51,3,1,0
BRDA:55,4,0,1
BRDA:55,4,1,1
BRDA:78,5,0,7
BRDA:78,5,1,0
BRDA:159,6,0,0
BRDA:159,6,1,1
BRF:15
BRH:12
end_of_record
TN:
SF:utils/achievements.js
FN:10,(anonymous_0)
FN:42,(anonymous_1)
FN:47,(anonymous_2)
FN:52,(anonymous_3)
FN:57,(anonymous_4)
FN:62,(anonymous_5)
FN:67,(anonymous_6)
FN:72,(anonymous_7)
FN:77,(anonymous_8)
FN:82,(anonymous_9)
FN:87,(anonymous_10)
FN:92,(anonymous_11)
FN:97,(anonymous_12)
FN:101,getAchievementMeta
FN:118,saveAchievementMeta
FN:123,recordTaskCompletedOnce
FN:130,recordSnoozeOnce
FN:137,markTomorrowTaskPlanned
FN:143,getUnlockedAchievementIds
FN:153,saveUnlockedIds
FN:160,taskIsDueTomorrow
FN:171,buildAchievementContext
FN:182,(anonymous_22)
FN:192,(anonymous_23)
FN:209,syncAchievementsWithContext
FN:220,(anonymous_25)
FNF:26
FNH:26
FNDA:6,(anonymous_0)
FNDA:12,(anonymous_1)
FNDA:12,(anonymous_2)
FNDA:12,(anonymous_3)
FNDA:12,(anonymous_4)
FNDA:12,(anonymous_5)
FNDA:12,(anonymous_6)
FNDA:12,(anonymous_7)
FNDA:12,(anonymous_8)
FNDA:12,(anonymous_9)
FNDA:12,(anonymous_10)
FNDA:12,(anonymous_11)
FNDA:12,(anonymous_12)
FNDA:28,getAchievementMeta
FNDA:15,saveAchievementMeta
FNDA:5,recordTaskCompletedOnce
FNDA:3,recordSnoozeOnce
FNDA:7,markTomorrowTaskPlanned
FNDA:15,getUnlockedAchievementIds
FNDA:12,saveUnlockedIds
FNDA:9,taskIsDueTomorrow
FNDA:12,buildAchievementContext
FNDA:4,(anonymous_22)
FNDA:5,(anonymous_23)
FNDA:12,syncAchievementsWithContext
FNDA:144,(anonymous_25)
DA:7,6
DA:8,6
DA:10,6
DA:11,6
DA:38,6
DA:42,12
DA:47,12
DA:52,12
DA:57,12
DA:62,12
DA:67,12
DA:72,12
DA:77,12
DA:82,12
DA:87,12
DA:92,12
DA:97,12
DA:102,28
DA:103,28
DA:104,28
DA:105,24
DA:107,4
DA:108,3
DA:114,1
DA:119,15
DA:124,5
DA:125,5
DA:126,5
DA:131,3
DA:132,3
DA:133,3
DA:138,7
DA:139,7
DA:140,7
DA:144,15
DA:145,15
DA:146,15
DA:147,14
DA:149,1
DA:154,12
DA:161,9
DA:162,6
DA:163,6
DA:164,6
DA:165,6
DA:179,12
DA:180,12
DA:181,12
DA:182,4
DA:185,12
DA:190,12
DA:192,5
DA:210,12
DA:212,12
DA:213,144
DA:214,7
DA:218,12
DA:220,144
LF:58
LH:58
BRDA:11,0,0,6
BRDA:11,0,1,6
BRDA:11,0,2,6
BRDA:47,1,0,12
BRDA:47,1,1,10
BRDA:52,2,0,12
BRDA:52,2,1,12
BRDA:57,3,0,12
BRDA:57,3,1,12
BRDA:92,4,0,12
BRDA:92,4,1,2
BRDA:104,5,0,24
BRDA:104,5,1,4
BRDA:109,6,0,3
BRDA:109,6,1,1
BRDA:110,7,0,3
BRDA:110,7,1,2
BRDA:125,8,0,5
BRDA:125,8,1,4
BRDA:132,9,0,3
BRDA:132,9,1,3
BRDA:146,10,0,3
BRDA:146,10,1,12
BRDA:147,11,0,13
BRDA:147,11,1,1
BRDA:160,12,0,7
BRDA:161,13,0,3
BRDA:161,13,1,6
BRDA:182,14,0,4
BRDA:182,14,1,4
BRDA:182,14,2,1
BRDA:186,15,0,12
BRDA:186,15,1,11
BRDA:187,16,0,12
BRDA:187,16,1,10
BRDA:193,17,0,12
BRDA:193,17,1,11
BRDA:194,18,0,12
BRDA:194,18,1,11
BRDA:195,19,0,12
BRDA:195,19,1,12
BRDA:196,20,0,12
BRDA:196,20,1,12
BRDA:197,21,0,12
BRDA:197,21,1,12
BRDA:200,22,0,12
BRDA:200,22,1,10
BRDA:201,23,0,12
BRDA:201,23,1,11
BRDA:213,24,0,7
BRDA:213,24,1,137
BRDA:213,25,0,144
BRDA:213,25,1,144
BRF:53
BRH:53
end_of_record
TN:
SF:utils/applyHomeTaskStatus.js
FN:5,buildTasksAfterStatusChange
FN:13,(anonymous_1)
FN:40,(anonymous_2)
FNF:3
FNH:3
FNDA:10,buildTasksAfterStatusChange
FNDA:11,(anonymous_1)
FNDA:11,(anonymous_2)
DA:13,11
DA:14,10
DA:16,8
DA:17,6
DA:18,6
DA:19,6
DA:21,6
DA:22,2
DA:23,2
DA:27,2
DA:30,6
DA:37,2
DA:40,11
LF:13
LH:13
BRDA:14,0,0,2
BRDA:14,0,1,8
BRDA:16,1,0,6
BRDA:16,1,1,2
BRDA:21,2,0,2
BRDA:21,2,1,4
BRDA:40,3,0,8
BRDA:40,3,1,3
BRF:8
BRH:8
end_of_record
TN:
SF:utils/notificationHelper.js
FN:6,(anonymous_0)
FN:14,scheduleTaskNotification
FN:44,cancelTaskNotification
FN:54,ensureNotificationPermission
FNF:4
FNH:4
FNDA:1,(anonymous_0)
FNDA:4,scheduleTaskNotification
FNDA:3,cancelTaskNotification
FNDA:3,ensureNotificationPermission
DA:5,2
DA:6,1
DA:15,4
DA:17,3
DA:18,3
DA:20,3
DA:21,1
DA:22,1
DA:25,2
DA:26,2
DA:38,1
DA:39,1
DA:45,3
DA:46,2
DA:47,2
DA:49,1
DA:55,3
DA:56,3
DA:57,2
DA:58,2
DA:59,1
DA:63,1
DA:66,2
LF:23
LH:23
BRDA:15,0,0,1
BRDA:15,0,1,3
BRDA:20,1,0,1
BRDA:20,1,1,2
BRDA:45,2,0,2
BRDA:45,2,1,1
BRDA:56,3,0,2
BRDA:56,3,1,1
BRDA:58,4,0,1
BRDA:58,4,1,1
BRF:10
BRH:10
end_of_record
TN:
SF:utils/storage.js
FN:5,(anonymous_0)
FN:10,(anonymous_1)
FN:12,(anonymous_2)
FN:21,(anonymous_3)
FN:23,(anonymous_4)
FN:24,(anonymous_5)
FN:34,(anonymous_6)
FN:45,(anonymous_7)
FN:73,(anonymous_8)
FN:101,(anonymous_9)
FN:113,(anonymous_10)
FN:124,(anonymous_11)
FN:141,(anonymous_12)
FNF:13
FNH:13
FNDA:287,(anonymous_0)
FNDA:199,(anonymous_1)
FNDA:256,(anonymous_2)
FNDA:196,(anonymous_3)
FNDA:251,(anonymous_4)
FNDA:251,(anonymous_5)
FNDA:160,(anonymous_6)
FNDA:11,(anonymous_7)
FNDA:158,(anonymous_8)
FNDA:2,(anonymous_9)
FNDA:181,(anonymous_10)
FNDA:41,(anonymous_11)
FNDA:39,(anonymous_12)
DA:5,6
DA:6,287
DA:10,6
DA:11,199
DA:12,199
DA:13,256
DA:14,255
DA:15,255
DA:16,255
DA:18,199
DA:21,6
DA:22,196
DA:23,251
DA:24,251
DA:26,196
DA:28,196
DA:30,196
DA:33,196
DA:34,160
DA:37,196
DA:38,196
DA:39,196
DA:41,196
DA:42,11
DA:44,11
DA:46,11
DA:51,11
DA:52,9
DA:53,9
DA:57,1
DA:59,8
DA:61,9
DA:62,9
DA:64,2
DA:65,2
DA:70,196
DA:71,196
DA:74,158
DA:79,23
DA:80,23
DA:84,2
DA:86,21
DA:88,23
DA:91,196
DA:101,6
DA:102,2
DA:103,2
DA:110,2
DA:113,6
DA:114,181
DA:115,181
DA:116,168
DA:117,168
DA:118,167
DA:120,1
DA:124,6
DA:125,41
DA:128,41
DA:131,38
DA:132,38
DA:134,2
DA:136,36
DA:138,34
DA:139,34
DA:141,34
DA:142,39
DA:143,39
DA:144,1
DA:146,38
DA:149,34
LF:70
LH:70
BRDA:6,0,0,287
BRDA:6,0,1,287
BRDA:6,0,2,286
BRDA:13,1,0,1
BRDA:13,1,1,255
BRDA:15,2,0,163
BRDA:15,2,1,92
BRDA:24,3,0,251
BRDA:24,3,1,243
BRDA:26,4,0,153
BRDA:26,4,1,43
BRDA:46,5,0,11
BRDA:46,5,1,5
BRDA:46,5,2,4
BRDA:46,5,3,3
BRDA:48,6,0,3
BRDA:48,6,1,1
BRDA:51,7,0,9
BRDA:51,7,1,2
BRDA:53,8,0,1
BRDA:53,8,1,8
BRDA:54,9,0,9
BRDA:54,9,1,1
BRDA:70,10,0,196
BRDA:70,10,1,70
BRDA:71,11,0,23
BRDA:71,11,1,173
BRDA:72,12,0,196
BRDA:72,12,1,126
BRDA:74,13,0,158
BRDA:74,13,1,104
BRDA:74,13,2,104
BRDA:74,13,3,2
BRDA:76,14,0,2
BRDA:76,14,1,1
BRDA:80,15,0,2
BRDA:80,15,1,21
BRDA:81,16,0,23
BRDA:81,16,1,2
BRDA:110,17,0,1
BRDA:110,17,1,1
BRDA:115,18,0,13
BRDA:115,18,1,168
BRDA:115,19,0,181
BRDA:115,19,1,168
BRDA:118,20,0,163
BRDA:118,20,1,4
BRDA:128,21,0,3
BRDA:128,21,1,38
BRDA:136,22,0,2
BRDA:136,22,1,34
BRDA:143,23,0,1
BRDA:143,23,1,38
BRDA:143,24,0,39
BRDA:143,24,1,1
BRF:55
BRH:55
end_of_record
TN:
SF:utils/streak.js
FN:5,(anonymous_0)
FN:14,getStreakData
FN:19,syncStreak
FN:28,(anonymous_3)
FNF:4
FNH:4
FNDA:196,(anonymous_0)
FNDA:112,getStreakData
FNDA:98,syncStreak
FNDA:11,(anonymous_3)
DA:3,5
DA:5,5
DA:6,196
DA:7,196
DA:15,112
DA:16,112
DA:20,98
DA:21,98
DA:22,98
DA:25,98
DA:28,46
DA:31,46
DA:32,4
DA:34,42
DA:37,46
DA:41,46
LF:16
LH:16
BRDA:16,0,0,62
BRDA:16,0,1,50
BRDA:25,1,0,52
BRDA:25,1,1,46
BRDA:28,2,0,46
BRDA:28,2,1,8
BRDA:31,3,0,4
BRDA:31,3,1,42
BRDA:32,4,0,2
BRDA:32,4,1,2
BRDA:34,5,0,3
BRDA:34,5,1,39
BRF:12
BRH:12
end_of_record
TN:
SF:utils/tabBarIcons.js
FN:10,getTabBarIconName
FNF:1
FNH:1
FNDA:24,getTabBarIconName
DA:11,24
DA:13,24
DA:14,8
DA:16,16
DA:17,8
DA:19,8
DA:20,6
DA:22,2
LF:8
LH:8
BRDA:10,0,0,16
BRDA:13,1,0,8
BRDA:13,1,1,16
BRDA:14,2,0,5
BRDA:14,2,1,3
BRDA:16,3,0,8
BRDA:16,3,1,8
BRDA:17,4,0,2
BRDA:17,4,1,6
BRDA:19,5,0,6
BRDA:19,5,1,2
BRDA:19,6,0,8
BRDA:19,6,1,7
BRDA:20,7,0,2
BRDA:20,7,1,4
BRF:15
BRH:15
end_of_record
